GAS LISTING /tmp/ccdsdUhO.s 			page 1


   1               		.file	"close.c"
   2               	__SP_H__ = 0x3e
   3               	__SP_L__ = 0x3d
   4               	__SREG__ = 0x3f
   5               	__RAMPZ__ = 0x3b
   6               	__tmp_reg__ = 0
   7               	__zero_reg__ = 1
   8               		.section	.text._close,"ax",@progbits
   9               	.global	_close
  10               		.type	_close, @function
  11               	_close:
  12 0000 CF93      		push r28
  13 0002 DF93      		push r29
  14               	/* prologue: function */
  15               	/* frame size = 0 */
  16               	/* stack size = 2 */
  17               	.L__stack_usage = 2
  18 0004 8830      		cpi r24,8
  19 0006 9105      		cpc r25,__zero_reg__
  20 0008 00F0      		brlo .L2
  21               	.L4:
  22 000a 89E0      		ldi r24,lo8(9)
  23 000c 90E0      		ldi r25,0
  24 000e 9093 0000 		sts errno+1,r25
  25 0012 8093 0000 		sts errno,r24
  26 0016 8FEF      		ldi r24,lo8(-1)
  27 0018 9FEF      		ldi r25,lo8(-1)
  28 001a 00C0      		rjmp .L3
  29               	.L2:
  30 001c 880F      		lsl r24
  31 001e 991F      		rol r25
  32 0020 EC01      		movw r28,r24
  33 0022 C050      		subi r28,lo8(-(__fds))
  34 0024 D040      		sbci r29,hi8(-(__fds))
  35 0026 8881      		ld r24,Y
  36 0028 9981      		ldd r25,Y+1
  37 002a 0097      		sbiw r24,0
  38 002c 01F0      		breq .L4
  39 002e DC01      		movw r26,r24
  40 0030 ED91      		ld r30,X+
  41 0032 FC91      		ld r31,X
  42 0034 1197      		sbiw r26,1
  43 0036 3097      		sbiw r30,0
  44 0038 01F4      		brne .L5
  45 003a 1982      		std Y+1,__zero_reg__
  46 003c 1882      		st Y,__zero_reg__
  47 003e 1796      		adiw r26,7
  48 0040 ED91      		ld r30,X+
  49 0042 FC91      		ld r31,X
  50 0044 1897      		sbiw r26,7+1
  51 0046 40E0      		ldi r20,0
  52 0048 50E0      		ldi r21,0
  53 004a 60E0      		ldi r22,0
  54 004c 70E0      		ldi r23,0
  55               	/* epilogue start */
  56 004e DF91      		pop r29
  57 0050 CF91      		pop r28
GAS LISTING /tmp/ccdsdUhO.s 			page 2


  58 0052 1994      		eijmp
  59               	.L5:
  60 0054 078C      		ldd __tmp_reg__,Z+31
  61 0056 F0A1      		ldd r31,Z+32
  62 0058 E02D      		mov r30,__tmp_reg__
  63 005a 1995      		eicall
  64 005c 1982      		std Y+1,__zero_reg__
  65 005e 1882      		st Y,__zero_reg__
  66               	.L3:
  67               	/* epilogue start */
  68 0060 DF91      		pop r29
  69 0062 CF91      		pop r28
  70 0064 0895      		ret
  71               		.size	_close, .-_close
  72               		.ident	"GCC: (GNU) 5.3.0"
GAS LISTING /tmp/ccdsdUhO.s 			page 3


DEFINED SYMBOLS
                            *ABS*:0000000000000000 close.c
     /tmp/ccdsdUhO.s:2      *ABS*:000000000000003e __SP_H__
     /tmp/ccdsdUhO.s:3      *ABS*:000000000000003d __SP_L__
     /tmp/ccdsdUhO.s:4      *ABS*:000000000000003f __SREG__
     /tmp/ccdsdUhO.s:5      *ABS*:000000000000003b __RAMPZ__
     /tmp/ccdsdUhO.s:6      *ABS*:0000000000000000 __tmp_reg__
     /tmp/ccdsdUhO.s:7      *ABS*:0000000000000001 __zero_reg__
     /tmp/ccdsdUhO.s:11     .text._close:0000000000000000 _close

UNDEFINED SYMBOLS
errno
__fds
