GAS LISTING /tmp/ccSJC8Nk.s 			page 1


   1               		.file	"errno.c"
   2               	__SP_H__ = 0x3e
   3               	__SP_L__ = 0x3d
   4               	__SREG__ = 0x3f
   5               	__RAMPZ__ = 0x3b
   6               	__tmp_reg__ = 0
   7               	__zero_reg__ = 1
   8               		.comm	errno,2,1
   9               		.ident	"GCC: (GNU) 5.3.0"
  10               	.global __do_clear_bss
GAS LISTING /tmp/ccSJC8Nk.s 			page 2


DEFINED SYMBOLS
                            *ABS*:0000000000000000 errno.c
     /tmp/ccSJC8Nk.s:2      *ABS*:000000000000003e __SP_H__
     /tmp/ccSJC8Nk.s:3      *ABS*:000000000000003d __SP_L__
     /tmp/ccSJC8Nk.s:4      *ABS*:000000000000003f __SREG__
     /tmp/ccSJC8Nk.s:5      *ABS*:000000000000003b __RAMPZ__
     /tmp/ccSJC8Nk.s:6      *ABS*:0000000000000000 __tmp_reg__
     /tmp/ccSJC8Nk.s:7      *ABS*:0000000000000001 __zero_reg__
                            *COM*:0000000000000002 errno

UNDEFINED SYMBOLS
__do_clear_bss
