GAS LISTING /tmp/ccyTeynC.s 			page 1


   1               		.file	"fileno.c"
   2               	__SP_H__ = 0x3e
   3               	__SP_L__ = 0x3d
   4               	__SREG__ = 0x3f
   5               	__RAMPZ__ = 0x3b
   6               	__tmp_reg__ = 0
   7               	__zero_reg__ = 1
   8               		.section	.text._fileno,"ax",@progbits
   9               	.global	_fileno
  10               		.type	_fileno, @function
  11               	_fileno:
  12               	/* prologue: function */
  13               	/* frame size = 0 */
  14               	/* stack size = 0 */
  15               	.L__stack_usage = 0
  16 0000 FC01      		movw r30,r24
  17 0002 8081      		ld r24,Z
  18 0004 9181      		ldd r25,Z+1
  19 0006 0895      		ret
  20               		.size	_fileno, .-_fileno
  21               		.ident	"GCC: (GNU) 5.3.0"
GAS LISTING /tmp/ccyTeynC.s 			page 2


DEFINED SYMBOLS
                            *ABS*:0000000000000000 fileno.c
     /tmp/ccyTeynC.s:2      *ABS*:000000000000003e __SP_H__
     /tmp/ccyTeynC.s:3      *ABS*:000000000000003d __SP_L__
     /tmp/ccyTeynC.s:4      *ABS*:000000000000003f __SREG__
     /tmp/ccyTeynC.s:5      *ABS*:000000000000003b __RAMPZ__
     /tmp/ccyTeynC.s:6      *ABS*:0000000000000000 __tmp_reg__
     /tmp/ccyTeynC.s:7      *ABS*:0000000000000001 __zero_reg__
     /tmp/ccyTeynC.s:11     .text._fileno:0000000000000000 _fileno

NO UNDEFINED SYMBOLS
