GAS LISTING /tmp/ccWal0aW.s 			page 1


   1               		.file	"ftell.c"
   2               	__SP_H__ = 0x3e
   3               	__SP_L__ = 0x3d
   4               	__SREG__ = 0x3f
   5               	__RAMPZ__ = 0x3b
   6               	__tmp_reg__ = 0
   7               	__zero_reg__ = 1
   8               		.section	.text.ftell,"ax",@progbits
   9               	.global	ftell
  10               		.type	ftell, @function
  11               	ftell:
  12               	/* prologue: function */
  13               	/* frame size = 0 */
  14               	/* stack size = 0 */
  15               	.L__stack_usage = 0
  16 0000 FC01      		movw r30,r24
  17 0002 8081      		ld r24,Z
  18 0004 9181      		ldd r25,Z+1
  19 0006 0C94 0000 		jmp _tell
  20               		.size	ftell, .-ftell
  21               		.ident	"GCC: (GNU) 5.3.0"
GAS LISTING /tmp/ccWal0aW.s 			page 2


DEFINED SYMBOLS
                            *ABS*:0000000000000000 ftell.c
     /tmp/ccWal0aW.s:2      *ABS*:000000000000003e __SP_H__
     /tmp/ccWal0aW.s:3      *ABS*:000000000000003d __SP_L__
     /tmp/ccWal0aW.s:4      *ABS*:000000000000003f __SREG__
     /tmp/ccWal0aW.s:5      *ABS*:000000000000003b __RAMPZ__
     /tmp/ccWal0aW.s:6      *ABS*:0000000000000000 __tmp_reg__
     /tmp/ccWal0aW.s:7      *ABS*:0000000000000001 __zero_reg__
     /tmp/ccWal0aW.s:11     .text.ftell:0000000000000000 ftell

UNDEFINED SYMBOLS
_tell
