GAS LISTING /tmp/ccjFlmwk.s 			page 1


   1               		.file	"getc.c"
   2               	__SP_H__ = 0x3e
   3               	__SP_L__ = 0x3d
   4               	__SREG__ = 0x3f
   5               	__RAMPZ__ = 0x3b
   6               	__tmp_reg__ = 0
   7               	__zero_reg__ = 1
   8               		.section	.text.getc,"ax",@progbits
   9               	.global	getc
  10               		.type	getc, @function
  11               	getc:
  12               	/* prologue: function */
  13               	/* frame size = 0 */
  14               	/* stack size = 0 */
  15               	.L__stack_usage = 0
  16 0000 0C94 0000 		jmp fgetc
  17               		.size	getc, .-getc
  18               		.ident	"GCC: (GNU) 5.3.0"
GAS LISTING /tmp/ccjFlmwk.s 			page 2


DEFINED SYMBOLS
                            *ABS*:0000000000000000 getc.c
     /tmp/ccjFlmwk.s:2      *ABS*:000000000000003e __SP_H__
     /tmp/ccjFlmwk.s:3      *ABS*:000000000000003d __SP_L__
     /tmp/ccjFlmwk.s:4      *ABS*:000000000000003f __SREG__
     /tmp/ccjFlmwk.s:5      *ABS*:000000000000003b __RAMPZ__
     /tmp/ccjFlmwk.s:6      *ABS*:0000000000000000 __tmp_reg__
     /tmp/ccjFlmwk.s:7      *ABS*:0000000000000001 __zero_reg__
     /tmp/ccjFlmwk.s:11     .text.getc:0000000000000000 getc

UNDEFINED SYMBOLS
fgetc
