GAS LISTING /tmp/ccYh1dLR.s 			page 1


   1               		.file	"ioctl.c"
   2               	__SP_H__ = 0x3e
   3               	__SP_L__ = 0x3d
   4               	__SREG__ = 0x3f
   5               	__RAMPZ__ = 0x3b
   6               	__tmp_reg__ = 0
   7               	__zero_reg__ = 1
   8               		.section	.text._ioctl,"ax",@progbits
   9               	.global	_ioctl
  10               		.type	_ioctl, @function
  11               	_ioctl:
  12               	/* prologue: function */
  13               	/* frame size = 0 */
  14               	/* stack size = 0 */
  15               	.L__stack_usage = 0
  16 0000 8830      		cpi r24,8
  17 0002 9105      		cpc r25,__zero_reg__
  18 0004 00F4      		brsh .L4
  19 0006 880F      		lsl r24
  20 0008 991F      		rol r25
  21 000a FC01      		movw r30,r24
  22 000c E050      		subi r30,lo8(-(__fds))
  23 000e F040      		sbci r31,hi8(-(__fds))
  24 0010 A081      		ld r26,Z
  25 0012 B181      		ldd r27,Z+1
  26 0014 1097      		sbiw r26,0
  27 0016 01F0      		breq .L4
  28 0018 8D91      		ld r24,X+
  29 001a 9C91      		ld r25,X
  30 001c 1197      		sbiw r26,1
  31 001e 0097      		sbiw r24,0
  32 0020 01F4      		brne .L5
  33 0022 1B96      		adiw r26,11
  34 0024 ED91      		ld r30,X+
  35 0026 FC91      		ld r31,X
  36 0028 1C97      		sbiw r26,11+1
  37 002a CD01      		movw r24,r26
  38 002c 00C0      		rjmp .L10
  39               	.L5:
  40 002e DC01      		movw r26,r24
  41 0030 5596      		adiw r26,21
  42 0032 ED91      		ld r30,X+
  43 0034 FC91      		ld r31,X
  44 0036 5697      		sbiw r26,21+1
  45               	.L10:
  46 0038 1994      		eijmp
  47               	.L4:
  48 003a 89E0      		ldi r24,lo8(9)
  49 003c 90E0      		ldi r25,0
  50 003e 9093 0000 		sts errno+1,r25
  51 0042 8093 0000 		sts errno,r24
  52 0046 8FEF      		ldi r24,lo8(-1)
  53 0048 9FEF      		ldi r25,lo8(-1)
  54 004a 0895      		ret
  55               		.size	_ioctl, .-_ioctl
  56               		.ident	"GCC: (GNU) 5.3.0"
GAS LISTING /tmp/ccYh1dLR.s 			page 2


DEFINED SYMBOLS
                            *ABS*:0000000000000000 ioctl.c
     /tmp/ccYh1dLR.s:2      *ABS*:000000000000003e __SP_H__
     /tmp/ccYh1dLR.s:3      *ABS*:000000000000003d __SP_L__
     /tmp/ccYh1dLR.s:4      *ABS*:000000000000003f __SREG__
     /tmp/ccYh1dLR.s:5      *ABS*:000000000000003b __RAMPZ__
     /tmp/ccYh1dLR.s:6      *ABS*:0000000000000000 __tmp_reg__
     /tmp/ccYh1dLR.s:7      *ABS*:0000000000000001 __zero_reg__
     /tmp/ccYh1dLR.s:11     .text._ioctl:0000000000000000 _ioctl

UNDEFINED SYMBOLS
__fds
errno
