GAS LISTING /tmp/cc8ebG5R.s 			page 1


   1               		.file	"putchar.c"
   2               	__SP_H__ = 0x3e
   3               	__SP_L__ = 0x3d
   4               	__SREG__ = 0x3f
   5               	__RAMPZ__ = 0x3b
   6               	__tmp_reg__ = 0
   7               	__zero_reg__ = 1
   8               		.section	.text.putchar,"ax",@progbits
   9               	.global	putchar
  10               		.type	putchar, @function
  11               	putchar:
  12               	/* prologue: function */
  13               	/* frame size = 0 */
  14               	/* stack size = 0 */
  15               	.L__stack_usage = 0
  16 0000 6091 0000 		lds r22,__iob+2
  17 0004 7091 0000 		lds r23,__iob+2+1
  18 0008 0C94 0000 		jmp fputc
  19               		.size	putchar, .-putchar
  20               		.ident	"GCC: (GNU) 5.3.0"
GAS LISTING /tmp/cc8ebG5R.s 			page 2


DEFINED SYMBOLS
                            *ABS*:0000000000000000 putchar.c
     /tmp/cc8ebG5R.s:2      *ABS*:000000000000003e __SP_H__
     /tmp/cc8ebG5R.s:3      *ABS*:000000000000003d __SP_L__
     /tmp/cc8ebG5R.s:4      *ABS*:000000000000003f __SREG__
     /tmp/cc8ebG5R.s:5      *ABS*:000000000000003b __RAMPZ__
     /tmp/cc8ebG5R.s:6      *ABS*:0000000000000000 __tmp_reg__
     /tmp/cc8ebG5R.s:7      *ABS*:0000000000000001 __zero_reg__
     /tmp/cc8ebG5R.s:11     .text.putchar:0000000000000000 putchar

UNDEFINED SYMBOLS
__iob
fputc
