GAS LISTING /tmp/ccyMrsZa.s 			page 1


   1               		.file	"puts_p.c"
   2               	__SP_H__ = 0x3e
   3               	__SP_L__ = 0x3d
   4               	__SREG__ = 0x3f
   5               	__RAMPZ__ = 0x3b
   6               	__tmp_reg__ = 0
   7               	__zero_reg__ = 1
   8               		.section	.text.puts_P,"ax",@progbits
   9               	.global	puts_P
  10               		.type	puts_P, @function
  11               	puts_P:
  12               	/* prologue: function */
  13               	/* frame size = 0 */
  14               	/* stack size = 0 */
  15               	.L__stack_usage = 0
  16 0000 6091 0000 		lds r22,__iob+2
  17 0004 7091 0000 		lds r23,__iob+2+1
  18 0008 0E94 0000 		call fputs_P
  19 000c 8F3F      		cpi r24,-1
  20 000e 2FEF      		ldi r18,-1
  21 0010 9207      		cpc r25,r18
  22 0012 01F0      		breq .L2
  23 0014 6091 0000 		lds r22,__iob+2
  24 0018 7091 0000 		lds r23,__iob+2+1
  25 001c 8AE0      		ldi r24,lo8(10)
  26 001e 90E0      		ldi r25,0
  27 0020 0E94 0000 		call fputc
  28 0024 80E0      		ldi r24,0
  29 0026 90E0      		ldi r25,0
  30               	.L2:
  31 0028 0895      		ret
  32               		.size	puts_P, .-puts_P
  33               		.ident	"GCC: (GNU) 5.3.0"
GAS LISTING /tmp/ccyMrsZa.s 			page 2


DEFINED SYMBOLS
                            *ABS*:0000000000000000 puts_p.c
     /tmp/ccyMrsZa.s:2      *ABS*:000000000000003e __SP_H__
     /tmp/ccyMrsZa.s:3      *ABS*:000000000000003d __SP_L__
     /tmp/ccyMrsZa.s:4      *ABS*:000000000000003f __SREG__
     /tmp/ccyMrsZa.s:5      *ABS*:000000000000003b __RAMPZ__
     /tmp/ccyMrsZa.s:6      *ABS*:0000000000000000 __tmp_reg__
     /tmp/ccyMrsZa.s:7      *ABS*:0000000000000001 __zero_reg__
     /tmp/ccyMrsZa.s:11     .text.puts_P:0000000000000000 puts_P

UNDEFINED SYMBOLS
__iob
fputs_P
fputc
