GAS LISTING /tmp/cc37yROy.s 			page 1


   1               		.file	"ungetc.c"
   2               	__SP_H__ = 0x3e
   3               	__SP_L__ = 0x3d
   4               	__SREG__ = 0x3f
   5               	__RAMPZ__ = 0x3b
   6               	__tmp_reg__ = 0
   7               	__zero_reg__ = 1
   8               		.section	.text.ungetc,"ax",@progbits
   9               	.global	ungetc
  10               		.type	ungetc, @function
  11               	ungetc:
  12               	/* prologue: function */
  13               	/* frame size = 0 */
  14               	/* stack size = 0 */
  15               	.L__stack_usage = 0
  16 0000 FB01      		movw r30,r22
  17 0002 2481      		ldd r18,Z+4
  18 0004 23FD      		sbrc r18,3
  19 0006 00C0      		rjmp .L4
  20 0008 8F3F      		cpi r24,-1
  21 000a 3FEF      		ldi r19,-1
  22 000c 9307      		cpc r25,r19
  23 000e 01F0      		breq .L4
  24 0010 9683      		std Z+6,r25
  25 0012 8583      		std Z+5,r24
  26 0014 2860      		ori r18,lo8(8)
  27 0016 2483      		std Z+4,r18
  28 0018 0895      		ret
  29               	.L4:
  30 001a 8FEF      		ldi r24,lo8(-1)
  31 001c 9FEF      		ldi r25,lo8(-1)
  32 001e 0895      		ret
  33               		.size	ungetc, .-ungetc
  34               		.ident	"GCC: (GNU) 5.3.0"
GAS LISTING /tmp/cc37yROy.s 			page 2


DEFINED SYMBOLS
                            *ABS*:0000000000000000 ungetc.c
     /tmp/cc37yROy.s:2      *ABS*:000000000000003e __SP_H__
     /tmp/cc37yROy.s:3      *ABS*:000000000000003d __SP_L__
     /tmp/cc37yROy.s:4      *ABS*:000000000000003f __SREG__
     /tmp/cc37yROy.s:5      *ABS*:000000000000003b __RAMPZ__
     /tmp/cc37yROy.s:6      *ABS*:0000000000000000 __tmp_reg__
     /tmp/cc37yROy.s:7      *ABS*:0000000000000001 __zero_reg__
     /tmp/cc37yROy.s:11     .text.ungetc:0000000000000000 ungetc

NO UNDEFINED SYMBOLS
