GAS LISTING /tmp/cccvefWA.s 			page 1


   1               		.file	"vfscanf.c"
   2               	__SP_H__ = 0x3e
   3               	__SP_L__ = 0x3d
   4               	__SREG__ = 0x3f
   5               	__RAMPZ__ = 0x3b
   6               	__tmp_reg__ = 0
   7               	__zero_reg__ = 1
   8               		.section	.text.vfscanf,"ax",@progbits
   9               	.global	vfscanf
  10               		.type	vfscanf, @function
  11               	vfscanf:
  12 0000 0F93      		push r16
  13 0002 1F93      		push r17
  14 0004 CF93      		push r28
  15 0006 DF93      		push r29
  16               	/* prologue: function */
  17               	/* frame size = 0 */
  18               	/* stack size = 4 */
  19               	.L__stack_usage = 4
  20 0008 EB01      		movw r28,r22
  21 000a 8A01      		movw r16,r20
  22 000c 0E94 0000 		call _fileno
  23 0010 9801      		movw r18,r16
  24 0012 AE01      		movw r20,r28
  25 0014 BC01      		movw r22,r24
  26 0016 80E0      		ldi r24,lo8(gs(_read))
  27 0018 90E0      		ldi r25,hi8(gs(_read))
  28               	/* epilogue start */
  29 001a DF91      		pop r29
  30 001c CF91      		pop r28
  31 001e 1F91      		pop r17
  32 0020 0F91      		pop r16
  33 0022 0C94 0000 		jmp _getf
  34               		.size	vfscanf, .-vfscanf
  35               		.ident	"GCC: (GNU) 5.3.0"
GAS LISTING /tmp/cccvefWA.s 			page 2


DEFINED SYMBOLS
                            *ABS*:0000000000000000 vfscanf.c
     /tmp/cccvefWA.s:2      *ABS*:000000000000003e __SP_H__
     /tmp/cccvefWA.s:3      *ABS*:000000000000003d __SP_L__
     /tmp/cccvefWA.s:4      *ABS*:000000000000003f __SREG__
     /tmp/cccvefWA.s:5      *ABS*:000000000000003b __RAMPZ__
     /tmp/cccvefWA.s:6      *ABS*:0000000000000000 __tmp_reg__
     /tmp/cccvefWA.s:7      *ABS*:0000000000000001 __zero_reg__
     /tmp/cccvefWA.s:11     .text.vfscanf:0000000000000000 vfscanf

UNDEFINED SYMBOLS
_fileno
_read
_getf
