GAS LISTING /tmp/ccV8fGSz.s 			page 1


   1               		.file	"vsscanf.c"
   2               	__SP_H__ = 0x3e
   3               	__SP_L__ = 0x3d
   4               	__SREG__ = 0x3f
   5               	__RAMPZ__ = 0x3b
   6               	__tmp_reg__ = 0
   7               	__zero_reg__ = 1
   8               		.section	.text._sgetb,"ax",@progbits
   9               		.type	_sgetb, @function
  10               	_sgetb:
  11 0000 CF93      		push r28
  12 0002 DF93      		push r29
  13               	/* prologue: function */
  14               	/* frame size = 0 */
  15               	/* stack size = 2 */
  16               	.L__stack_usage = 2
  17 0004 FB01      		movw r30,r22
  18 0006 20E0      		ldi r18,0
  19 0008 30E0      		ldi r19,0
  20               	.L2:
  21 000a 2417      		cp r18,r20
  22 000c 3507      		cpc r19,r21
  23 000e 01F0      		breq .L6
  24 0010 EC01      		movw r28,r24
  25 0012 A881      		ld r26,Y
  26 0014 B981      		ldd r27,Y+1
  27 0016 6C91      		ld r22,X
  28 0018 6623      		tst r22
  29 001a 01F0      		breq .L8
  30 001c BD01      		movw r22,r26
  31 001e 6F5F      		subi r22,-1
  32 0020 7F4F      		sbci r23,-1
  33 0022 EC01      		movw r28,r24
  34 0024 7983      		std Y+1,r23
  35 0026 6883      		st Y,r22
  36 0028 6C91      		ld r22,X
  37 002a 6193      		st Z+,r22
  38 002c 2F5F      		subi r18,-1
  39 002e 3F4F      		sbci r19,-1
  40 0030 00C0      		rjmp .L2
  41               	.L8:
  42 0032 A901      		movw r20,r18
  43               	.L6:
  44 0034 CA01      		movw r24,r20
  45               	/* epilogue start */
  46 0036 DF91      		pop r29
  47 0038 CF91      		pop r28
  48 003a 0895      		ret
  49               		.size	_sgetb, .-_sgetb
  50               		.section	.text.vsscanf,"ax",@progbits
  51               	.global	vsscanf
  52               		.type	vsscanf, @function
  53               	vsscanf:
  54 0000 CF93      		push r28
  55 0002 DF93      		push r29
  56 0004 1F92      		push __zero_reg__
  57 0006 1F92      		push __zero_reg__
GAS LISTING /tmp/ccV8fGSz.s 			page 2


  58 0008 CDB7      		in r28,__SP_L__
  59 000a DEB7      		in r29,__SP_H__
  60               	/* prologue: function */
  61               	/* frame size = 2 */
  62               	/* stack size = 4 */
  63               	.L__stack_usage = 4
  64 000c 9A01      		movw r18,r20
  65 000e 9A83      		std Y+2,r25
  66 0010 8983      		std Y+1,r24
  67 0012 AB01      		movw r20,r22
  68 0014 BE01      		movw r22,r28
  69 0016 6F5F      		subi r22,-1
  70 0018 7F4F      		sbci r23,-1
  71 001a 80E0      		ldi r24,lo8(gs(_sgetb))
  72 001c 90E0      		ldi r25,hi8(gs(_sgetb))
  73 001e 0E94 0000 		call _getf
  74               	/* epilogue start */
  75 0022 0F90      		pop __tmp_reg__
  76 0024 0F90      		pop __tmp_reg__
  77 0026 DF91      		pop r29
  78 0028 CF91      		pop r28
  79 002a 0895      		ret
  80               		.size	vsscanf, .-vsscanf
  81               		.ident	"GCC: (GNU) 5.3.0"
GAS LISTING /tmp/ccV8fGSz.s 			page 3


DEFINED SYMBOLS
                            *ABS*:0000000000000000 vsscanf.c
     /tmp/ccV8fGSz.s:2      *ABS*:000000000000003e __SP_H__
     /tmp/ccV8fGSz.s:3      *ABS*:000000000000003d __SP_L__
     /tmp/ccV8fGSz.s:4      *ABS*:000000000000003f __SREG__
     /tmp/ccV8fGSz.s:5      *ABS*:000000000000003b __RAMPZ__
     /tmp/ccV8fGSz.s:6      *ABS*:0000000000000000 __tmp_reg__
     /tmp/ccV8fGSz.s:7      *ABS*:0000000000000001 __zero_reg__
     /tmp/ccV8fGSz.s:10     .text._sgetb:0000000000000000 _sgetb
     /tmp/ccV8fGSz.s:53     .text.vsscanf:0000000000000000 vsscanf

UNDEFINED SYMBOLS
_getf
