GAS LISTING /tmp/ccTJ9WYH.s 			page 1


   1               		.file	"lstrcopy.c"
   2               	__SP_H__ = 0x3e
   3               	__SP_L__ = 0x3d
   4               	__SREG__ = 0x3f
   5               	__RAMPZ__ = 0x3b
   6               	__tmp_reg__ = 0
   7               	__zero_reg__ = 1
   8               		.section	.text.LiLiCreateStringItemCopy,"ax",@progbits
   9               	.global	LiLiCreateStringItemCopy
  10               		.type	LiLiCreateStringItemCopy, @function
  11               	LiLiCreateStringItemCopy:
  12               	/* prologue: function */
  13               	/* frame size = 0 */
  14               	/* stack size = 0 */
  15               	.L__stack_usage = 0
  16 0000 0097      		sbiw r24,0
  17 0002 01F0      		breq .L2
  18 0004 0C94 0000 		jmp strdup
  19               	.L2:
  20 0008 80E0      		ldi r24,0
  21 000a 90E0      		ldi r25,0
  22 000c 0895      		ret
  23               		.size	LiLiCreateStringItemCopy, .-LiLiCreateStringItemCopy
  24               		.section	.text.LiLiDestroyStringItemCopy,"ax",@progbits
  25               	.global	LiLiDestroyStringItemCopy
  26               		.type	LiLiDestroyStringItemCopy, @function
  27               	LiLiDestroyStringItemCopy:
  28               	/* prologue: function */
  29               	/* frame size = 0 */
  30               	/* stack size = 0 */
  31               	.L__stack_usage = 0
  32 0000 0097      		sbiw r24,0
  33 0002 01F0      		breq .L4
  34 0004 0C94 0000 		jmp free
  35               	.L4:
  36 0008 0895      		ret
  37               		.size	LiLiDestroyStringItemCopy, .-LiLiDestroyStringItemCopy
  38               		.ident	"GCC: (GNU) 5.3.0"
GAS LISTING /tmp/ccTJ9WYH.s 			page 2


DEFINED SYMBOLS
                            *ABS*:0000000000000000 lstrcopy.c
     /tmp/ccTJ9WYH.s:2      *ABS*:000000000000003e __SP_H__
     /tmp/ccTJ9WYH.s:3      *ABS*:000000000000003d __SP_L__
     /tmp/ccTJ9WYH.s:4      *ABS*:000000000000003f __SREG__
     /tmp/ccTJ9WYH.s:5      *ABS*:000000000000003b __RAMPZ__
     /tmp/ccTJ9WYH.s:6      *ABS*:0000000000000000 __tmp_reg__
     /tmp/ccTJ9WYH.s:7      *ABS*:0000000000000001 __zero_reg__
     /tmp/ccTJ9WYH.s:11     .text.LiLiCreateStringItemCopy:0000000000000000 LiLiCreateStringItemCopy
     /tmp/ccTJ9WYH.s:27     .text.LiLiDestroyStringItemCopy:0000000000000000 LiLiDestroyStringItemCopy

UNDEFINED SYMBOLS
strdup
free
