GAS LISTING /tmp/ccIuNANK.s 			page 1


   1               		.file	"lutil.c"
   2               	__SP_H__ = 0x3e
   3               	__SP_L__ = 0x3d
   4               	__SREG__ = 0x3f
   5               	__RAMPZ__ = 0x3b
   6               	__tmp_reg__ = 0
   7               	__zero_reg__ = 1
   8               		.section	.text.LiLiNodes,"ax",@progbits
   9               	.global	LiLiNodes
  10               		.type	LiLiNodes, @function
  11               	LiLiNodes:
  12               	/* prologue: function */
  13               	/* frame size = 0 */
  14               	/* stack size = 0 */
  15               	.L__stack_usage = 0
  16 0000 DC01      		movw r26,r24
  17 0002 ED91      		ld r30,X+
  18 0004 FC91      		ld r31,X
  19 0006 80E0      		ldi r24,0
  20 0008 90E0      		ldi r25,0
  21               	.L2:
  22 000a 3097      		sbiw r30,0
  23 000c 01F0      		breq .L5
  24 000e 0196      		adiw r24,1
  25 0010 0190      		ld __tmp_reg__,Z+
  26 0012 F081      		ld r31,Z
  27 0014 E02D      		mov r30,__tmp_reg__
  28 0016 00C0      		rjmp .L2
  29               	.L5:
  30               	/* epilogue start */
  31 0018 0895      		ret
  32               		.size	LiLiNodes, .-LiLiNodes
  33               		.ident	"GCC: (GNU) 5.3.0"
GAS LISTING /tmp/ccIuNANK.s 			page 2


DEFINED SYMBOLS
                            *ABS*:0000000000000000 lutil.c
     /tmp/ccIuNANK.s:2      *ABS*:000000000000003e __SP_H__
     /tmp/ccIuNANK.s:3      *ABS*:000000000000003d __SP_L__
     /tmp/ccIuNANK.s:4      *ABS*:000000000000003f __SREG__
     /tmp/ccIuNANK.s:5      *ABS*:000000000000003b __RAMPZ__
     /tmp/ccIuNANK.s:6      *ABS*:0000000000000000 __tmp_reg__
     /tmp/ccIuNANK.s:7      *ABS*:0000000000000001 __zero_reg__
     /tmp/ccIuNANK.s:11     .text.LiLiNodes:0000000000000000 LiLiNodes

NO UNDEFINED SYMBOLS
