GAS LISTING /tmp/ccWLlqGr.s 			page 1


   1               		.file	"ssdpd.c"
   2               	__SP_H__ = 0x3e
   3               	__SP_L__ = 0x3d
   4               	__SREG__ = 0x3f
   5               	__RAMPZ__ = 0x3b
   6               	__tmp_reg__ = 0
   7               	__zero_reg__ = 1
   8               		.section	.rodata.str1.1,"aMS",@progbits,1
   9               	.LC0:
  10 0000 4E4F 5449 		.string	"NOTIFY * HTTP/1.1"
  10      4659 202A 
  10      2048 5454 
  10      502F 312E 
  10      3100 
  11               	.LC1:
  12 0012 3A31 3930 		.string	":1900"
  12      3000 
  13               	.LC2:
  14 0018 484F 5354 		.string	"HOST"
  14      00
  15               	.LC3:
  16 001d 6D61 782D 		.string	"max-age=1800"
  16      6167 653D 
  16      3138 3030 
  16      00
  17               	.LC4:
  18 002a 4341 4348 		.string	"CACHE-CONTROL"
  18      452D 434F 
  18      4E54 524F 
  18      4C00 
  19               	.LC5:
  20 0038 3F00      		.string	"?"
  21               	.LC6:
  22 003a 2F00      		.string	"/"
  23               	.LC7:
  24 003c 6874 7470 		.string	"http://"
  24      3A2F 2F00 
  25               	.LC8:
  26 0044 4C4F 4341 		.string	"LOCATION"
  26      5449 4F4E 
  26      00
  27               	.LC9:
  28 004d 4E75 744F 		.string	"NutOS/5.0, UPnP/1.0, Ethernut/5.0"
  28      532F 352E 
  28      302C 2055 
  28      506E 502F 
  28      312E 302C 
  29               	.LC10:
  30 006f 5345 5256 		.string	"SERVER"
  30      4552 00
  31               		.section	.text.AddNotifyHeaders,"ax",@progbits
  32               		.type	AddNotifyHeaders, @function
  33               	AddNotifyHeaders:
  34 0000 EF92      		push r14
  35 0002 FF92      		push r15
  36 0004 0F93      		push r16
  37 0006 1F93      		push r17
GAS LISTING /tmp/ccWLlqGr.s 			page 2


  38 0008 CF93      		push r28
  39 000a DF93      		push r29
  40 000c 1F92      		push __zero_reg__
  41 000e 1F92      		push __zero_reg__
  42 0010 CDB7      		in r28,__SP_L__
  43 0012 DEB7      		in r29,__SP_H__
  44               	/* prologue: function */
  45               	/* frame size = 2 */
  46               	/* stack size = 8 */
  47               	.L__stack_usage = 8
  48 0014 F82E      		mov r15,r24
  49 0016 E92E      		mov r14,r25
  50 0018 162F      		mov r17,r22
  51 001a 072F      		mov r16,r23
  52 001c 1F92      		push __zero_reg__
  53 001e 1F92      		push __zero_reg__
  54 0020 80E0      		ldi r24,lo8(.LC0)
  55 0022 90E0      		ldi r25,hi8(.LC0)
  56 0024 9F93      		push r25
  57 0026 8F93      		push r24
  58 0028 1F92      		push __zero_reg__
  59 002a 1F92      		push __zero_reg__
  60 002c EF92      		push r14
  61 002e FF92      		push r15
  62 0030 4983      		std Y+1,r20
  63 0032 5A83      		std Y+2,r21
  64 0034 0E94 0000 		call HttpuAddHeader
  65 0038 1F92      		push __zero_reg__
  66 003a 1F92      		push __zero_reg__
  67 003c 80E0      		ldi r24,lo8(.LC1)
  68 003e 90E0      		ldi r25,hi8(.LC1)
  69 0040 9F93      		push r25
  70 0042 8F93      		push r24
  71 0044 80E0      		ldi r24,lo8(ct_239_255_255_250)
  72 0046 90E0      		ldi r25,hi8(ct_239_255_255_250)
  73 0048 9F93      		push r25
  74 004a 8F93      		push r24
  75 004c 80E0      		ldi r24,lo8(.LC2)
  76 004e 90E0      		ldi r25,hi8(.LC2)
  77 0050 9F93      		push r25
  78 0052 8F93      		push r24
  79 0054 EF92      		push r14
  80 0056 FF92      		push r15
  81 0058 0E94 0000 		call HttpuAddHeader
  82 005c 1F92      		push __zero_reg__
  83 005e 1F92      		push __zero_reg__
  84 0060 80E0      		ldi r24,lo8(.LC3)
  85 0062 90E0      		ldi r25,hi8(.LC3)
  86 0064 9F93      		push r25
  87 0066 8F93      		push r24
  88 0068 80E0      		ldi r24,lo8(.LC4)
  89 006a 90E0      		ldi r25,hi8(.LC4)
  90 006c 9F93      		push r25
  91 006e 8F93      		push r24
  92 0070 EF92      		push r14
  93 0072 FF92      		push r15
  94 0074 0E94 0000 		call HttpuAddHeader
GAS LISTING /tmp/ccWLlqGr.s 			page 3


  95 0078 6091 0000 		lds r22,confnet+16
  96 007c 7091 0000 		lds r23,confnet+16+1
  97 0080 8091 0000 		lds r24,confnet+16+2
  98 0084 9091 0000 		lds r25,confnet+16+3
  99 0088 0E94 0000 		call inet_ntoa
 100 008c 1F92      		push __zero_reg__
 101 008e 1F92      		push __zero_reg__
 102 0090 5A81      		ldd r21,Y+2
 103 0092 5F93      		push r21
 104 0094 4981      		ldd r20,Y+1
 105 0096 4F93      		push r20
 106 0098 20E0      		ldi r18,lo8(.LC5)
 107 009a 30E0      		ldi r19,hi8(.LC5)
 108 009c 3F93      		push r19
 109 009e 2F93      		push r18
 110 00a0 0F93      		push r16
 111 00a2 1F93      		push r17
 112 00a4 20E0      		ldi r18,lo8(.LC6)
 113 00a6 30E0      		ldi r19,hi8(.LC6)
 114 00a8 3F93      		push r19
 115 00aa 2F93      		push r18
 116 00ac 9F93      		push r25
 117 00ae 8F93      		push r24
 118 00b0 80E0      		ldi r24,lo8(.LC7)
 119 00b2 90E0      		ldi r25,hi8(.LC7)
 120 00b4 9F93      		push r25
 121 00b6 8F93      		push r24
 122 00b8 80E0      		ldi r24,lo8(.LC8)
 123 00ba 90E0      		ldi r25,hi8(.LC8)
 124 00bc 9F93      		push r25
 125 00be 8F93      		push r24
 126 00c0 EF92      		push r14
 127 00c2 FF92      		push r15
 128 00c4 0E94 0000 		call HttpuAddHeader
 129 00c8 0FB6      		in __tmp_reg__,__SREG__
 130 00ca F894      		cli
 131 00cc DEBF      		out __SP_H__,r29
 132 00ce 0FBE      		out __SREG__,__tmp_reg__
 133 00d0 CDBF      		out __SP_L__,r28
 134 00d2 1F92      		push __zero_reg__
 135 00d4 1F92      		push __zero_reg__
 136 00d6 80E0      		ldi r24,lo8(.LC9)
 137 00d8 90E0      		ldi r25,hi8(.LC9)
 138 00da 9F93      		push r25
 139 00dc 8F93      		push r24
 140 00de 80E0      		ldi r24,lo8(.LC10)
 141 00e0 90E0      		ldi r25,hi8(.LC10)
 142 00e2 9F93      		push r25
 143 00e4 8F93      		push r24
 144 00e6 EF92      		push r14
 145 00e8 FF92      		push r15
 146 00ea 0E94 0000 		call HttpuAddHeader
 147 00ee 0FB6      		in __tmp_reg__,__SREG__
 148 00f0 F894      		cli
 149 00f2 DEBF      		out __SP_H__,r29
 150 00f4 0FBE      		out __SREG__,__tmp_reg__
 151 00f6 CDBF      		out __SP_L__,r28
GAS LISTING /tmp/ccWLlqGr.s 			page 4


 152               	/* epilogue start */
 153 00f8 0F90      		pop __tmp_reg__
 154 00fa 0F90      		pop __tmp_reg__
 155 00fc DF91      		pop r29
 156 00fe CF91      		pop r28
 157 0100 1F91      		pop r17
 158 0102 0F91      		pop r16
 159 0104 FF90      		pop r15
 160 0106 EF90      		pop r14
 161 0108 0895      		ret
 162               		.size	AddNotifyHeaders, .-AddNotifyHeaders
 163               		.section	.rodata.str1.1
 164               	.LC11:
 165 0076 5354 00   		.string	"ST"
 166               	.LC12:
 167 0079 3A3A 00   		.string	"::"
 168               	.LC13:
 169 007c 5553 4E00 		.string	"USN"
 170               	.LC14:
 171 0080 3A31 00   		.string	":1"
 172               	.LC15:
 173 0083 3A64 6576 		.string	":device:"
 173      6963 653A 
 173      00
 174               	.LC16:
 175 008c 7572 6E3A 		.string	"urn:"
 175      00
 176               	.LC17:
 177 0091 3A3A 7572 		.string	"::urn:"
 177      6E3A 00
 178               		.section	.text.SendDeviceNotify,"ax",@progbits
 179               		.type	SendDeviceNotify, @function
 180               	SendDeviceNotify:
 181 0000 CF92      		push r12
 182 0002 DF92      		push r13
 183 0004 EF92      		push r14
 184 0006 FF92      		push r15
 185 0008 0F93      		push r16
 186 000a 1F93      		push r17
 187 000c CF93      		push r28
 188 000e DF93      		push r29
 189               	/* prologue: function */
 190               	/* frame size = 0 */
 191               	/* stack size = 8 */
 192               	.L__stack_usage = 8
 193 0010 8C01      		movw r16,r24
 194 0012 EB01      		movw r28,r22
 195 0014 7A01      		movw r14,r20
 196 0016 64E6      		ldi r22,lo8(100)
 197 0018 70E0      		ldi r23,0
 198 001a 80E0      		ldi r24,0
 199 001c 90E0      		ldi r25,0
 200 001e 0E94 0000 		call NutSleep
 201 0022 4C85      		ldd r20,Y+12
 202 0024 5D85      		ldd r21,Y+13
 203 0026 6885      		ldd r22,Y+8
 204 0028 7985      		ldd r23,Y+9
GAS LISTING /tmp/ccWLlqGr.s 			page 5


 205 002a C801      		movw r24,r16
 206 002c 0E94 0000 		call AddNotifyHeaders
 207 0030 81E0      		ldi r24,1
 208 0032 E816      		cp r14,r24
 209 0034 F104      		cpc r15,__zero_reg__
 210 0036 01F4      		brne .L3
 211 0038 1F92      		push __zero_reg__
 212 003a 1F92      		push __zero_reg__
 213 003c 30E0      		ldi r19,lo8(ct_upnp_rootdevice)
 214 003e E32E      		mov r14,r19
 215 0040 30E0      		ldi r19,hi8(ct_upnp_rootdevice)
 216 0042 F32E      		mov r15,r19
 217 0044 FF92      		push r15
 218 0046 EF92      		push r14
 219 0048 80E0      		ldi r24,lo8(.LC11)
 220 004a 90E0      		ldi r25,hi8(.LC11)
 221 004c 9F93      		push r25
 222 004e 8F93      		push r24
 223 0050 1F93      		push r17
 224 0052 0F93      		push r16
 225 0054 0E94 0000 		call HttpuAddHeader
 226 0058 1F92      		push __zero_reg__
 227 005a 1F92      		push __zero_reg__
 228 005c FF92      		push r15
 229 005e EF92      		push r14
 230 0060 80E0      		ldi r24,lo8(.LC12)
 231 0062 90E0      		ldi r25,hi8(.LC12)
 232 0064 9F93      		push r25
 233 0066 8F93      		push r24
 234 0068 8F81      		ldd r24,Y+7
 235 006a 8F93      		push r24
 236 006c 8E81      		ldd r24,Y+6
 237 006e 8F93      		push r24
 238 0070 80E0      		ldi r24,lo8(ct_uuid_)
 239 0072 90E0      		ldi r25,hi8(ct_uuid_)
 240 0074 9F93      		push r25
 241 0076 8F93      		push r24
 242 0078 80E0      		ldi r24,lo8(.LC13)
 243 007a 90E0      		ldi r25,hi8(.LC13)
 244 007c 9F93      		push r25
 245 007e 8F93      		push r24
 246 0080 1F93      		push r17
 247 0082 0F93      		push r16
 248 0084 0E94 0000 		call HttpuAddHeader
 249 0088 8DB7      		in r24,__SP_L__
 250 008a 9EB7      		in r25,__SP_H__
 251 008c 4696      		adiw r24,22
 252 008e 0FB6      		in __tmp_reg__,__SREG__
 253 0090 F894      		cli
 254 0092 9EBF      		out __SP_H__,r25
 255 0094 0FBE      		out __SREG__,__tmp_reg__
 256 0096 8DBF      		out __SP_L__,r24
 257 0098 00C0      		rjmp .L4
 258               	.L3:
 259 009a 92E0      		ldi r25,2
 260 009c E916      		cp r14,r25
 261 009e F104      		cpc r15,__zero_reg__
GAS LISTING /tmp/ccWLlqGr.s 			page 6


 262 00a0 01F0      		breq .+2
 263 00a2 00C0      		rjmp .L5
 264 00a4 1F92      		push __zero_reg__
 265 00a6 1F92      		push __zero_reg__
 266 00a8 90E0      		ldi r25,lo8(.LC14)
 267 00aa C92E      		mov r12,r25
 268 00ac 90E0      		ldi r25,hi8(.LC14)
 269 00ae D92E      		mov r13,r25
 270 00b0 DF92      		push r13
 271 00b2 CF92      		push r12
 272 00b4 8D85      		ldd r24,Y+13
 273 00b6 8F93      		push r24
 274 00b8 8C85      		ldd r24,Y+12
 275 00ba 8F93      		push r24
 276 00bc 20E0      		ldi r18,lo8(.LC15)
 277 00be E22E      		mov r14,r18
 278 00c0 20E0      		ldi r18,hi8(.LC15)
 279 00c2 F22E      		mov r15,r18
 280 00c4 FF92      		push r15
 281 00c6 EF92      		push r14
 282 00c8 8B85      		ldd r24,Y+11
 283 00ca 8F93      		push r24
 284 00cc 8A85      		ldd r24,Y+10
 285 00ce 8F93      		push r24
 286 00d0 80E0      		ldi r24,lo8(.LC16)
 287 00d2 90E0      		ldi r25,hi8(.LC16)
 288 00d4 9F93      		push r25
 289 00d6 8F93      		push r24
 290 00d8 80E0      		ldi r24,lo8(.LC11)
 291 00da 90E0      		ldi r25,hi8(.LC11)
 292 00dc 9F93      		push r25
 293 00de 8F93      		push r24
 294 00e0 1F93      		push r17
 295 00e2 0F93      		push r16
 296 00e4 0E94 0000 		call HttpuAddHeader
 297 00e8 1F92      		push __zero_reg__
 298 00ea 1F92      		push __zero_reg__
 299 00ec DF92      		push r13
 300 00ee CF92      		push r12
 301 00f0 8D85      		ldd r24,Y+13
 302 00f2 8F93      		push r24
 303 00f4 8C85      		ldd r24,Y+12
 304 00f6 8F93      		push r24
 305 00f8 FF92      		push r15
 306 00fa EF92      		push r14
 307 00fc 8B85      		ldd r24,Y+11
 308 00fe 8F93      		push r24
 309 0100 8A85      		ldd r24,Y+10
 310 0102 8F93      		push r24
 311 0104 80E0      		ldi r24,lo8(.LC17)
 312 0106 90E0      		ldi r25,hi8(.LC17)
 313 0108 9F93      		push r25
 314 010a 8F93      		push r24
 315 010c 8F81      		ldd r24,Y+7
 316 010e 8F93      		push r24
 317 0110 8E81      		ldd r24,Y+6
 318 0112 8F93      		push r24
GAS LISTING /tmp/ccWLlqGr.s 			page 7


 319 0114 80E0      		ldi r24,lo8(ct_uuid_)
 320 0116 90E0      		ldi r25,hi8(ct_uuid_)
 321 0118 9F93      		push r25
 322 011a 8F93      		push r24
 323 011c 80E0      		ldi r24,lo8(.LC13)
 324 011e 90E0      		ldi r25,hi8(.LC13)
 325 0120 9F93      		push r25
 326 0122 8F93      		push r24
 327 0124 1F93      		push r17
 328 0126 0F93      		push r16
 329 0128 0E94 0000 		call HttpuAddHeader
 330 012c 8DB7      		in r24,__SP_L__
 331 012e 9EB7      		in r25,__SP_H__
 332 0130 8496      		adiw r24,36
 333 0132 0FB6      		in __tmp_reg__,__SREG__
 334 0134 F894      		cli
 335 0136 9EBF      		out __SP_H__,r25
 336 0138 0FBE      		out __SREG__,__tmp_reg__
 337 013a 8DBF      		out __SP_L__,r24
 338 013c 00C0      		rjmp .L4
 339               	.L5:
 340 013e 1F92      		push __zero_reg__
 341 0140 1F92      		push __zero_reg__
 342 0142 8F81      		ldd r24,Y+7
 343 0144 8F93      		push r24
 344 0146 8E81      		ldd r24,Y+6
 345 0148 8F93      		push r24
 346 014a 80E0      		ldi r24,lo8(ct_uuid_)
 347 014c E82E      		mov r14,r24
 348 014e 80E0      		ldi r24,hi8(ct_uuid_)
 349 0150 F82E      		mov r15,r24
 350 0152 FF92      		push r15
 351 0154 EF92      		push r14
 352 0156 80E0      		ldi r24,lo8(.LC11)
 353 0158 90E0      		ldi r25,hi8(.LC11)
 354 015a 9F93      		push r25
 355 015c 8F93      		push r24
 356 015e 1F93      		push r17
 357 0160 0F93      		push r16
 358 0162 0E94 0000 		call HttpuAddHeader
 359 0166 1F92      		push __zero_reg__
 360 0168 1F92      		push __zero_reg__
 361 016a 8F81      		ldd r24,Y+7
 362 016c 8F93      		push r24
 363 016e 8E81      		ldd r24,Y+6
 364 0170 8F93      		push r24
 365 0172 FF92      		push r15
 366 0174 EF92      		push r14
 367 0176 80E0      		ldi r24,lo8(.LC13)
 368 0178 90E0      		ldi r25,hi8(.LC13)
 369 017a 9F93      		push r25
 370 017c 8F93      		push r24
 371 017e 1F93      		push r17
 372 0180 0F93      		push r16
 373 0182 0E94 0000 		call HttpuAddHeader
 374 0186 8DB7      		in r24,__SP_L__
 375 0188 9EB7      		in r25,__SP_H__
GAS LISTING /tmp/ccWLlqGr.s 			page 8


 376 018a 4496      		adiw r24,20
 377 018c 0FB6      		in __tmp_reg__,__SREG__
 378 018e F894      		cli
 379 0190 9EBF      		out __SP_H__,r25
 380 0192 0FBE      		out __SREG__,__tmp_reg__
 381 0194 8DBF      		out __SP_L__,r24
 382               	.L4:
 383 0196 80E0      		ldi r24,lo8(ct_239_255_255_250)
 384 0198 90E0      		ldi r25,hi8(ct_239_255_255_250)
 385 019a 0E94 0000 		call inet_addr
 386 019e AB01      		movw r20,r22
 387 01a0 BC01      		movw r22,r24
 388 01a2 2CE6      		ldi r18,lo8(108)
 389 01a4 37E0      		ldi r19,lo8(7)
 390 01a6 C801      		movw r24,r16
 391               	/* epilogue start */
 392 01a8 DF91      		pop r29
 393 01aa CF91      		pop r28
 394 01ac 1F91      		pop r17
 395 01ae 0F91      		pop r16
 396 01b0 FF90      		pop r15
 397 01b2 EF90      		pop r14
 398 01b4 DF90      		pop r13
 399 01b6 CF90      		pop r12
 400 01b8 0C94 0000 		jmp HttpuSend
 401               		.size	SendDeviceNotify, .-SendDeviceNotify
 402               		.section	.rodata.str1.1
 403               	.LC18:
 404 0098 4854 5450 		.string	"HTTP/1.1 200 OK"
 404      2F31 2E31 
 404      2032 3030 
 404      204F 4B00 
 405               	.LC19:
 406 00a8 4558 5400 		.string	"EXT"
 407               		.section	.text.AddResponseHeaders,"ax",@progbits
 408               		.type	AddResponseHeaders, @function
 409               	AddResponseHeaders:
 410 0000 EF92      		push r14
 411 0002 FF92      		push r15
 412 0004 0F93      		push r16
 413 0006 1F93      		push r17
 414 0008 CF93      		push r28
 415 000a DF93      		push r29
 416 000c 1F92      		push __zero_reg__
 417 000e 1F92      		push __zero_reg__
 418 0010 CDB7      		in r28,__SP_L__
 419 0012 DEB7      		in r29,__SP_H__
 420               	/* prologue: function */
 421               	/* frame size = 2 */
 422               	/* stack size = 8 */
 423               	.L__stack_usage = 8
 424 0014 F82E      		mov r15,r24
 425 0016 E92E      		mov r14,r25
 426 0018 162F      		mov r17,r22
 427 001a 072F      		mov r16,r23
 428 001c 1F92      		push __zero_reg__
 429 001e 1F92      		push __zero_reg__
GAS LISTING /tmp/ccWLlqGr.s 			page 9


 430 0020 80E0      		ldi r24,lo8(.LC18)
 431 0022 90E0      		ldi r25,hi8(.LC18)
 432 0024 9F93      		push r25
 433 0026 8F93      		push r24
 434 0028 1F92      		push __zero_reg__
 435 002a 1F92      		push __zero_reg__
 436 002c EF92      		push r14
 437 002e FF92      		push r15
 438 0030 4983      		std Y+1,r20
 439 0032 5A83      		std Y+2,r21
 440 0034 0E94 0000 		call HttpuAddHeader
 441 0038 1F92      		push __zero_reg__
 442 003a 1F92      		push __zero_reg__
 443 003c 80E0      		ldi r24,lo8(.LC3)
 444 003e 90E0      		ldi r25,hi8(.LC3)
 445 0040 9F93      		push r25
 446 0042 8F93      		push r24
 447 0044 80E0      		ldi r24,lo8(.LC4)
 448 0046 90E0      		ldi r25,hi8(.LC4)
 449 0048 9F93      		push r25
 450 004a 8F93      		push r24
 451 004c EF92      		push r14
 452 004e FF92      		push r15
 453 0050 0E94 0000 		call HttpuAddHeader
 454 0054 1F92      		push __zero_reg__
 455 0056 1F92      		push __zero_reg__
 456 0058 80E0      		ldi r24,lo8(.LC19)
 457 005a 90E0      		ldi r25,hi8(.LC19)
 458 005c 9F93      		push r25
 459 005e 8F93      		push r24
 460 0060 EF92      		push r14
 461 0062 FF92      		push r15
 462 0064 0E94 0000 		call HttpuAddHeader
 463 0068 6091 0000 		lds r22,confnet+16
 464 006c 7091 0000 		lds r23,confnet+16+1
 465 0070 8091 0000 		lds r24,confnet+16+2
 466 0074 9091 0000 		lds r25,confnet+16+3
 467 0078 0E94 0000 		call inet_ntoa
 468 007c 1F92      		push __zero_reg__
 469 007e 1F92      		push __zero_reg__
 470 0080 5A81      		ldd r21,Y+2
 471 0082 5F93      		push r21
 472 0084 4981      		ldd r20,Y+1
 473 0086 4F93      		push r20
 474 0088 20E0      		ldi r18,lo8(.LC5)
 475 008a 30E0      		ldi r19,hi8(.LC5)
 476 008c 3F93      		push r19
 477 008e 2F93      		push r18
 478 0090 0F93      		push r16
 479 0092 1F93      		push r17
 480 0094 20E0      		ldi r18,lo8(.LC6)
 481 0096 30E0      		ldi r19,hi8(.LC6)
 482 0098 3F93      		push r19
 483 009a 2F93      		push r18
 484 009c 9F93      		push r25
 485 009e 8F93      		push r24
 486 00a0 80E0      		ldi r24,lo8(.LC7)
GAS LISTING /tmp/ccWLlqGr.s 			page 10


 487 00a2 90E0      		ldi r25,hi8(.LC7)
 488 00a4 9F93      		push r25
 489 00a6 8F93      		push r24
 490 00a8 80E0      		ldi r24,lo8(.LC8)
 491 00aa 90E0      		ldi r25,hi8(.LC8)
 492 00ac 9F93      		push r25
 493 00ae 8F93      		push r24
 494 00b0 EF92      		push r14
 495 00b2 FF92      		push r15
 496 00b4 0E94 0000 		call HttpuAddHeader
 497 00b8 0FB6      		in __tmp_reg__,__SREG__
 498 00ba F894      		cli
 499 00bc DEBF      		out __SP_H__,r29
 500 00be 0FBE      		out __SREG__,__tmp_reg__
 501 00c0 CDBF      		out __SP_L__,r28
 502 00c2 1F92      		push __zero_reg__
 503 00c4 1F92      		push __zero_reg__
 504 00c6 80E0      		ldi r24,lo8(.LC9)
 505 00c8 90E0      		ldi r25,hi8(.LC9)
 506 00ca 9F93      		push r25
 507 00cc 8F93      		push r24
 508 00ce 80E0      		ldi r24,lo8(.LC10)
 509 00d0 90E0      		ldi r25,hi8(.LC10)
 510 00d2 9F93      		push r25
 511 00d4 8F93      		push r24
 512 00d6 EF92      		push r14
 513 00d8 FF92      		push r15
 514 00da 0E94 0000 		call HttpuAddHeader
 515 00de 0FB6      		in __tmp_reg__,__SREG__
 516 00e0 F894      		cli
 517 00e2 DEBF      		out __SP_H__,r29
 518 00e4 0FBE      		out __SREG__,__tmp_reg__
 519 00e6 CDBF      		out __SP_L__,r28
 520               	/* epilogue start */
 521 00e8 0F90      		pop __tmp_reg__
 522 00ea 0F90      		pop __tmp_reg__
 523 00ec DF91      		pop r29
 524 00ee CF91      		pop r28
 525 00f0 1F91      		pop r17
 526 00f2 0F91      		pop r16
 527 00f4 FF90      		pop r15
 528 00f6 EF90      		pop r14
 529 00f8 0895      		ret
 530               		.size	AddResponseHeaders, .-AddResponseHeaders
 531               		.section	.text.SendDeviceResponse,"ax",@progbits
 532               		.type	SendDeviceResponse, @function
 533               	SendDeviceResponse:
 534 0000 CF92      		push r12
 535 0002 DF92      		push r13
 536 0004 EF92      		push r14
 537 0006 FF92      		push r15
 538 0008 0F93      		push r16
 539 000a 1F93      		push r17
 540 000c CF93      		push r28
 541 000e DF93      		push r29
 542               	/* prologue: function */
 543               	/* frame size = 0 */
GAS LISTING /tmp/ccWLlqGr.s 			page 11


 544               	/* stack size = 8 */
 545               	.L__stack_usage = 8
 546 0010 8C01      		movw r16,r24
 547 0012 EB01      		movw r28,r22
 548 0014 7A01      		movw r14,r20
 549 0016 64E6      		ldi r22,lo8(100)
 550 0018 70E0      		ldi r23,0
 551 001a 80E0      		ldi r24,0
 552 001c 90E0      		ldi r25,0
 553 001e 0E94 0000 		call NutSleep
 554 0022 4C85      		ldd r20,Y+12
 555 0024 5D85      		ldd r21,Y+13
 556 0026 6885      		ldd r22,Y+8
 557 0028 7985      		ldd r23,Y+9
 558 002a C801      		movw r24,r16
 559 002c 0E94 0000 		call AddResponseHeaders
 560 0030 81E0      		ldi r24,1
 561 0032 E816      		cp r14,r24
 562 0034 F104      		cpc r15,__zero_reg__
 563 0036 01F4      		brne .L9
 564 0038 1F92      		push __zero_reg__
 565 003a 1F92      		push __zero_reg__
 566 003c 30E0      		ldi r19,lo8(ct_upnp_rootdevice)
 567 003e E32E      		mov r14,r19
 568 0040 30E0      		ldi r19,hi8(ct_upnp_rootdevice)
 569 0042 F32E      		mov r15,r19
 570 0044 FF92      		push r15
 571 0046 EF92      		push r14
 572 0048 80E0      		ldi r24,lo8(.LC11)
 573 004a 90E0      		ldi r25,hi8(.LC11)
 574 004c 9F93      		push r25
 575 004e 8F93      		push r24
 576 0050 1F93      		push r17
 577 0052 0F93      		push r16
 578 0054 0E94 0000 		call HttpuAddHeader
 579 0058 1F92      		push __zero_reg__
 580 005a 1F92      		push __zero_reg__
 581 005c FF92      		push r15
 582 005e EF92      		push r14
 583 0060 80E0      		ldi r24,lo8(.LC12)
 584 0062 90E0      		ldi r25,hi8(.LC12)
 585 0064 9F93      		push r25
 586 0066 8F93      		push r24
 587 0068 8F81      		ldd r24,Y+7
 588 006a 8F93      		push r24
 589 006c 8E81      		ldd r24,Y+6
 590 006e 8F93      		push r24
 591 0070 80E0      		ldi r24,lo8(ct_uuid_)
 592 0072 90E0      		ldi r25,hi8(ct_uuid_)
 593 0074 9F93      		push r25
 594 0076 8F93      		push r24
 595 0078 80E0      		ldi r24,lo8(.LC13)
 596 007a 90E0      		ldi r25,hi8(.LC13)
 597 007c 9F93      		push r25
 598 007e 8F93      		push r24
 599 0080 1F93      		push r17
 600 0082 0F93      		push r16
GAS LISTING /tmp/ccWLlqGr.s 			page 12


 601 0084 0E94 0000 		call HttpuAddHeader
 602 0088 8DB7      		in r24,__SP_L__
 603 008a 9EB7      		in r25,__SP_H__
 604 008c 4696      		adiw r24,22
 605 008e 0FB6      		in __tmp_reg__,__SREG__
 606 0090 F894      		cli
 607 0092 9EBF      		out __SP_H__,r25
 608 0094 0FBE      		out __SREG__,__tmp_reg__
 609 0096 8DBF      		out __SP_L__,r24
 610 0098 00C0      		rjmp .L10
 611               	.L9:
 612 009a 92E0      		ldi r25,2
 613 009c E916      		cp r14,r25
 614 009e F104      		cpc r15,__zero_reg__
 615 00a0 01F0      		breq .+2
 616 00a2 00C0      		rjmp .L11
 617 00a4 1F92      		push __zero_reg__
 618 00a6 1F92      		push __zero_reg__
 619 00a8 90E0      		ldi r25,lo8(.LC14)
 620 00aa C92E      		mov r12,r25
 621 00ac 90E0      		ldi r25,hi8(.LC14)
 622 00ae D92E      		mov r13,r25
 623 00b0 DF92      		push r13
 624 00b2 CF92      		push r12
 625 00b4 8D85      		ldd r24,Y+13
 626 00b6 8F93      		push r24
 627 00b8 8C85      		ldd r24,Y+12
 628 00ba 8F93      		push r24
 629 00bc 20E0      		ldi r18,lo8(.LC15)
 630 00be E22E      		mov r14,r18
 631 00c0 20E0      		ldi r18,hi8(.LC15)
 632 00c2 F22E      		mov r15,r18
 633 00c4 FF92      		push r15
 634 00c6 EF92      		push r14
 635 00c8 8B85      		ldd r24,Y+11
 636 00ca 8F93      		push r24
 637 00cc 8A85      		ldd r24,Y+10
 638 00ce 8F93      		push r24
 639 00d0 80E0      		ldi r24,lo8(.LC16)
 640 00d2 90E0      		ldi r25,hi8(.LC16)
 641 00d4 9F93      		push r25
 642 00d6 8F93      		push r24
 643 00d8 80E0      		ldi r24,lo8(.LC11)
 644 00da 90E0      		ldi r25,hi8(.LC11)
 645 00dc 9F93      		push r25
 646 00de 8F93      		push r24
 647 00e0 1F93      		push r17
 648 00e2 0F93      		push r16
 649 00e4 0E94 0000 		call HttpuAddHeader
 650 00e8 1F92      		push __zero_reg__
 651 00ea 1F92      		push __zero_reg__
 652 00ec DF92      		push r13
 653 00ee CF92      		push r12
 654 00f0 8D85      		ldd r24,Y+13
 655 00f2 8F93      		push r24
 656 00f4 8C85      		ldd r24,Y+12
 657 00f6 8F93      		push r24
GAS LISTING /tmp/ccWLlqGr.s 			page 13


 658 00f8 FF92      		push r15
 659 00fa EF92      		push r14
 660 00fc 8B85      		ldd r24,Y+11
 661 00fe 8F93      		push r24
 662 0100 8A85      		ldd r24,Y+10
 663 0102 8F93      		push r24
 664 0104 80E0      		ldi r24,lo8(.LC17)
 665 0106 90E0      		ldi r25,hi8(.LC17)
 666 0108 9F93      		push r25
 667 010a 8F93      		push r24
 668 010c 8F81      		ldd r24,Y+7
 669 010e 8F93      		push r24
 670 0110 8E81      		ldd r24,Y+6
 671 0112 8F93      		push r24
 672 0114 80E0      		ldi r24,lo8(ct_uuid_)
 673 0116 90E0      		ldi r25,hi8(ct_uuid_)
 674 0118 9F93      		push r25
 675 011a 8F93      		push r24
 676 011c 80E0      		ldi r24,lo8(.LC13)
 677 011e 90E0      		ldi r25,hi8(.LC13)
 678 0120 9F93      		push r25
 679 0122 8F93      		push r24
 680 0124 1F93      		push r17
 681 0126 0F93      		push r16
 682 0128 0E94 0000 		call HttpuAddHeader
 683 012c 8DB7      		in r24,__SP_L__
 684 012e 9EB7      		in r25,__SP_H__
 685 0130 8496      		adiw r24,36
 686 0132 0FB6      		in __tmp_reg__,__SREG__
 687 0134 F894      		cli
 688 0136 9EBF      		out __SP_H__,r25
 689 0138 0FBE      		out __SREG__,__tmp_reg__
 690 013a 8DBF      		out __SP_L__,r24
 691 013c 00C0      		rjmp .L10
 692               	.L11:
 693 013e 1F92      		push __zero_reg__
 694 0140 1F92      		push __zero_reg__
 695 0142 8F81      		ldd r24,Y+7
 696 0144 8F93      		push r24
 697 0146 8E81      		ldd r24,Y+6
 698 0148 8F93      		push r24
 699 014a 80E0      		ldi r24,lo8(ct_uuid_)
 700 014c E82E      		mov r14,r24
 701 014e 80E0      		ldi r24,hi8(ct_uuid_)
 702 0150 F82E      		mov r15,r24
 703 0152 FF92      		push r15
 704 0154 EF92      		push r14
 705 0156 80E0      		ldi r24,lo8(.LC11)
 706 0158 90E0      		ldi r25,hi8(.LC11)
 707 015a 9F93      		push r25
 708 015c 8F93      		push r24
 709 015e 1F93      		push r17
 710 0160 0F93      		push r16
 711 0162 0E94 0000 		call HttpuAddHeader
 712 0166 1F92      		push __zero_reg__
 713 0168 1F92      		push __zero_reg__
 714 016a 8F81      		ldd r24,Y+7
GAS LISTING /tmp/ccWLlqGr.s 			page 14


 715 016c 8F93      		push r24
 716 016e 8E81      		ldd r24,Y+6
 717 0170 8F93      		push r24
 718 0172 FF92      		push r15
 719 0174 EF92      		push r14
 720 0176 80E0      		ldi r24,lo8(.LC13)
 721 0178 90E0      		ldi r25,hi8(.LC13)
 722 017a 9F93      		push r25
 723 017c 8F93      		push r24
 724 017e 1F93      		push r17
 725 0180 0F93      		push r16
 726 0182 0E94 0000 		call HttpuAddHeader
 727 0186 8DB7      		in r24,__SP_L__
 728 0188 9EB7      		in r25,__SP_H__
 729 018a 4496      		adiw r24,20
 730 018c 0FB6      		in __tmp_reg__,__SREG__
 731 018e F894      		cli
 732 0190 9EBF      		out __SP_H__,r25
 733 0192 0FBE      		out __SREG__,__tmp_reg__
 734 0194 8DBF      		out __SP_L__,r24
 735               	.L10:
 736 0196 C801      		movw r24,r16
 737               	/* epilogue start */
 738 0198 DF91      		pop r29
 739 019a CF91      		pop r28
 740 019c 1F91      		pop r17
 741 019e 0F91      		pop r16
 742 01a0 FF90      		pop r15
 743 01a2 EF90      		pop r14
 744 01a4 DF90      		pop r13
 745 01a6 CF90      		pop r12
 746 01a8 0C94 0000 		jmp HttpuRespond
 747               		.size	SendDeviceResponse, .-SendDeviceResponse
 748               		.section	.text.SendUuidResponse,"ax",@progbits
 749               		.type	SendUuidResponse, @function
 750               	SendUuidResponse:
 751 0000 EF92      		push r14
 752 0002 FF92      		push r15
 753 0004 0F93      		push r16
 754 0006 1F93      		push r17
 755 0008 CF93      		push r28
 756 000a DF93      		push r29
 757               	/* prologue: function */
 758               	/* frame size = 0 */
 759               	/* stack size = 6 */
 760               	.L__stack_usage = 6
 761 000c 8C01      		movw r16,r24
 762 000e EB01      		movw r28,r22
 763 0010 7A01      		movw r14,r20
 764               	.L13:
 765 0012 2097      		sbiw r28,0
 766 0014 01F0      		breq .L16
 767 0016 B701      		movw r22,r14
 768 0018 8E81      		ldd r24,Y+6
 769 001a 9F81      		ldd r25,Y+7
 770 001c 0E94 0000 		call strcmp
 771 0020 892B      		or r24,r25
GAS LISTING /tmp/ccWLlqGr.s 			page 15


 772 0022 01F4      		brne .L14
 773 0024 40E0      		ldi r20,0
 774 0026 50E0      		ldi r21,0
 775 0028 BE01      		movw r22,r28
 776 002a C801      		movw r24,r16
 777 002c 0E94 0000 		call SendDeviceResponse
 778               	.L14:
 779 0030 6A81      		ldd r22,Y+2
 780 0032 7B81      		ldd r23,Y+3
 781 0034 A701      		movw r20,r14
 782 0036 C801      		movw r24,r16
 783 0038 0E94 0000 		call SendUuidResponse
 784 003c 0990      		ld __tmp_reg__,Y+
 785 003e D881      		ld r29,Y
 786 0040 C02D      		mov r28,__tmp_reg__
 787 0042 00C0      		rjmp .L13
 788               	.L16:
 789               	/* epilogue start */
 790 0044 DF91      		pop r29
 791 0046 CF91      		pop r28
 792 0048 1F91      		pop r17
 793 004a 0F91      		pop r16
 794 004c FF90      		pop r15
 795 004e EF90      		pop r14
 796 0050 0895      		ret
 797               		.size	SendUuidResponse, .-SendUuidResponse
 798               		.section	.text.SendDeviceTypeResponse,"ax",@progbits
 799               		.type	SendDeviceTypeResponse, @function
 800               	SendDeviceTypeResponse:
 801 0000 CF92      		push r12
 802 0002 DF92      		push r13
 803 0004 EF92      		push r14
 804 0006 FF92      		push r15
 805 0008 0F93      		push r16
 806 000a 1F93      		push r17
 807 000c CF93      		push r28
 808 000e DF93      		push r29
 809               	/* prologue: function */
 810               	/* frame size = 0 */
 811               	/* stack size = 8 */
 812               	.L__stack_usage = 8
 813 0010 8C01      		movw r16,r24
 814 0012 EB01      		movw r28,r22
 815 0014 7A01      		movw r14,r20
 816 0016 6901      		movw r12,r18
 817               	.L18:
 818 0018 2097      		sbiw r28,0
 819 001a 01F0      		breq .L21
 820 001c B701      		movw r22,r14
 821 001e 8A85      		ldd r24,Y+10
 822 0020 9B85      		ldd r25,Y+11
 823 0022 0E94 0000 		call strcmp
 824 0026 892B      		or r24,r25
 825 0028 01F4      		brne .L19
 826 002a B601      		movw r22,r12
 827 002c 8C85      		ldd r24,Y+12
 828 002e 9D85      		ldd r25,Y+13
GAS LISTING /tmp/ccWLlqGr.s 			page 16


 829 0030 0E94 0000 		call strcmp
 830 0034 892B      		or r24,r25
 831 0036 01F4      		brne .L19
 832 0038 42E0      		ldi r20,lo8(2)
 833 003a 50E0      		ldi r21,0
 834 003c BE01      		movw r22,r28
 835 003e C801      		movw r24,r16
 836 0040 0E94 0000 		call SendDeviceResponse
 837               	.L19:
 838 0044 6A81      		ldd r22,Y+2
 839 0046 7B81      		ldd r23,Y+3
 840 0048 9601      		movw r18,r12
 841 004a A701      		movw r20,r14
 842 004c C801      		movw r24,r16
 843 004e 0E94 0000 		call SendDeviceTypeResponse
 844 0052 0990      		ld __tmp_reg__,Y+
 845 0054 D881      		ld r29,Y
 846 0056 C02D      		mov r28,__tmp_reg__
 847 0058 00C0      		rjmp .L18
 848               	.L21:
 849               	/* epilogue start */
 850 005a DF91      		pop r29
 851 005c CF91      		pop r28
 852 005e 1F91      		pop r17
 853 0060 0F91      		pop r16
 854 0062 FF90      		pop r15
 855 0064 EF90      		pop r14
 856 0066 DF90      		pop r13
 857 0068 CF90      		pop r12
 858 006a 0895      		ret
 859               		.size	SendDeviceTypeResponse, .-SendDeviceTypeResponse
 860               		.section	.rodata.str1.1
 861               	.LC20:
 862 00ac 3A73 6572 		.string	":service:"
 862      7669 6365 
 862      3A00 
 863               		.section	.text.SendServiceResponse,"ax",@progbits
 864               		.type	SendServiceResponse, @function
 865               	SendServiceResponse:
 866 0000 AF92      		push r10
 867 0002 BF92      		push r11
 868 0004 CF92      		push r12
 869 0006 DF92      		push r13
 870 0008 EF92      		push r14
 871 000a FF92      		push r15
 872 000c 0F93      		push r16
 873 000e 1F93      		push r17
 874 0010 CF93      		push r28
 875 0012 DF93      		push r29
 876               	/* prologue: function */
 877               	/* frame size = 0 */
 878               	/* stack size = 10 */
 879               	.L__stack_usage = 10
 880 0014 8C01      		movw r16,r24
 881 0016 EB01      		movw r28,r22
 882 0018 EA81      		ldd r30,Y+2
 883 001a FB81      		ldd r31,Y+3
GAS LISTING /tmp/ccWLlqGr.s 			page 17


 884 001c 4485      		ldd r20,Z+12
 885 001e 5585      		ldd r21,Z+13
 886 0020 6085      		ldd r22,Z+8
 887 0022 7185      		ldd r23,Z+9
 888 0024 0E94 0000 		call AddResponseHeaders
 889 0028 1F92      		push __zero_reg__
 890 002a 1F92      		push __zero_reg__
 891 002c 80E0      		ldi r24,lo8(.LC14)
 892 002e A82E      		mov r10,r24
 893 0030 80E0      		ldi r24,hi8(.LC14)
 894 0032 B82E      		mov r11,r24
 895 0034 BF92      		push r11
 896 0036 AF92      		push r10
 897 0038 8F81      		ldd r24,Y+7
 898 003a 8F93      		push r24
 899 003c 8E81      		ldd r24,Y+6
 900 003e 8F93      		push r24
 901 0040 90E0      		ldi r25,lo8(.LC20)
 902 0042 C92E      		mov r12,r25
 903 0044 90E0      		ldi r25,hi8(.LC20)
 904 0046 D92E      		mov r13,r25
 905 0048 DF92      		push r13
 906 004a CF92      		push r12
 907 004c 8D81      		ldd r24,Y+5
 908 004e 8F93      		push r24
 909 0050 8C81      		ldd r24,Y+4
 910 0052 8F93      		push r24
 911 0054 20E0      		ldi r18,lo8(.LC16)
 912 0056 E22E      		mov r14,r18
 913 0058 20E0      		ldi r18,hi8(.LC16)
 914 005a F22E      		mov r15,r18
 915 005c FF92      		push r15
 916 005e EF92      		push r14
 917 0060 80E0      		ldi r24,lo8(.LC11)
 918 0062 90E0      		ldi r25,hi8(.LC11)
 919 0064 9F93      		push r25
 920 0066 8F93      		push r24
 921 0068 1F93      		push r17
 922 006a 0F93      		push r16
 923 006c 0E94 0000 		call HttpuAddHeader
 924 0070 1F92      		push __zero_reg__
 925 0072 1F92      		push __zero_reg__
 926 0074 BF92      		push r11
 927 0076 AF92      		push r10
 928 0078 8F81      		ldd r24,Y+7
 929 007a 8F93      		push r24
 930 007c 8E81      		ldd r24,Y+6
 931 007e 8F93      		push r24
 932 0080 DF92      		push r13
 933 0082 CF92      		push r12
 934 0084 8D81      		ldd r24,Y+5
 935 0086 8F93      		push r24
 936 0088 8C81      		ldd r24,Y+4
 937 008a 8F93      		push r24
 938 008c FF92      		push r15
 939 008e EF92      		push r14
 940 0090 80E0      		ldi r24,lo8(.LC12)
GAS LISTING /tmp/ccWLlqGr.s 			page 18


 941 0092 90E0      		ldi r25,hi8(.LC12)
 942 0094 9F93      		push r25
 943 0096 8F93      		push r24
 944 0098 EA81      		ldd r30,Y+2
 945 009a FB81      		ldd r31,Y+3
 946 009c 8781      		ldd r24,Z+7
 947 009e 8F93      		push r24
 948 00a0 8681      		ldd r24,Z+6
 949 00a2 8F93      		push r24
 950 00a4 80E0      		ldi r24,lo8(ct_uuid_)
 951 00a6 90E0      		ldi r25,hi8(ct_uuid_)
 952 00a8 9F93      		push r25
 953 00aa 8F93      		push r24
 954 00ac 80E0      		ldi r24,lo8(.LC13)
 955 00ae 90E0      		ldi r25,hi8(.LC13)
 956 00b0 9F93      		push r25
 957 00b2 8F93      		push r24
 958 00b4 1F93      		push r17
 959 00b6 0F93      		push r16
 960 00b8 0E94 0000 		call HttpuAddHeader
 961 00bc 8DB7      		in r24,__SP_L__
 962 00be 9EB7      		in r25,__SP_H__
 963 00c0 8696      		adiw r24,38
 964 00c2 0FB6      		in __tmp_reg__,__SREG__
 965 00c4 F894      		cli
 966 00c6 9EBF      		out __SP_H__,r25
 967 00c8 0FBE      		out __SREG__,__tmp_reg__
 968 00ca 8DBF      		out __SP_L__,r24
 969 00cc C801      		movw r24,r16
 970               	/* epilogue start */
 971 00ce DF91      		pop r29
 972 00d0 CF91      		pop r28
 973 00d2 1F91      		pop r17
 974 00d4 0F91      		pop r16
 975 00d6 FF90      		pop r15
 976 00d8 EF90      		pop r14
 977 00da DF90      		pop r13
 978 00dc CF90      		pop r12
 979 00de BF90      		pop r11
 980 00e0 AF90      		pop r10
 981 00e2 0C94 0000 		jmp HttpuRespond
 982               		.size	SendServiceResponse, .-SendServiceResponse
 983               		.section	.text.SendAllResponse,"ax",@progbits
 984               		.type	SendAllResponse, @function
 985               	SendAllResponse:
 986 0000 EF92      		push r14
 987 0002 FF92      		push r15
 988 0004 0F93      		push r16
 989 0006 1F93      		push r17
 990 0008 CF93      		push r28
 991 000a DF93      		push r29
 992               	/* prologue: function */
 993               	/* frame size = 0 */
 994               	/* stack size = 6 */
 995               	.L__stack_usage = 6
 996 000c 8C01      		movw r16,r24
 997 000e EB01      		movw r28,r22
GAS LISTING /tmp/ccWLlqGr.s 			page 19


 998               	.L24:
 999 0010 2097      		sbiw r28,0
 1000 0012 01F0      		breq .L28
 1001 0014 41E0      		ldi r20,lo8(1)
 1002 0016 50E0      		ldi r21,0
 1003 0018 BE01      		movw r22,r28
 1004 001a C801      		movw r24,r16
 1005 001c 0E94 0000 		call SendDeviceResponse
 1006 0020 40E0      		ldi r20,0
 1007 0022 50E0      		ldi r21,0
 1008 0024 BE01      		movw r22,r28
 1009 0026 C801      		movw r24,r16
 1010 0028 0E94 0000 		call SendDeviceResponse
 1011 002c 42E0      		ldi r20,lo8(2)
 1012 002e 50E0      		ldi r21,0
 1013 0030 BE01      		movw r22,r28
 1014 0032 C801      		movw r24,r16
 1015 0034 0E94 0000 		call SendDeviceResponse
 1016 0038 6A81      		ldd r22,Y+2
 1017 003a 7B81      		ldd r23,Y+3
 1018 003c C801      		movw r24,r16
 1019 003e 0E94 0000 		call SendAllResponse
 1020 0042 EC80      		ldd r14,Y+4
 1021 0044 FD80      		ldd r15,Y+5
 1022               	.L25:
 1023 0046 E114      		cp r14,__zero_reg__
 1024 0048 F104      		cpc r15,__zero_reg__
 1025 004a 01F0      		breq .L29
 1026 004c B701      		movw r22,r14
 1027 004e C801      		movw r24,r16
 1028 0050 0E94 0000 		call SendServiceResponse
 1029 0054 F701      		movw r30,r14
 1030 0056 E080      		ld r14,Z
 1031 0058 F180      		ldd r15,Z+1
 1032 005a 00C0      		rjmp .L25
 1033               	.L29:
 1034 005c 0990      		ld __tmp_reg__,Y+
 1035 005e D881      		ld r29,Y
 1036 0060 C02D      		mov r28,__tmp_reg__
 1037 0062 00C0      		rjmp .L24
 1038               	.L28:
 1039               	/* epilogue start */
 1040 0064 DF91      		pop r29
 1041 0066 CF91      		pop r28
 1042 0068 1F91      		pop r17
 1043 006a 0F91      		pop r16
 1044 006c FF90      		pop r15
 1045 006e EF90      		pop r14
 1046 0070 0895      		ret
 1047               		.size	SendAllResponse, .-SendAllResponse
 1048               		.section	.text.SendServiceTypeResponse,"ax",@progbits
 1049               		.type	SendServiceTypeResponse, @function
 1050               	SendServiceTypeResponse:
 1051 0000 AF92      		push r10
 1052 0002 BF92      		push r11
 1053 0004 CF92      		push r12
 1054 0006 DF92      		push r13
GAS LISTING /tmp/ccWLlqGr.s 			page 20


 1055 0008 EF92      		push r14
 1056 000a FF92      		push r15
 1057 000c 0F93      		push r16
 1058 000e 1F93      		push r17
 1059 0010 CF93      		push r28
 1060 0012 DF93      		push r29
 1061               	/* prologue: function */
 1062               	/* frame size = 0 */
 1063               	/* stack size = 10 */
 1064               	.L__stack_usage = 10
 1065 0014 7C01      		movw r14,r24
 1066 0016 8B01      		movw r16,r22
 1067 0018 6A01      		movw r12,r20
 1068 001a 5901      		movw r10,r18
 1069               	.L31:
 1070 001c 0115      		cp r16,__zero_reg__
 1071 001e 1105      		cpc r17,__zero_reg__
 1072 0020 01F0      		breq .L36
 1073 0022 F801      		movw r30,r16
 1074 0024 C481      		ldd r28,Z+4
 1075 0026 D581      		ldd r29,Z+5
 1076               	.L32:
 1077 0028 2097      		sbiw r28,0
 1078 002a 01F0      		breq .L37
 1079 002c B601      		movw r22,r12
 1080 002e 8C81      		ldd r24,Y+4
 1081 0030 9D81      		ldd r25,Y+5
 1082 0032 0E94 0000 		call strcmp
 1083 0036 892B      		or r24,r25
 1084 0038 01F4      		brne .L33
 1085 003a B501      		movw r22,r10
 1086 003c 8E81      		ldd r24,Y+6
 1087 003e 9F81      		ldd r25,Y+7
 1088 0040 0E94 0000 		call strcmp
 1089 0044 892B      		or r24,r25
 1090 0046 01F4      		brne .L33
 1091 0048 BE01      		movw r22,r28
 1092 004a C701      		movw r24,r14
 1093 004c 0E94 0000 		call SendServiceResponse
 1094               	.L33:
 1095 0050 0990      		ld __tmp_reg__,Y+
 1096 0052 D881      		ld r29,Y
 1097 0054 C02D      		mov r28,__tmp_reg__
 1098 0056 00C0      		rjmp .L32
 1099               	.L37:
 1100 0058 F801      		movw r30,r16
 1101 005a 6281      		ldd r22,Z+2
 1102 005c 7381      		ldd r23,Z+3
 1103 005e 9501      		movw r18,r10
 1104 0060 A601      		movw r20,r12
 1105 0062 C701      		movw r24,r14
 1106 0064 0E94 0000 		call SendServiceTypeResponse
 1107 0068 F801      		movw r30,r16
 1108 006a 0081      		ld r16,Z
 1109 006c 1181      		ldd r17,Z+1
 1110 006e 00C0      		rjmp .L31
 1111               	.L36:
GAS LISTING /tmp/ccWLlqGr.s 			page 21


 1112               	/* epilogue start */
 1113 0070 DF91      		pop r29
 1114 0072 CF91      		pop r28
 1115 0074 1F91      		pop r17
 1116 0076 0F91      		pop r16
 1117 0078 FF90      		pop r15
 1118 007a EF90      		pop r14
 1119 007c DF90      		pop r13
 1120 007e CF90      		pop r12
 1121 0080 BF90      		pop r11
 1122 0082 AF90      		pop r10
 1123 0084 0895      		ret
 1124               		.size	SendServiceTypeResponse, .-SendServiceTypeResponse
 1125               		.section	.rodata.str1.1
 1126               	.LC21:
 1127 00b6 7373 6470 		.string	"ssdp:all"
 1127      3A61 6C6C 
 1127      00
 1128               	.LC22:
 1129 00bf 7575 6964 		.string	"uuid"
 1129      00
 1130               	.LC23:
 1131 00c4 7572 6E00 		.string	"urn"
 1132               	.LC24:
 1133 00c8 6465 7669 		.string	"device"
 1133      6365 00
 1134               	.LC25:
 1135 00cf 7365 7276 		.string	"service"
 1135      6963 6500 
 1136               		.section	.text.SendSearchResponse,"ax",@progbits
 1137               		.type	SendSearchResponse, @function
 1138               	SendSearchResponse:
 1139 0000 EF92      		push r14
 1140 0002 FF92      		push r15
 1141 0004 0F93      		push r16
 1142 0006 1F93      		push r17
 1143 0008 CF93      		push r28
 1144 000a DF93      		push r29
 1145 000c CDB7      		in r28,__SP_L__
 1146 000e DEB7      		in r29,__SP_H__
 1147 0010 2A97      		sbiw r28,10
 1148 0012 0FB6      		in __tmp_reg__,__SREG__
 1149 0014 F894      		cli
 1150 0016 DEBF      		out __SP_H__,r29
 1151 0018 0FBE      		out __SREG__,__tmp_reg__
 1152 001a CDBF      		out __SP_L__,r28
 1153               	/* prologue: function */
 1154               	/* frame size = 10 */
 1155               	/* stack size = 16 */
 1156               	.L__stack_usage = 16
 1157 001c 8C01      		movw r16,r24
 1158 001e 60E0      		ldi r22,lo8(.LC11)
 1159 0020 70E0      		ldi r23,hi8(.LC11)
 1160 0022 8A5F      		subi r24,-6
 1161 0024 9B4F      		sbci r25,-5
 1162 0026 0E94 0000 		call HttpuGetHeader
 1163 002a 7C01      		movw r14,r24
GAS LISTING /tmp/ccWLlqGr.s 			page 22


 1164 002c 60E0      		ldi r22,lo8(.LC21)
 1165 002e 70E0      		ldi r23,hi8(.LC21)
 1166 0030 0E94 0000 		call strcmp
 1167 0034 892B      		or r24,r25
 1168 0036 01F4      		brne .L39
 1169 0038 6091 0000 		lds r22,regdev_root
 1170 003c 7091 0000 		lds r23,regdev_root+1
 1171 0040 C801      		movw r24,r16
 1172 0042 0E94 0000 		call SendAllResponse
 1173 0046 00C0      		rjmp .L38
 1174               	.L39:
 1175 0048 60E0      		ldi r22,lo8(ct_upnp_rootdevice)
 1176 004a 70E0      		ldi r23,hi8(ct_upnp_rootdevice)
 1177 004c C701      		movw r24,r14
 1178 004e 0E94 0000 		call strcmp
 1179 0052 892B      		or r24,r25
 1180 0054 01F4      		brne .L41
 1181 0056 E090 0000 		lds r14,regdev_root
 1182 005a F090 0000 		lds r15,regdev_root+1
 1183               	.L42:
 1184 005e E114      		cp r14,__zero_reg__
 1185 0060 F104      		cpc r15,__zero_reg__
 1186 0062 01F4      		brne .+2
 1187 0064 00C0      		rjmp .L38
 1188 0066 41E0      		ldi r20,lo8(1)
 1189 0068 50E0      		ldi r21,0
 1190 006a B701      		movw r22,r14
 1191 006c C801      		movw r24,r16
 1192 006e 0E94 0000 		call SendDeviceResponse
 1193 0072 F701      		movw r30,r14
 1194 0074 E080      		ld r14,Z
 1195 0076 F180      		ldd r15,Z+1
 1196 0078 00C0      		rjmp .L42
 1197               	.L41:
 1198 007a C701      		movw r24,r14
 1199 007c 0E94 0000 		call strdup
 1200 0080 25E0      		ldi r18,lo8(5)
 1201 0082 30E0      		ldi r19,0
 1202 0084 AE01      		movw r20,r28
 1203 0086 4F5F      		subi r20,-1
 1204 0088 5F4F      		sbci r21,-1
 1205 008a 6AE3      		ldi r22,lo8(58)
 1206 008c 0E94 0000 		call SsdpSplitWords
 1207 0090 E980      		ldd r14,Y+1
 1208 0092 FA80      		ldd r15,Y+2
 1209 0094 60E0      		ldi r22,lo8(.LC22)
 1210 0096 70E0      		ldi r23,hi8(.LC22)
 1211 0098 C701      		movw r24,r14
 1212 009a 0E94 0000 		call strcmp
 1213 009e 892B      		or r24,r25
 1214 00a0 01F4      		brne .L44
 1215 00a2 4B81      		ldd r20,Y+3
 1216 00a4 5C81      		ldd r21,Y+4
 1217 00a6 6091 0000 		lds r22,regdev_root
 1218 00aa 7091 0000 		lds r23,regdev_root+1
 1219 00ae C801      		movw r24,r16
 1220 00b0 0E94 0000 		call SendUuidResponse
GAS LISTING /tmp/ccWLlqGr.s 			page 23


 1221 00b4 00C0      		rjmp .L45
 1222               	.L44:
 1223 00b6 60E0      		ldi r22,lo8(.LC23)
 1224 00b8 70E0      		ldi r23,hi8(.LC23)
 1225 00ba C701      		movw r24,r14
 1226 00bc 0E94 0000 		call strcmp
 1227 00c0 892B      		or r24,r25
 1228 00c2 01F4      		brne .L45
 1229 00c4 ED80      		ldd r14,Y+5
 1230 00c6 FE80      		ldd r15,Y+6
 1231 00c8 60E0      		ldi r22,lo8(.LC24)
 1232 00ca 70E0      		ldi r23,hi8(.LC24)
 1233 00cc C701      		movw r24,r14
 1234 00ce 0E94 0000 		call strcmp
 1235 00d2 892B      		or r24,r25
 1236 00d4 01F4      		brne .L46
 1237 00d6 2F81      		ldd r18,Y+7
 1238 00d8 3885      		ldd r19,Y+8
 1239 00da 4B81      		ldd r20,Y+3
 1240 00dc 5C81      		ldd r21,Y+4
 1241 00de 6091 0000 		lds r22,regdev_root
 1242 00e2 7091 0000 		lds r23,regdev_root+1
 1243 00e6 C801      		movw r24,r16
 1244 00e8 0E94 0000 		call SendDeviceTypeResponse
 1245 00ec 00C0      		rjmp .L45
 1246               	.L46:
 1247 00ee 60E0      		ldi r22,lo8(.LC25)
 1248 00f0 70E0      		ldi r23,hi8(.LC25)
 1249 00f2 C701      		movw r24,r14
 1250 00f4 0E94 0000 		call strcmp
 1251 00f8 892B      		or r24,r25
 1252 00fa 01F4      		brne .L45
 1253 00fc 2F81      		ldd r18,Y+7
 1254 00fe 3885      		ldd r19,Y+8
 1255 0100 4B81      		ldd r20,Y+3
 1256 0102 5C81      		ldd r21,Y+4
 1257 0104 6091 0000 		lds r22,regdev_root
 1258 0108 7091 0000 		lds r23,regdev_root+1
 1259 010c C801      		movw r24,r16
 1260 010e 0E94 0000 		call SendServiceTypeResponse
 1261               	.L45:
 1262 0112 8981      		ldd r24,Y+1
 1263 0114 9A81      		ldd r25,Y+2
 1264 0116 0E94 0000 		call free
 1265               	.L38:
 1266               	/* epilogue start */
 1267 011a 2A96      		adiw r28,10
 1268 011c 0FB6      		in __tmp_reg__,__SREG__
 1269 011e F894      		cli
 1270 0120 DEBF      		out __SP_H__,r29
 1271 0122 0FBE      		out __SREG__,__tmp_reg__
 1272 0124 CDBF      		out __SP_L__,r28
 1273 0126 DF91      		pop r29
 1274 0128 CF91      		pop r28
 1275 012a 1F91      		pop r17
 1276 012c 0F91      		pop r16
 1277 012e FF90      		pop r15
GAS LISTING /tmp/ccWLlqGr.s 			page 24


 1278 0130 EF90      		pop r14
 1279 0132 0895      		ret
 1280               		.size	SendSearchResponse, .-SendSearchResponse
 1281               		.section	.text.SsdpSendNotifications,"ax",@progbits
 1282               	.global	SsdpSendNotifications
 1283               		.type	SsdpSendNotifications, @function
 1284               	SsdpSendNotifications:
 1285 0000 AF92      		push r10
 1286 0002 BF92      		push r11
 1287 0004 CF92      		push r12
 1288 0006 DF92      		push r13
 1289 0008 EF92      		push r14
 1290 000a FF92      		push r15
 1291 000c 0F93      		push r16
 1292 000e 1F93      		push r17
 1293 0010 CF93      		push r28
 1294 0012 DF93      		push r29
 1295               	/* prologue: function */
 1296               	/* frame size = 0 */
 1297               	/* stack size = 10 */
 1298               	.L__stack_usage = 10
 1299 0014 8C01      		movw r16,r24
 1300 0016 C091 0000 		lds r28,ssvc.2887
 1301 001a D091 0000 		lds r29,ssvc.2887+1
 1302 001e 2097      		sbiw r28,0
 1303 0020 01F4      		brne .L48
 1304 0022 E091 0000 		lds r30,sdev.2886
 1305 0026 F091 0000 		lds r31,sdev.2886+1
 1306 002a 3097      		sbiw r30,0
 1307 002c 01F4      		brne .L49
 1308 002e 6091 0000 		lds r22,regdev_root
 1309 0032 7091 0000 		lds r23,regdev_root+1
 1310 0036 7093 0000 		sts sdev.2886+1,r23
 1311 003a 6093 0000 		sts sdev.2886,r22
 1312 003e 6115      		cp r22,__zero_reg__
 1313 0040 7105      		cpc r23,__zero_reg__
 1314 0042 01F4      		brne .L55
 1315 0044 00C0      		rjmp .L54
 1316               	.L49:
 1317 0046 6081      		ld r22,Z
 1318 0048 7181      		ldd r23,Z+1
 1319 004a 7093 0000 		sts sdev.2886+1,r23
 1320 004e 6093 0000 		sts sdev.2886,r22
 1321 0052 6115      		cp r22,__zero_reg__
 1322 0054 7105      		cpc r23,__zero_reg__
 1323 0056 01F4      		brne .+2
 1324 0058 00C0      		rjmp .L52
 1325               	.L55:
 1326 005a 40E0      		ldi r20,0
 1327 005c 50E0      		ldi r21,0
 1328 005e C801      		movw r24,r16
 1329 0060 0E94 0000 		call SendDeviceNotify
 1330 0064 6091 0000 		lds r22,sdev.2886
 1331 0068 7091 0000 		lds r23,sdev.2886+1
 1332 006c 41E0      		ldi r20,lo8(1)
 1333 006e 50E0      		ldi r21,0
 1334 0070 C801      		movw r24,r16
GAS LISTING /tmp/ccWLlqGr.s 			page 25


 1335 0072 0E94 0000 		call SendDeviceNotify
 1336 0076 6091 0000 		lds r22,sdev.2886
 1337 007a 7091 0000 		lds r23,sdev.2886+1
 1338 007e 42E0      		ldi r20,lo8(2)
 1339 0080 50E0      		ldi r21,0
 1340 0082 C801      		movw r24,r16
 1341 0084 0E94 0000 		call SendDeviceNotify
 1342 0088 E091 0000 		lds r30,sdev.2886
 1343 008c F091 0000 		lds r31,sdev.2886+1
 1344 0090 8481      		ldd r24,Z+4
 1345 0092 9581      		ldd r25,Z+5
 1346 0094 00C0      		rjmp .L53
 1347               	.L48:
 1348 0096 EA81      		ldd r30,Y+2
 1349 0098 FB81      		ldd r31,Y+3
 1350 009a 4485      		ldd r20,Z+12
 1351 009c 5585      		ldd r21,Z+13
 1352 009e 6085      		ldd r22,Z+8
 1353 00a0 7185      		ldd r23,Z+9
 1354 00a2 0E94 0000 		call AddNotifyHeaders
 1355 00a6 1F92      		push __zero_reg__
 1356 00a8 1F92      		push __zero_reg__
 1357 00aa 80E0      		ldi r24,lo8(.LC14)
 1358 00ac A82E      		mov r10,r24
 1359 00ae 80E0      		ldi r24,hi8(.LC14)
 1360 00b0 B82E      		mov r11,r24
 1361 00b2 BF92      		push r11
 1362 00b4 AF92      		push r10
 1363 00b6 8F81      		ldd r24,Y+7
 1364 00b8 8F93      		push r24
 1365 00ba 8E81      		ldd r24,Y+6
 1366 00bc 8F93      		push r24
 1367 00be 90E0      		ldi r25,lo8(.LC20)
 1368 00c0 C92E      		mov r12,r25
 1369 00c2 90E0      		ldi r25,hi8(.LC20)
 1370 00c4 D92E      		mov r13,r25
 1371 00c6 DF92      		push r13
 1372 00c8 CF92      		push r12
 1373 00ca 8D81      		ldd r24,Y+5
 1374 00cc 8F93      		push r24
 1375 00ce 8C81      		ldd r24,Y+4
 1376 00d0 8F93      		push r24
 1377 00d2 20E0      		ldi r18,lo8(.LC16)
 1378 00d4 E22E      		mov r14,r18
 1379 00d6 20E0      		ldi r18,hi8(.LC16)
 1380 00d8 F22E      		mov r15,r18
 1381 00da FF92      		push r15
 1382 00dc EF92      		push r14
 1383 00de 80E0      		ldi r24,lo8(.LC11)
 1384 00e0 90E0      		ldi r25,hi8(.LC11)
 1385 00e2 9F93      		push r25
 1386 00e4 8F93      		push r24
 1387 00e6 1F93      		push r17
 1388 00e8 0F93      		push r16
 1389 00ea 0E94 0000 		call HttpuAddHeader
 1390 00ee 1F92      		push __zero_reg__
 1391 00f0 1F92      		push __zero_reg__
GAS LISTING /tmp/ccWLlqGr.s 			page 26


 1392 00f2 BF92      		push r11
 1393 00f4 AF92      		push r10
 1394 00f6 8F81      		ldd r24,Y+7
 1395 00f8 8F93      		push r24
 1396 00fa 8E81      		ldd r24,Y+6
 1397 00fc 8F93      		push r24
 1398 00fe DF92      		push r13
 1399 0100 CF92      		push r12
 1400 0102 8D81      		ldd r24,Y+5
 1401 0104 8F93      		push r24
 1402 0106 8C81      		ldd r24,Y+4
 1403 0108 8F93      		push r24
 1404 010a FF92      		push r15
 1405 010c EF92      		push r14
 1406 010e 80E0      		ldi r24,lo8(.LC12)
 1407 0110 90E0      		ldi r25,hi8(.LC12)
 1408 0112 9F93      		push r25
 1409 0114 8F93      		push r24
 1410 0116 EA81      		ldd r30,Y+2
 1411 0118 FB81      		ldd r31,Y+3
 1412 011a 8781      		ldd r24,Z+7
 1413 011c 8F93      		push r24
 1414 011e 8681      		ldd r24,Z+6
 1415 0120 8F93      		push r24
 1416 0122 80E0      		ldi r24,lo8(ct_uuid_)
 1417 0124 90E0      		ldi r25,hi8(ct_uuid_)
 1418 0126 9F93      		push r25
 1419 0128 8F93      		push r24
 1420 012a 80E0      		ldi r24,lo8(.LC13)
 1421 012c 90E0      		ldi r25,hi8(.LC13)
 1422 012e 9F93      		push r25
 1423 0130 8F93      		push r24
 1424 0132 1F93      		push r17
 1425 0134 0F93      		push r16
 1426 0136 0E94 0000 		call HttpuAddHeader
 1427 013a 8DB7      		in r24,__SP_L__
 1428 013c 9EB7      		in r25,__SP_H__
 1429 013e 8696      		adiw r24,38
 1430 0140 0FB6      		in __tmp_reg__,__SREG__
 1431 0142 F894      		cli
 1432 0144 9EBF      		out __SP_H__,r25
 1433 0146 0FBE      		out __SREG__,__tmp_reg__
 1434 0148 8DBF      		out __SP_L__,r24
 1435 014a 80E0      		ldi r24,lo8(ct_239_255_255_250)
 1436 014c 90E0      		ldi r25,hi8(ct_239_255_255_250)
 1437 014e 0E94 0000 		call inet_addr
 1438 0152 AB01      		movw r20,r22
 1439 0154 BC01      		movw r22,r24
 1440 0156 2CE6      		ldi r18,lo8(108)
 1441 0158 37E0      		ldi r19,lo8(7)
 1442 015a C801      		movw r24,r16
 1443 015c 0E94 0000 		call HttpuSend
 1444 0160 E091 0000 		lds r30,ssvc.2887
 1445 0164 F091 0000 		lds r31,ssvc.2887+1
 1446 0168 8081      		ld r24,Z
 1447 016a 9181      		ldd r25,Z+1
 1448               	.L53:
GAS LISTING /tmp/ccWLlqGr.s 			page 27


 1449 016c 9093 0000 		sts ssvc.2887+1,r25
 1450 0170 8093 0000 		sts ssvc.2887,r24
 1451               	.L54:
 1452 0174 80E0      		ldi r24,0
 1453 0176 90E0      		ldi r25,0
 1454 0178 00C0      		rjmp .L50
 1455               	.L52:
 1456 017a 84E8      		ldi r24,lo8(-124)
 1457 017c 93E0      		ldi r25,lo8(3)
 1458               	.L50:
 1459               	/* epilogue start */
 1460 017e DF91      		pop r29
 1461 0180 CF91      		pop r28
 1462 0182 1F91      		pop r17
 1463 0184 0F91      		pop r16
 1464 0186 FF90      		pop r15
 1465 0188 EF90      		pop r14
 1466 018a DF90      		pop r13
 1467 018c CF90      		pop r12
 1468 018e BF90      		pop r11
 1469 0190 AF90      		pop r10
 1470 0192 0895      		ret
 1471               		.size	SsdpSendNotifications, .-SsdpSendNotifications
 1472               		.section	.text.SsdpRegisterDeviceTree,"ax",@progbits
 1473               	.global	SsdpRegisterDeviceTree
 1474               		.type	SsdpRegisterDeviceTree, @function
 1475               	SsdpRegisterDeviceTree:
 1476               	/* prologue: function */
 1477               	/* frame size = 0 */
 1478               	/* stack size = 0 */
 1479               	.L__stack_usage = 0
 1480 0000 9093 0000 		sts regdev_root+1,r25
 1481 0004 8093 0000 		sts regdev_root,r24
 1482 0008 80E0      		ldi r24,lo8(gs(SendSearchResponse))
 1483 000a 90E0      		ldi r25,hi8(gs(SendSearchResponse))
 1484 000c 0C94 0000 		jmp SsdpRegisterResponder
 1485               		.size	SsdpRegisterDeviceTree, .-SsdpRegisterDeviceTree
 1486               		.local	sdev.2886
 1487               		.comm	sdev.2886,2,1
 1488               		.local	ssvc.2887
 1489               		.comm	ssvc.2887,2,1
 1490               		.local	regdev_root
 1491               		.comm	regdev_root,2,1
 1492               		.ident	"GCC: (GNU) 5.3.0"
 1493               	.global __do_copy_data
 1494               	.global __do_clear_bss
GAS LISTING /tmp/ccWLlqGr.s 			page 28


DEFINED SYMBOLS
                            *ABS*:0000000000000000 ssdpd.c
     /tmp/ccWLlqGr.s:2      *ABS*:000000000000003e __SP_H__
     /tmp/ccWLlqGr.s:3      *ABS*:000000000000003d __SP_L__
     /tmp/ccWLlqGr.s:4      *ABS*:000000000000003f __SREG__
     /tmp/ccWLlqGr.s:5      *ABS*:000000000000003b __RAMPZ__
     /tmp/ccWLlqGr.s:6      *ABS*:0000000000000000 __tmp_reg__
     /tmp/ccWLlqGr.s:7      *ABS*:0000000000000001 __zero_reg__
     /tmp/ccWLlqGr.s:33     .text.AddNotifyHeaders:0000000000000000 AddNotifyHeaders
     /tmp/ccWLlqGr.s:180    .text.SendDeviceNotify:0000000000000000 SendDeviceNotify
     /tmp/ccWLlqGr.s:409    .text.AddResponseHeaders:0000000000000000 AddResponseHeaders
     /tmp/ccWLlqGr.s:533    .text.SendDeviceResponse:0000000000000000 SendDeviceResponse
     /tmp/ccWLlqGr.s:750    .text.SendUuidResponse:0000000000000000 SendUuidResponse
     /tmp/ccWLlqGr.s:800    .text.SendDeviceTypeResponse:0000000000000000 SendDeviceTypeResponse
     /tmp/ccWLlqGr.s:865    .text.SendServiceResponse:0000000000000000 SendServiceResponse
     /tmp/ccWLlqGr.s:985    .text.SendAllResponse:0000000000000000 SendAllResponse
     /tmp/ccWLlqGr.s:1050   .text.SendServiceTypeResponse:0000000000000000 SendServiceTypeResponse
     /tmp/ccWLlqGr.s:1138   .text.SendSearchResponse:0000000000000000 SendSearchResponse
     /tmp/ccWLlqGr.s:1489   .bss:0000000000000004 regdev_root
     /tmp/ccWLlqGr.s:1284   .text.SsdpSendNotifications:0000000000000000 SsdpSendNotifications
     /tmp/ccWLlqGr.s:1487   .bss:0000000000000002 ssvc.2887
                             .bss:0000000000000000 sdev.2886
     /tmp/ccWLlqGr.s:1475   .text.SsdpRegisterDeviceTree:0000000000000000 SsdpRegisterDeviceTree

UNDEFINED SYMBOLS
HttpuAddHeader
ct_239_255_255_250
confnet
inet_ntoa
NutSleep
ct_upnp_rootdevice
ct_uuid_
inet_addr
HttpuSend
HttpuRespond
strcmp
HttpuGetHeader
strdup
SsdpSplitWords
free
SsdpRegisterResponder
__do_copy_data
__do_clear_bss
