GAS LISTING /tmp/cc2NQ26Q.s 			page 1


   1               		.file	"lfunc.c"
   2               	__SP_H__ = 0x3e
   3               	__SP_L__ = 0x3d
   4               	__SREG__ = 0x3f
   5               	__RAMPZ__ = 0x3b
   6               	__tmp_reg__ = 0
   7               	__zero_reg__ = 1
   8               		.section	.text.luaF_newCclosure,"ax",@progbits
   9               	.global	luaF_newCclosure
  10               		.hidden	luaF_newCclosure
  11               		.type	luaF_newCclosure, @function
  12               	luaF_newCclosure:
  13 0000 CF92      		push r12
  14 0002 DF92      		push r13
  15 0004 EF92      		push r14
  16 0006 FF92      		push r15
  17 0008 0F93      		push r16
  18 000a 1F93      		push r17
  19 000c CF93      		push r28
  20 000e DF93      		push r29
  21               	/* prologue: function */
  22               	/* frame size = 0 */
  23               	/* stack size = 8 */
  24               	.L__stack_usage = 8
  25 0010 7C01      		movw r14,r24
  26 0012 8B01      		movw r16,r22
  27 0014 6A01      		movw r12,r20
  28 0016 CB01      		movw r24,r22
  29 0018 0197      		sbiw r24,1
  30 001a 46E0      		ldi r20,lo8(6)
  31 001c 489F      		mul r20,r24
  32 001e 9001      		movw r18,r0
  33 0020 499F      		mul r20,r25
  34 0022 300D      		add r19,r0
  35 0024 1124      		clr __zero_reg__
  36 0026 2E5E      		subi r18,-18
  37 0028 3F4F      		sbci r19,-1
  38 002a 40E0      		ldi r20,0
  39 002c 50E0      		ldi r21,0
  40 002e 60E0      		ldi r22,0
  41 0030 70E0      		ldi r23,0
  42 0032 C701      		movw r24,r14
  43 0034 0E94 0000 		call luaM_realloc_
  44 0038 EC01      		movw r28,r24
  45 003a 48E0      		ldi r20,lo8(8)
  46 003c BC01      		movw r22,r24
  47 003e C701      		movw r24,r14
  48 0040 0E94 0000 		call luaC_link
  49 0044 81E0      		ldi r24,lo8(1)
  50 0046 8C83      		std Y+4,r24
  51 0048 D986      		std Y+9,r13
  52 004a C886      		std Y+8,r12
  53 004c 0D83      		std Y+5,r16
  54 004e CE01      		movw r24,r28
  55               	/* epilogue start */
  56 0050 DF91      		pop r29
  57 0052 CF91      		pop r28
GAS LISTING /tmp/cc2NQ26Q.s 			page 2


  58 0054 1F91      		pop r17
  59 0056 0F91      		pop r16
  60 0058 FF90      		pop r15
  61 005a EF90      		pop r14
  62 005c DF90      		pop r13
  63 005e CF90      		pop r12
  64 0060 0895      		ret
  65               		.size	luaF_newCclosure, .-luaF_newCclosure
  66               		.section	.text.luaF_newLclosure,"ax",@progbits
  67               	.global	luaF_newLclosure
  68               		.hidden	luaF_newLclosure
  69               		.type	luaF_newLclosure, @function
  70               	luaF_newLclosure:
  71 0000 AF92      		push r10
  72 0002 BF92      		push r11
  73 0004 CF92      		push r12
  74 0006 DF92      		push r13
  75 0008 EF92      		push r14
  76 000a FF92      		push r15
  77 000c 0F93      		push r16
  78 000e 1F93      		push r17
  79 0010 CF93      		push r28
  80 0012 DF93      		push r29
  81               	/* prologue: function */
  82               	/* frame size = 0 */
  83               	/* stack size = 10 */
  84               	.L__stack_usage = 10
  85 0014 6C01      		movw r12,r24
  86 0016 7B01      		movw r14,r22
  87 0018 5A01      		movw r10,r20
  88 001a EB01      		movw r28,r22
  89 001c 2197      		sbiw r28,1
  90 001e CC0F      		lsl r28
  91 0020 DD1F      		rol r29
  92 0022 9E01      		movw r18,r28
  93 0024 225F      		subi r18,-14
  94 0026 3F4F      		sbci r19,-1
  95 0028 40E0      		ldi r20,0
  96 002a 50E0      		ldi r21,0
  97 002c 60E0      		ldi r22,0
  98 002e 70E0      		ldi r23,0
  99 0030 C601      		movw r24,r12
 100 0032 0E94 0000 		call luaM_realloc_
 101 0036 8C01      		movw r16,r24
 102 0038 48E0      		ldi r20,lo8(8)
 103 003a BC01      		movw r22,r24
 104 003c C601      		movw r24,r12
 105 003e 0E94 0000 		call luaC_link
 106 0042 F801      		movw r30,r16
 107 0044 1482      		std Z+4,__zero_reg__
 108 0046 B186      		std Z+9,r11
 109 0048 A086      		std Z+8,r10
 110 004a E582      		std Z+5,r14
 111 004c CE01      		movw r24,r28
 112 004e 0296      		adiw r24,2
 113 0050 800F      		add r24,r16
 114 0052 911F      		adc r25,r17
GAS LISTING /tmp/cc2NQ26Q.s 			page 3


 115               	.L3:
 116 0054 8017      		cp r24,r16
 117 0056 9107      		cpc r25,r17
 118 0058 01F0      		breq .L6
 119 005a FC01      		movw r30,r24
 120 005c 1386      		std Z+11,__zero_reg__
 121 005e 1286      		std Z+10,__zero_reg__
 122 0060 0297      		sbiw r24,2
 123 0062 00C0      		rjmp .L3
 124               	.L6:
 125               	/* epilogue start */
 126 0064 DF91      		pop r29
 127 0066 CF91      		pop r28
 128 0068 1F91      		pop r17
 129 006a 0F91      		pop r16
 130 006c FF90      		pop r15
 131 006e EF90      		pop r14
 132 0070 DF90      		pop r13
 133 0072 CF90      		pop r12
 134 0074 BF90      		pop r11
 135 0076 AF90      		pop r10
 136 0078 0895      		ret
 137               		.size	luaF_newLclosure, .-luaF_newLclosure
 138               		.section	.text.luaF_newupval,"ax",@progbits
 139               	.global	luaF_newupval
 140               		.hidden	luaF_newupval
 141               		.type	luaF_newupval, @function
 142               	luaF_newupval:
 143 0000 0F93      		push r16
 144 0002 1F93      		push r17
 145 0004 CF93      		push r28
 146 0006 DF93      		push r29
 147               	/* prologue: function */
 148               	/* frame size = 0 */
 149               	/* stack size = 4 */
 150               	.L__stack_usage = 4
 151 0008 8C01      		movw r16,r24
 152 000a 2CE0      		ldi r18,lo8(12)
 153 000c 30E0      		ldi r19,0
 154 000e 40E0      		ldi r20,0
 155 0010 50E0      		ldi r21,0
 156 0012 60E0      		ldi r22,0
 157 0014 70E0      		ldi r23,0
 158 0016 0E94 0000 		call luaM_realloc_
 159 001a EC01      		movw r28,r24
 160 001c 4CE0      		ldi r20,lo8(12)
 161 001e BC01      		movw r22,r24
 162 0020 C801      		movw r24,r16
 163 0022 0E94 0000 		call luaC_link
 164 0026 CE01      		movw r24,r28
 165 0028 0696      		adiw r24,6
 166 002a 9D83      		std Y+5,r25
 167 002c 8C83      		std Y+4,r24
 168 002e 1B86      		std Y+11,__zero_reg__
 169 0030 1A86      		std Y+10,__zero_reg__
 170 0032 CE01      		movw r24,r28
 171               	/* epilogue start */
GAS LISTING /tmp/cc2NQ26Q.s 			page 4


 172 0034 DF91      		pop r29
 173 0036 CF91      		pop r28
 174 0038 1F91      		pop r17
 175 003a 0F91      		pop r16
 176 003c 0895      		ret
 177               		.size	luaF_newupval, .-luaF_newupval
 178               		.section	.text.luaF_findupval,"ax",@progbits
 179               	.global	luaF_findupval
 180               		.hidden	luaF_findupval
 181               		.type	luaF_findupval, @function
 182               	luaF_findupval:
 183 0000 EF92      		push r14
 184 0002 FF92      		push r15
 185 0004 0F93      		push r16
 186 0006 1F93      		push r17
 187 0008 CF93      		push r28
 188 000a DF93      		push r29
 189               	/* prologue: function */
 190               	/* frame size = 0 */
 191               	/* stack size = 6 */
 192               	.L__stack_usage = 6
 193 000c 7B01      		movw r14,r22
 194 000e DC01      		movw r26,r24
 195 0010 1996      		adiw r26,9
 196 0012 CD91      		ld r28,X+
 197 0014 DC91      		ld r29,X
 198 0016 1A97      		sbiw r26,9+1
 199 0018 8C01      		movw r16,r24
 200 001a 0D5C      		subi r16,-51
 201 001c 1F4F      		sbci r17,-1
 202 001e D396      		adiw r26,51
 203 0020 ED91      		ld r30,X+
 204 0022 FC91      		ld r31,X
 205 0024 D497      		sbiw r26,51+1
 206               	.L9:
 207 0026 3097      		sbiw r30,0
 208 0028 01F4      		brne .L12
 209               	.L14:
 210 002a 2CE0      		ldi r18,lo8(12)
 211 002c 30E0      		ldi r19,0
 212 002e 40E0      		ldi r20,0
 213 0030 50E0      		ldi r21,0
 214 0032 60E0      		ldi r22,0
 215 0034 70E0      		ldi r23,0
 216 0036 0E94 0000 		call luaM_realloc_
 217 003a FC01      		movw r30,r24
 218 003c 8CE0      		ldi r24,lo8(12)
 219 003e 8283      		std Z+2,r24
 220 0040 8C85      		ldd r24,Y+12
 221 0042 8370      		andi r24,lo8(3)
 222 0044 8383      		std Z+3,r24
 223 0046 F582      		std Z+5,r15
 224 0048 E482      		std Z+4,r14
 225 004a D801      		movw r26,r16
 226 004c 8D91      		ld r24,X+
 227 004e 9C91      		ld r25,X
 228 0050 1197      		sbiw r26,1
GAS LISTING /tmp/cc2NQ26Q.s 			page 5


 229 0052 9183      		std Z+1,r25
 230 0054 8083      		st Z,r24
 231 0056 ED93      		st X+,r30
 232 0058 FC93      		st X,r31
 233 005a CE01      		movw r24,r28
 234 005c 805C      		subi r24,-64
 235 005e 9F4F      		sbci r25,-1
 236 0060 9783      		std Z+7,r25
 237 0062 8683      		std Z+6,r24
 238 0064 C85B      		subi r28,-72
 239 0066 DF4F      		sbci r29,-1
 240 0068 A881      		ld r26,Y
 241 006a B981      		ldd r27,Y+1
 242 006c B187      		std Z+9,r27
 243 006e A087      		std Z+8,r26
 244 0070 1796      		adiw r26,6+1
 245 0072 FC93      		st X,r31
 246 0074 EE93      		st -X,r30
 247 0076 1697      		sbiw r26,6
 248 0078 F983      		std Y+1,r31
 249 007a E883      		st Y,r30
 250 007c 00C0      		rjmp .L15
 251               	.L12:
 252 007e 5E2F      		mov r21,r30
 253 0080 4F2F      		mov r20,r31
 254 0082 2481      		ldd r18,Z+4
 255 0084 3581      		ldd r19,Z+5
 256 0086 2E15      		cp r18,r14
 257 0088 3F05      		cpc r19,r15
 258 008a 00F0      		brlo .L14
 259 008c 2E15      		cp r18,r14
 260 008e 3F05      		cpc r19,r15
 261 0090 01F4      		brne .L10
 262 0092 3381      		ldd r19,Z+3
 263 0094 9C85      		ldd r25,Y+12
 264 0096 83E0      		ldi r24,lo8(3)
 265 0098 9827      		eor r25,r24
 266 009a 232F      		mov r18,r19
 267 009c 2370      		andi r18,lo8(3)
 268 009e 9223      		and r25,r18
 269 00a0 01F0      		breq .L15
 270 00a2 8327      		eor r24,r19
 271 00a4 8383      		std Z+3,r24
 272 00a6 00C0      		rjmp .L15
 273               	.L10:
 274 00a8 0190      		ld __tmp_reg__,Z+
 275 00aa F081      		ld r31,Z
 276 00ac E02D      		mov r30,__tmp_reg__
 277 00ae 052F      		mov r16,r21
 278 00b0 142F      		mov r17,r20
 279 00b2 00C0      		rjmp .L9
 280               	.L15:
 281 00b4 CF01      		movw r24,r30
 282               	/* epilogue start */
 283 00b6 DF91      		pop r29
 284 00b8 CF91      		pop r28
 285 00ba 1F91      		pop r17
GAS LISTING /tmp/cc2NQ26Q.s 			page 6


 286 00bc 0F91      		pop r16
 287 00be FF90      		pop r15
 288 00c0 EF90      		pop r14
 289 00c2 0895      		ret
 290               		.size	luaF_findupval, .-luaF_findupval
 291               		.section	.text.luaF_freeupval,"ax",@progbits
 292               	.global	luaF_freeupval
 293               		.hidden	luaF_freeupval
 294               		.type	luaF_freeupval, @function
 295               	luaF_freeupval:
 296 0000 CF93      		push r28
 297 0002 DF93      		push r29
 298               	/* prologue: function */
 299               	/* frame size = 0 */
 300               	/* stack size = 2 */
 301               	.L__stack_usage = 2
 302 0004 9B01      		movw r18,r22
 303 0006 2A5F      		subi r18,-6
 304 0008 3F4F      		sbci r19,-1
 305 000a DB01      		movw r26,r22
 306 000c 1496      		adiw r26,4
 307 000e 4D91      		ld r20,X+
 308 0010 5C91      		ld r21,X
 309 0012 1597      		sbiw r26,4+1
 310 0014 4217      		cp r20,r18
 311 0016 5307      		cpc r21,r19
 312 0018 01F0      		breq .L17
 313 001a 1896      		adiw r26,8
 314 001c ED91      		ld r30,X+
 315 001e FC91      		ld r31,X
 316 0020 1997      		sbiw r26,8+1
 317 0022 1696      		adiw r26,6
 318 0024 2D91      		ld r18,X+
 319 0026 3C91      		ld r19,X
 320 0028 1797      		sbiw r26,6+1
 321 002a 3783      		std Z+7,r19
 322 002c 2683      		std Z+6,r18
 323 002e 1696      		adiw r26,6
 324 0030 0D90      		ld __tmp_reg__,X+
 325 0032 BC91      		ld r27,X
 326 0034 A02D      		mov r26,__tmp_reg__
 327 0036 1996      		adiw r26,8+1
 328 0038 FC93      		st X,r31
 329 003a EE93      		st -X,r30
 330 003c 1897      		sbiw r26,8
 331               	.L17:
 332 003e 20E0      		ldi r18,0
 333 0040 30E0      		ldi r19,0
 334 0042 4CE0      		ldi r20,lo8(12)
 335 0044 50E0      		ldi r21,0
 336               	/* epilogue start */
 337 0046 DF91      		pop r29
 338 0048 CF91      		pop r28
 339 004a 0C94 0000 		jmp luaM_realloc_
 340               		.size	luaF_freeupval, .-luaF_freeupval
 341               		.section	.text.luaF_close,"ax",@progbits
 342               	.global	luaF_close
GAS LISTING /tmp/cc2NQ26Q.s 			page 7


 343               		.hidden	luaF_close
 344               		.type	luaF_close, @function
 345               	luaF_close:
 346 0000 AF92      		push r10
 347 0002 BF92      		push r11
 348 0004 DF92      		push r13
 349 0006 EF92      		push r14
 350 0008 FF92      		push r15
 351 000a 0F93      		push r16
 352 000c 1F93      		push r17
 353 000e CF93      		push r28
 354 0010 DF93      		push r29
 355               	/* prologue: function */
 356               	/* frame size = 0 */
 357               	/* stack size = 9 */
 358               	.L__stack_usage = 9
 359 0012 EC01      		movw r28,r24
 360 0014 8B01      		movw r16,r22
 361 0016 E984      		ldd r14,Y+9
 362 0018 FA84      		ldd r15,Y+10
 363 001a 83E0      		ldi r24,lo8(3)
 364 001c D82E      		mov r13,r24
 365               	.L19:
 366 001e EBA9      		ldd r30,Y+51
 367 0020 FCA9      		ldd r31,Y+52
 368 0022 3097      		sbiw r30,0
 369 0024 01F4      		brne .+2
 370 0026 00C0      		rjmp .L18
 371 0028 A480      		ldd r10,Z+4
 372 002a B580      		ldd r11,Z+5
 373 002c A016      		cp r10,r16
 374 002e B106      		cpc r11,r17
 375 0030 00F0      		brlo .L18
 376 0032 8081      		ld r24,Z
 377 0034 9181      		ldd r25,Z+1
 378 0036 9CAB      		std Y+52,r25
 379 0038 8BAB      		std Y+51,r24
 380 003a D701      		movw r26,r14
 381 003c 1C96      		adiw r26,12
 382 003e 8C91      		ld r24,X
 383 0040 982F      		mov r25,r24
 384 0042 9D25      		eor r25,r13
 385 0044 8381      		ldd r24,Z+3
 386 0046 8370      		andi r24,lo8(3)
 387 0048 8923      		and r24,r25
 388 004a 01F0      		breq .L20
 389 004c BF01      		movw r22,r30
 390 004e CE01      		movw r24,r28
 391 0050 0E94 0000 		call luaF_freeupval
 392 0054 00C0      		rjmp .L19
 393               	.L20:
 394 0056 8085      		ldd r24,Z+8
 395 0058 9185      		ldd r25,Z+9
 396 005a 2681      		ldd r18,Z+6
 397 005c 3781      		ldd r19,Z+7
 398 005e DC01      		movw r26,r24
 399 0060 1796      		adiw r26,6+1
GAS LISTING /tmp/cc2NQ26Q.s 			page 8


 400 0062 3C93      		st X,r19
 401 0064 2E93      		st -X,r18
 402 0066 1697      		sbiw r26,6
 403 0068 2681      		ldd r18,Z+6
 404 006a 3781      		ldd r19,Z+7
 405 006c D901      		movw r26,r18
 406 006e 1996      		adiw r26,8+1
 407 0070 9C93      		st X,r25
 408 0072 8E93      		st -X,r24
 409 0074 1897      		sbiw r26,8
 410 0076 D501      		movw r26,r10
 411 0078 4D91      		ld r20,X+
 412 007a 5D91      		ld r21,X+
 413 007c 6D91      		ld r22,X+
 414 007e 7C91      		ld r23,X
 415 0080 1397      		sbiw r26,3
 416 0082 4683      		std Z+6,r20
 417 0084 5783      		std Z+7,r21
 418 0086 6087      		std Z+8,r22
 419 0088 7187      		std Z+9,r23
 420 008a 1496      		adiw r26,4
 421 008c 8D91      		ld r24,X+
 422 008e 9C91      		ld r25,X
 423 0090 1597      		sbiw r26,4+1
 424 0092 9387      		std Z+11,r25
 425 0094 8287      		std Z+10,r24
 426 0096 CF01      		movw r24,r30
 427 0098 0696      		adiw r24,6
 428 009a 9583      		std Z+5,r25
 429 009c 8483      		std Z+4,r24
 430 009e BF01      		movw r22,r30
 431 00a0 CE01      		movw r24,r28
 432 00a2 0E94 0000 		call luaC_linkupval
 433 00a6 00C0      		rjmp .L19
 434               	.L18:
 435               	/* epilogue start */
 436 00a8 DF91      		pop r29
 437 00aa CF91      		pop r28
 438 00ac 1F91      		pop r17
 439 00ae 0F91      		pop r16
 440 00b0 FF90      		pop r15
 441 00b2 EF90      		pop r14
 442 00b4 DF90      		pop r13
 443 00b6 BF90      		pop r11
 444 00b8 AF90      		pop r10
 445 00ba 0895      		ret
 446               		.size	luaF_close, .-luaF_close
 447               		.section	.text.luaF_newproto,"ax",@progbits
 448               	.global	luaF_newproto
 449               		.hidden	luaF_newproto
 450               		.type	luaF_newproto, @function
 451               	luaF_newproto:
 452 0000 0F93      		push r16
 453 0002 1F93      		push r17
 454 0004 CF93      		push r28
 455 0006 DF93      		push r29
 456               	/* prologue: function */
GAS LISTING /tmp/cc2NQ26Q.s 			page 9


 457               	/* frame size = 0 */
 458               	/* stack size = 4 */
 459               	.L__stack_usage = 4
 460 0008 8C01      		movw r16,r24
 461 000a 28E2      		ldi r18,lo8(40)
 462 000c 30E0      		ldi r19,0
 463 000e 40E0      		ldi r20,0
 464 0010 50E0      		ldi r21,0
 465 0012 60E0      		ldi r22,0
 466 0014 70E0      		ldi r23,0
 467 0016 0E94 0000 		call luaM_realloc_
 468 001a EC01      		movw r28,r24
 469 001c 4BE0      		ldi r20,lo8(11)
 470 001e BC01      		movw r22,r24
 471 0020 C801      		movw r24,r16
 472 0022 0E94 0000 		call luaC_link
 473 0026 1D82      		std Y+5,__zero_reg__
 474 0028 1C82      		std Y+4,__zero_reg__
 475 002a 1D8A      		std Y+21,__zero_reg__
 476 002c 1C8A      		std Y+20,__zero_reg__
 477 002e 1986      		std Y+9,__zero_reg__
 478 0030 1886      		std Y+8,__zero_reg__
 479 0032 1B8E      		std Y+27,__zero_reg__
 480 0034 1A8E      		std Y+26,__zero_reg__
 481 0036 1F82      		std Y+7,__zero_reg__
 482 0038 1E82      		std Y+6,__zero_reg__
 483 003a 1F8A      		std Y+23,__zero_reg__
 484 003c 1E8A      		std Y+22,__zero_reg__
 485 003e 198E      		std Y+25,__zero_reg__
 486 0040 188E      		std Y+24,__zero_reg__
 487 0042 1B8A      		std Y+19,__zero_reg__
 488 0044 1A8A      		std Y+18,__zero_reg__
 489 0046 1CA2      		std Y+36,__zero_reg__
 490 0048 1F86      		std Y+15,__zero_reg__
 491 004a 1E86      		std Y+14,__zero_reg__
 492 004c 1DA2      		std Y+37,__zero_reg__
 493 004e 1EA2      		std Y+38,__zero_reg__
 494 0050 1FA2      		std Y+39,__zero_reg__
 495 0052 1B86      		std Y+11,__zero_reg__
 496 0054 1A86      		std Y+10,__zero_reg__
 497 0056 1D8E      		std Y+29,__zero_reg__
 498 0058 1C8E      		std Y+28,__zero_reg__
 499 005a 1D86      		std Y+13,__zero_reg__
 500 005c 1C86      		std Y+12,__zero_reg__
 501 005e 1F8E      		std Y+31,__zero_reg__
 502 0060 1E8E      		std Y+30,__zero_reg__
 503 0062 19A2      		std Y+33,__zero_reg__
 504 0064 18A2      		std Y+32,__zero_reg__
 505 0066 198A      		std Y+17,__zero_reg__
 506 0068 188A      		std Y+16,__zero_reg__
 507 006a CE01      		movw r24,r28
 508               	/* epilogue start */
 509 006c DF91      		pop r29
 510 006e CF91      		pop r28
 511 0070 1F91      		pop r17
 512 0072 0F91      		pop r16
 513 0074 0895      		ret
GAS LISTING /tmp/cc2NQ26Q.s 			page 10


 514               		.size	luaF_newproto, .-luaF_newproto
 515               		.section	.text.luaF_freeproto,"ax",@progbits
 516               	.global	luaF_freeproto
 517               		.hidden	luaF_freeproto
 518               		.type	luaF_freeproto, @function
 519               	luaF_freeproto:
 520 0000 FF92      		push r15
 521 0002 0F93      		push r16
 522 0004 1F93      		push r17
 523 0006 CF93      		push r28
 524 0008 DF93      		push r29
 525               	/* prologue: function */
 526               	/* frame size = 0 */
 527               	/* stack size = 5 */
 528               	.L__stack_usage = 5
 529 000a 8C01      		movw r16,r24
 530 000c EB01      		movw r28,r22
 531 000e 4E89      		ldd r20,Y+22
 532 0010 5F89      		ldd r21,Y+23
 533 0012 440F      		lsl r20
 534 0014 551F      		rol r21
 535 0016 440F      		lsl r20
 536 0018 551F      		rol r21
 537 001a 6E81      		ldd r22,Y+6
 538 001c 7F81      		ldd r23,Y+7
 539 001e 20E0      		ldi r18,0
 540 0020 30E0      		ldi r19,0
 541 0022 C801      		movw r24,r16
 542 0024 0E94 0000 		call luaM_realloc_
 543 0028 4A8D      		ldd r20,Y+26
 544 002a 5B8D      		ldd r21,Y+27
 545 002c 440F      		lsl r20
 546 002e 551F      		rol r21
 547 0030 6885      		ldd r22,Y+8
 548 0032 7985      		ldd r23,Y+9
 549 0034 20E0      		ldi r18,0
 550 0036 30E0      		ldi r19,0
 551 0038 C801      		movw r24,r16
 552 003a 0E94 0000 		call luaM_realloc_
 553 003e 8C89      		ldd r24,Y+20
 554 0040 9D89      		ldd r25,Y+21
 555 0042 26E0      		ldi r18,lo8(6)
 556 0044 F22E      		mov r15,r18
 557 0046 F89E      		mul r15,r24
 558 0048 A001      		movw r20,r0
 559 004a F99E      		mul r15,r25
 560 004c 500D      		add r21,r0
 561 004e 1124      		clr __zero_reg__
 562 0050 6C81      		ldd r22,Y+4
 563 0052 7D81      		ldd r23,Y+5
 564 0054 20E0      		ldi r18,0
 565 0056 30E0      		ldi r19,0
 566 0058 C801      		movw r24,r16
 567 005a 0E94 0000 		call luaM_realloc_
 568 005e 488D      		ldd r20,Y+24
 569 0060 598D      		ldd r21,Y+25
 570 0062 440F      		lsl r20
GAS LISTING /tmp/cc2NQ26Q.s 			page 11


 571 0064 551F      		rol r21
 572 0066 6A85      		ldd r22,Y+10
 573 0068 7B85      		ldd r23,Y+11
 574 006a 20E0      		ldi r18,0
 575 006c 30E0      		ldi r19,0
 576 006e C801      		movw r24,r16
 577 0070 0E94 0000 		call luaM_realloc_
 578 0074 8C8D      		ldd r24,Y+28
 579 0076 9D8D      		ldd r25,Y+29
 580 0078 F89E      		mul r15,r24
 581 007a A001      		movw r20,r0
 582 007c F99E      		mul r15,r25
 583 007e 500D      		add r21,r0
 584 0080 1124      		clr __zero_reg__
 585 0082 6C85      		ldd r22,Y+12
 586 0084 7D85      		ldd r23,Y+13
 587 0086 20E0      		ldi r18,0
 588 0088 30E0      		ldi r19,0
 589 008a C801      		movw r24,r16
 590 008c 0E94 0000 		call luaM_realloc_
 591 0090 4A89      		ldd r20,Y+18
 592 0092 5B89      		ldd r21,Y+19
 593 0094 440F      		lsl r20
 594 0096 551F      		rol r21
 595 0098 6E85      		ldd r22,Y+14
 596 009a 7F85      		ldd r23,Y+15
 597 009c 20E0      		ldi r18,0
 598 009e 30E0      		ldi r19,0
 599 00a0 C801      		movw r24,r16
 600 00a2 0E94 0000 		call luaM_realloc_
 601 00a6 20E0      		ldi r18,0
 602 00a8 30E0      		ldi r19,0
 603 00aa 48E2      		ldi r20,lo8(40)
 604 00ac 50E0      		ldi r21,0
 605 00ae BE01      		movw r22,r28
 606 00b0 C801      		movw r24,r16
 607               	/* epilogue start */
 608 00b2 DF91      		pop r29
 609 00b4 CF91      		pop r28
 610 00b6 1F91      		pop r17
 611 00b8 0F91      		pop r16
 612 00ba FF90      		pop r15
 613 00bc 0C94 0000 		jmp luaM_realloc_
 614               		.size	luaF_freeproto, .-luaF_freeproto
 615               		.section	.text.luaF_freeclosure,"ax",@progbits
 616               	.global	luaF_freeclosure
 617               		.hidden	luaF_freeclosure
 618               		.type	luaF_freeclosure, @function
 619               	luaF_freeclosure:
 620               	/* prologue: function */
 621               	/* frame size = 0 */
 622               	/* stack size = 0 */
 623               	.L__stack_usage = 0
 624 0000 FB01      		movw r30,r22
 625 0002 2481      		ldd r18,Z+4
 626 0004 2223      		tst r18
 627 0006 01F0      		breq .L30
GAS LISTING /tmp/cc2NQ26Q.s 			page 12


 628 0008 2581      		ldd r18,Z+5
 629 000a 30E0      		ldi r19,0
 630 000c 2150      		subi r18,1
 631 000e 3109      		sbc r19,__zero_reg__
 632 0010 E6E0      		ldi r30,lo8(6)
 633 0012 E29F      		mul r30,r18
 634 0014 A001      		movw r20,r0
 635 0016 E39F      		mul r30,r19
 636 0018 500D      		add r21,r0
 637 001a 1124      		clr __zero_reg__
 638 001c 4E5E      		subi r20,-18
 639 001e 5F4F      		sbci r21,-1
 640 0020 00C0      		rjmp .L31
 641               	.L30:
 642 0022 FB01      		movw r30,r22
 643 0024 4581      		ldd r20,Z+5
 644 0026 50E0      		ldi r21,0
 645 0028 440F      		lsl r20
 646 002a 551F      		rol r21
 647 002c 445F      		subi r20,-12
 648 002e 5F4F      		sbci r21,-1
 649               	.L31:
 650 0030 20E0      		ldi r18,0
 651 0032 30E0      		ldi r19,0
 652 0034 0C94 0000 		jmp luaM_realloc_
 653               		.size	luaF_freeclosure, .-luaF_freeclosure
 654               		.section	.text.luaF_getlocalname,"ax",@progbits
 655               	.global	luaF_getlocalname
 656               		.hidden	luaF_getlocalname
 657               		.type	luaF_getlocalname, @function
 658               	luaF_getlocalname:
 659 0000 0F93      		push r16
 660 0002 1F93      		push r17
 661 0004 CF93      		push r28
 662 0006 DF93      		push r29
 663               	/* prologue: function */
 664               	/* frame size = 0 */
 665               	/* stack size = 4 */
 666               	.L__stack_usage = 4
 667 0008 EC01      		movw r28,r24
 668 000a 0C8D      		ldd r16,Y+28
 669 000c 1D8D      		ldd r17,Y+29
 670 000e 20E0      		ldi r18,0
 671 0010 30E0      		ldi r19,0
 672 0012 A0E0      		ldi r26,0
 673 0014 B0E0      		ldi r27,0
 674               	.L33:
 675 0016 A017      		cp r26,r16
 676 0018 B107      		cpc r27,r17
 677 001a 04F4      		brge .L37
 678 001c EC01      		movw r28,r24
 679 001e EC85      		ldd r30,Y+12
 680 0020 FD85      		ldd r31,Y+13
 681 0022 E20F      		add r30,r18
 682 0024 F31F      		adc r31,r19
 683 0026 C281      		ldd r28,Z+2
 684 0028 D381      		ldd r29,Z+3
GAS LISTING /tmp/cc2NQ26Q.s 			page 13


 685 002a 4C17      		cp r20,r28
 686 002c 5D07      		cpc r21,r29
 687 002e 04F0      		brlt .L37
 688 0030 C481      		ldd r28,Z+4
 689 0032 D581      		ldd r29,Z+5
 690 0034 4C17      		cp r20,r28
 691 0036 5D07      		cpc r21,r29
 692 0038 04F4      		brge .L34
 693 003a 6150      		subi r22,1
 694 003c 7109      		sbc r23,__zero_reg__
 695 003e 01F4      		brne .L34
 696 0040 8081      		ld r24,Z
 697 0042 9181      		ldd r25,Z+1
 698 0044 0996      		adiw r24,9
 699 0046 00C0      		rjmp .L35
 700               	.L34:
 701 0048 1196      		adiw r26,1
 702 004a 2A5F      		subi r18,-6
 703 004c 3F4F      		sbci r19,-1
 704 004e 00C0      		rjmp .L33
 705               	.L37:
 706 0050 80E0      		ldi r24,0
 707 0052 90E0      		ldi r25,0
 708               	.L35:
 709               	/* epilogue start */
 710 0054 DF91      		pop r29
 711 0056 CF91      		pop r28
 712 0058 1F91      		pop r17
 713 005a 0F91      		pop r16
 714 005c 0895      		ret
 715               		.size	luaF_getlocalname, .-luaF_getlocalname
 716               		.hidden	luaC_linkupval
 717               		.hidden	luaC_link
 718               		.hidden	luaM_realloc_
 719               		.ident	"GCC: (GNU) 5.3.0"
GAS LISTING /tmp/cc2NQ26Q.s 			page 14


DEFINED SYMBOLS
                            *ABS*:0000000000000000 lfunc.c
     /tmp/cc2NQ26Q.s:2      *ABS*:000000000000003e __SP_H__
     /tmp/cc2NQ26Q.s:3      *ABS*:000000000000003d __SP_L__
     /tmp/cc2NQ26Q.s:4      *ABS*:000000000000003f __SREG__
     /tmp/cc2NQ26Q.s:5      *ABS*:000000000000003b __RAMPZ__
     /tmp/cc2NQ26Q.s:6      *ABS*:0000000000000000 __tmp_reg__
     /tmp/cc2NQ26Q.s:7      *ABS*:0000000000000001 __zero_reg__
     /tmp/cc2NQ26Q.s:12     .text.luaF_newCclosure:0000000000000000 luaF_newCclosure
     /tmp/cc2NQ26Q.s:70     .text.luaF_newLclosure:0000000000000000 luaF_newLclosure
     /tmp/cc2NQ26Q.s:142    .text.luaF_newupval:0000000000000000 luaF_newupval
     /tmp/cc2NQ26Q.s:182    .text.luaF_findupval:0000000000000000 luaF_findupval
     /tmp/cc2NQ26Q.s:295    .text.luaF_freeupval:0000000000000000 luaF_freeupval
     /tmp/cc2NQ26Q.s:345    .text.luaF_close:0000000000000000 luaF_close
     /tmp/cc2NQ26Q.s:451    .text.luaF_newproto:0000000000000000 luaF_newproto
     /tmp/cc2NQ26Q.s:519    .text.luaF_freeproto:0000000000000000 luaF_freeproto
     /tmp/cc2NQ26Q.s:619    .text.luaF_freeclosure:0000000000000000 luaF_freeclosure
     /tmp/cc2NQ26Q.s:658    .text.luaF_getlocalname:0000000000000000 luaF_getlocalname

UNDEFINED SYMBOLS
luaM_realloc_
luaC_link
luaC_linkupval
