GAS LISTING /tmp/ccAj3ihx.s 			page 1


   1               		.file	"linit.c"
   2               	__SP_H__ = 0x3e
   3               	__SP_L__ = 0x3d
   4               	__SREG__ = 0x3f
   5               	__RAMPZ__ = 0x3b
   6               	__tmp_reg__ = 0
   7               	__zero_reg__ = 1
   8               		.section	.text.luaL_openlibs,"ax",@progbits
   9               	.global	luaL_openlibs
  10               		.type	luaL_openlibs, @function
  11               	luaL_openlibs:
  12 0000 0F93      		push r16
  13 0002 1F93      		push r17
  14 0004 CF93      		push r28
  15 0006 DF93      		push r29
  16               	/* prologue: function */
  17               	/* frame size = 0 */
  18               	/* stack size = 4 */
  19               	.L__stack_usage = 4
  20 0008 8C01      		movw r16,r24
  21 000a C0E0      		ldi r28,lo8(lualibs)
  22 000c D0E0      		ldi r29,hi8(lualibs)
  23               	.L2:
  24 000e 6A81      		ldd r22,Y+2
  25 0010 7B81      		ldd r23,Y+3
  26 0012 6115      		cp r22,__zero_reg__
  27 0014 7105      		cpc r23,__zero_reg__
  28 0016 01F0      		breq .L5
  29 0018 40E0      		ldi r20,0
  30 001a 50E0      		ldi r21,0
  31 001c C801      		movw r24,r16
  32 001e 0E94 0000 		call lua_pushcclosure
  33 0022 6881      		ld r22,Y
  34 0024 7981      		ldd r23,Y+1
  35 0026 C801      		movw r24,r16
  36 0028 0E94 0000 		call lua_pushstring
  37 002c 40E0      		ldi r20,0
  38 002e 50E0      		ldi r21,0
  39 0030 61E0      		ldi r22,lo8(1)
  40 0032 70E0      		ldi r23,0
  41 0034 C801      		movw r24,r16
  42 0036 0E94 0000 		call lua_call
  43 003a 2496      		adiw r28,4
  44 003c 00C0      		rjmp .L2
  45               	.L5:
  46               	/* epilogue start */
  47 003e DF91      		pop r29
  48 0040 CF91      		pop r28
  49 0042 1F91      		pop r17
  50 0044 0F91      		pop r16
  51 0046 0895      		ret
  52               		.size	luaL_openlibs, .-luaL_openlibs
  53               	.global	lua_rotable
  54               		.section	.rodata
  55               		.type	lua_rotable, @object
  56               		.size	lua_rotable, 6
  57               	lua_rotable:
GAS LISTING /tmp/ccAj3ihx.s 			page 2


  58 0000 0000 0000 		.zero	6
  58      0000 
  59               		.section	.rodata.str1.1,"aMS",@progbits,1
  60               	.LC0:
  61 0000 00        		.string	""
  62               		.section	.rodata
  63               		.type	lualibs, @object
  64               		.size	lualibs, 8
  65               	lualibs:
  66 0006 0000      		.word	.LC0
  67 0008 0000      		.word	gs(luaopen_base)
  68 000a 0000      		.word	0
  69 000c 0000      		.word	0
  70               		.ident	"GCC: (GNU) 5.3.0"
  71               	.global __do_copy_data
GAS LISTING /tmp/ccAj3ihx.s 			page 3


DEFINED SYMBOLS
                            *ABS*:0000000000000000 linit.c
     /tmp/ccAj3ihx.s:2      *ABS*:000000000000003e __SP_H__
     /tmp/ccAj3ihx.s:3      *ABS*:000000000000003d __SP_L__
     /tmp/ccAj3ihx.s:4      *ABS*:000000000000003f __SREG__
     /tmp/ccAj3ihx.s:5      *ABS*:000000000000003b __RAMPZ__
     /tmp/ccAj3ihx.s:6      *ABS*:0000000000000000 __tmp_reg__
     /tmp/ccAj3ihx.s:7      *ABS*:0000000000000001 __zero_reg__
     /tmp/ccAj3ihx.s:11     .text.luaL_openlibs:0000000000000000 luaL_openlibs
     /tmp/ccAj3ihx.s:65     .rodata:0000000000000006 lualibs
     /tmp/ccAj3ihx.s:57     .rodata:0000000000000000 lua_rotable

UNDEFINED SYMBOLS
lua_pushcclosure
lua_pushstring
lua_call
luaopen_base
__do_copy_data
