GAS LISTING /tmp/cc6kL7B8.s 			page 1


   1               		.file	"lmathlib.c"
   2               	__SP_H__ = 0x3e
   3               	__SP_L__ = 0x3d
   4               	__SREG__ = 0x3f
   5               	__RAMPZ__ = 0x3b
   6               	__tmp_reg__ = 0
   7               	__zero_reg__ = 1
   8               	.global	__floatsisf
   9               	.global	__fixsfsi
  10               		.section	.text.math_tan,"ax",@progbits
  11               		.type	math_tan, @function
  12               	math_tan:
  13 0000 CF93      		push r28
  14 0002 DF93      		push r29
  15               	/* prologue: function */
  16               	/* frame size = 0 */
  17               	/* stack size = 2 */
  18               	.L__stack_usage = 2
  19 0004 EC01      		movw r28,r24
  20 0006 61E0      		ldi r22,lo8(1)
  21 0008 70E0      		ldi r23,0
  22 000a 0E94 0000 		call luaL_checknumber
  23 000e 0E94 0000 		call __floatsisf
  24 0012 0E94 0000 		call tan
  25 0016 0E94 0000 		call __fixsfsi
  26 001a AB01      		movw r20,r22
  27 001c BC01      		movw r22,r24
  28 001e CE01      		movw r24,r28
  29 0020 0E94 0000 		call lua_pushnumber
  30 0024 81E0      		ldi r24,lo8(1)
  31 0026 90E0      		ldi r25,0
  32               	/* epilogue start */
  33 0028 DF91      		pop r29
  34 002a CF91      		pop r28
  35 002c 0895      		ret
  36               		.size	math_tan, .-math_tan
  37               	.global	__mulsf3
  38               		.section	.text.math_rad,"ax",@progbits
  39               		.type	math_rad, @function
  40               	math_rad:
  41 0000 CF93      		push r28
  42 0002 DF93      		push r29
  43               	/* prologue: function */
  44               	/* frame size = 0 */
  45               	/* stack size = 2 */
  46               	.L__stack_usage = 2
  47 0004 EC01      		movw r28,r24
  48 0006 61E0      		ldi r22,lo8(1)
  49 0008 70E0      		ldi r23,0
  50 000a 0E94 0000 		call luaL_checknumber
  51 000e 0E94 0000 		call __floatsisf
  52 0012 25E3      		ldi r18,lo8(53)
  53 0014 3AEF      		ldi r19,lo8(-6)
  54 0016 4EE8      		ldi r20,lo8(-114)
  55 0018 5CE3      		ldi r21,lo8(60)
  56 001a 0E94 0000 		call __mulsf3
  57 001e 0E94 0000 		call __fixsfsi
GAS LISTING /tmp/cc6kL7B8.s 			page 2


  58 0022 AB01      		movw r20,r22
  59 0024 BC01      		movw r22,r24
  60 0026 CE01      		movw r24,r28
  61 0028 0E94 0000 		call lua_pushnumber
  62 002c 81E0      		ldi r24,lo8(1)
  63 002e 90E0      		ldi r25,0
  64               	/* epilogue start */
  65 0030 DF91      		pop r29
  66 0032 CF91      		pop r28
  67 0034 0895      		ret
  68               		.size	math_rad, .-math_rad
  69               	.global	__divsf3
  70               		.section	.text.math_deg,"ax",@progbits
  71               		.type	math_deg, @function
  72               	math_deg:
  73 0000 CF93      		push r28
  74 0002 DF93      		push r29
  75               	/* prologue: function */
  76               	/* frame size = 0 */
  77               	/* stack size = 2 */
  78               	.L__stack_usage = 2
  79 0004 EC01      		movw r28,r24
  80 0006 61E0      		ldi r22,lo8(1)
  81 0008 70E0      		ldi r23,0
  82 000a 0E94 0000 		call luaL_checknumber
  83 000e 0E94 0000 		call __floatsisf
  84 0012 25E3      		ldi r18,lo8(53)
  85 0014 3AEF      		ldi r19,lo8(-6)
  86 0016 4EE8      		ldi r20,lo8(-114)
  87 0018 5CE3      		ldi r21,lo8(60)
  88 001a 0E94 0000 		call __divsf3
  89 001e 0E94 0000 		call __fixsfsi
  90 0022 AB01      		movw r20,r22
  91 0024 BC01      		movw r22,r24
  92 0026 CE01      		movw r24,r28
  93 0028 0E94 0000 		call lua_pushnumber
  94 002c 81E0      		ldi r24,lo8(1)
  95 002e 90E0      		ldi r25,0
  96               	/* epilogue start */
  97 0030 DF91      		pop r29
  98 0032 CF91      		pop r28
  99 0034 0895      		ret
 100               		.size	math_deg, .-math_deg
 101               		.section	.text.math_abs,"ax",@progbits
 102               		.type	math_abs, @function
 103               	math_abs:
 104 0000 CF93      		push r28
 105 0002 DF93      		push r29
 106               	/* prologue: function */
 107               	/* frame size = 0 */
 108               	/* stack size = 2 */
 109               	.L__stack_usage = 2
 110 0004 EC01      		movw r28,r24
 111 0006 61E0      		ldi r22,lo8(1)
 112 0008 70E0      		ldi r23,0
 113 000a 0E94 0000 		call luaL_checknumber
 114 000e 0E94 0000 		call __floatsisf
GAS LISTING /tmp/cc6kL7B8.s 			page 3


 115 0012 9F77      		andi r25,0x7f
 116 0014 0E94 0000 		call __fixsfsi
 117 0018 AB01      		movw r20,r22
 118 001a BC01      		movw r22,r24
 119 001c CE01      		movw r24,r28
 120 001e 0E94 0000 		call lua_pushnumber
 121 0022 81E0      		ldi r24,lo8(1)
 122 0024 90E0      		ldi r25,0
 123               	/* epilogue start */
 124 0026 DF91      		pop r29
 125 0028 CF91      		pop r28
 126 002a 0895      		ret
 127               		.size	math_abs, .-math_abs
 128               		.section	.text.math_tanh,"ax",@progbits
 129               		.type	math_tanh, @function
 130               	math_tanh:
 131 0000 CF93      		push r28
 132 0002 DF93      		push r29
 133               	/* prologue: function */
 134               	/* frame size = 0 */
 135               	/* stack size = 2 */
 136               	.L__stack_usage = 2
 137 0004 EC01      		movw r28,r24
 138 0006 61E0      		ldi r22,lo8(1)
 139 0008 70E0      		ldi r23,0
 140 000a 0E94 0000 		call luaL_checknumber
 141 000e 0E94 0000 		call __floatsisf
 142 0012 0E94 0000 		call tanh
 143 0016 0E94 0000 		call __fixsfsi
 144 001a AB01      		movw r20,r22
 145 001c BC01      		movw r22,r24
 146 001e CE01      		movw r24,r28
 147 0020 0E94 0000 		call lua_pushnumber
 148 0024 81E0      		ldi r24,lo8(1)
 149 0026 90E0      		ldi r25,0
 150               	/* epilogue start */
 151 0028 DF91      		pop r29
 152 002a CF91      		pop r28
 153 002c 0895      		ret
 154               		.size	math_tanh, .-math_tanh
 155               		.section	.text.math_sqrt,"ax",@progbits
 156               		.type	math_sqrt, @function
 157               	math_sqrt:
 158 0000 CF93      		push r28
 159 0002 DF93      		push r29
 160               	/* prologue: function */
 161               	/* frame size = 0 */
 162               	/* stack size = 2 */
 163               	.L__stack_usage = 2
 164 0004 EC01      		movw r28,r24
 165 0006 61E0      		ldi r22,lo8(1)
 166 0008 70E0      		ldi r23,0
 167 000a 0E94 0000 		call luaL_checknumber
 168 000e 0E94 0000 		call __floatsisf
 169 0012 0E94 0000 		call sqrt
 170 0016 0E94 0000 		call __fixsfsi
 171 001a AB01      		movw r20,r22
GAS LISTING /tmp/cc6kL7B8.s 			page 4


 172 001c BC01      		movw r22,r24
 173 001e CE01      		movw r24,r28
 174 0020 0E94 0000 		call lua_pushnumber
 175 0024 81E0      		ldi r24,lo8(1)
 176 0026 90E0      		ldi r25,0
 177               	/* epilogue start */
 178 0028 DF91      		pop r29
 179 002a CF91      		pop r28
 180 002c 0895      		ret
 181               		.size	math_sqrt, .-math_sqrt
 182               		.section	.text.math_sin,"ax",@progbits
 183               		.type	math_sin, @function
 184               	math_sin:
 185 0000 CF93      		push r28
 186 0002 DF93      		push r29
 187               	/* prologue: function */
 188               	/* frame size = 0 */
 189               	/* stack size = 2 */
 190               	.L__stack_usage = 2
 191 0004 EC01      		movw r28,r24
 192 0006 61E0      		ldi r22,lo8(1)
 193 0008 70E0      		ldi r23,0
 194 000a 0E94 0000 		call luaL_checknumber
 195 000e 0E94 0000 		call __floatsisf
 196 0012 0E94 0000 		call sin
 197 0016 0E94 0000 		call __fixsfsi
 198 001a AB01      		movw r20,r22
 199 001c BC01      		movw r22,r24
 200 001e CE01      		movw r24,r28
 201 0020 0E94 0000 		call lua_pushnumber
 202 0024 81E0      		ldi r24,lo8(1)
 203 0026 90E0      		ldi r25,0
 204               	/* epilogue start */
 205 0028 DF91      		pop r29
 206 002a CF91      		pop r28
 207 002c 0895      		ret
 208               		.size	math_sin, .-math_sin
 209               		.section	.text.math_sinh,"ax",@progbits
 210               		.type	math_sinh, @function
 211               	math_sinh:
 212 0000 CF93      		push r28
 213 0002 DF93      		push r29
 214               	/* prologue: function */
 215               	/* frame size = 0 */
 216               	/* stack size = 2 */
 217               	.L__stack_usage = 2
 218 0004 EC01      		movw r28,r24
 219 0006 61E0      		ldi r22,lo8(1)
 220 0008 70E0      		ldi r23,0
 221 000a 0E94 0000 		call luaL_checknumber
 222 000e 0E94 0000 		call __floatsisf
 223 0012 0E94 0000 		call sinh
 224 0016 0E94 0000 		call __fixsfsi
 225 001a AB01      		movw r20,r22
 226 001c BC01      		movw r22,r24
 227 001e CE01      		movw r24,r28
 228 0020 0E94 0000 		call lua_pushnumber
GAS LISTING /tmp/cc6kL7B8.s 			page 5


 229 0024 81E0      		ldi r24,lo8(1)
 230 0026 90E0      		ldi r25,0
 231               	/* epilogue start */
 232 0028 DF91      		pop r29
 233 002a CF91      		pop r28
 234 002c 0895      		ret
 235               		.size	math_sinh, .-math_sinh
 236               		.section	.text.math_randomseed,"ax",@progbits
 237               		.type	math_randomseed, @function
 238               	math_randomseed:
 239               	/* prologue: function */
 240               	/* frame size = 0 */
 241               	/* stack size = 0 */
 242               	.L__stack_usage = 0
 243 0000 61E0      		ldi r22,lo8(1)
 244 0002 70E0      		ldi r23,0
 245 0004 0E94 0000 		call luaL_checkinteger
 246 0008 0E94 0000 		call srand
 247 000c 80E0      		ldi r24,0
 248 000e 90E0      		ldi r25,0
 249 0010 0895      		ret
 250               		.size	math_randomseed, .-math_randomseed
 251               		.section	.text.math_min,"ax",@progbits
 252               		.type	math_min, @function
 253               	math_min:
 254 0000 AF92      		push r10
 255 0002 BF92      		push r11
 256 0004 CF92      		push r12
 257 0006 DF92      		push r13
 258 0008 EF92      		push r14
 259 000a FF92      		push r15
 260 000c 0F93      		push r16
 261 000e 1F93      		push r17
 262 0010 CF93      		push r28
 263 0012 DF93      		push r29
 264               	/* prologue: function */
 265               	/* frame size = 0 */
 266               	/* stack size = 10 */
 267               	.L__stack_usage = 10
 268 0014 EC01      		movw r28,r24
 269 0016 0E94 0000 		call lua_gettop
 270 001a 5C01      		movw r10,r24
 271 001c 61E0      		ldi r22,lo8(1)
 272 001e 70E0      		ldi r23,0
 273 0020 CE01      		movw r24,r28
 274 0022 0E94 0000 		call luaL_checknumber
 275 0026 6B01      		movw r12,r22
 276 0028 7C01      		movw r14,r24
 277 002a 02E0      		ldi r16,lo8(2)
 278 002c 10E0      		ldi r17,0
 279               	.L11:
 280 002e A016      		cp r10,r16
 281 0030 B106      		cpc r11,r17
 282 0032 04F0      		brlt .L15
 283 0034 B801      		movw r22,r16
 284 0036 CE01      		movw r24,r28
 285 0038 0E94 0000 		call luaL_checknumber
GAS LISTING /tmp/cc6kL7B8.s 			page 6


 286 003c 6C15      		cp r22,r12
 287 003e 7D05      		cpc r23,r13
 288 0040 8E05      		cpc r24,r14
 289 0042 9F05      		cpc r25,r15
 290 0044 04F4      		brge .L12
 291 0046 6B01      		movw r12,r22
 292 0048 7C01      		movw r14,r24
 293               	.L12:
 294 004a 0F5F      		subi r16,-1
 295 004c 1F4F      		sbci r17,-1
 296 004e 00C0      		rjmp .L11
 297               	.L15:
 298 0050 B701      		movw r22,r14
 299 0052 A601      		movw r20,r12
 300 0054 CE01      		movw r24,r28
 301 0056 0E94 0000 		call lua_pushnumber
 302 005a 81E0      		ldi r24,lo8(1)
 303 005c 90E0      		ldi r25,0
 304               	/* epilogue start */
 305 005e DF91      		pop r29
 306 0060 CF91      		pop r28
 307 0062 1F91      		pop r17
 308 0064 0F91      		pop r16
 309 0066 FF90      		pop r15
 310 0068 EF90      		pop r14
 311 006a DF90      		pop r13
 312 006c CF90      		pop r12
 313 006e BF90      		pop r11
 314 0070 AF90      		pop r10
 315 0072 0895      		ret
 316               		.size	math_min, .-math_min
 317               		.section	.text.math_max,"ax",@progbits
 318               		.type	math_max, @function
 319               	math_max:
 320 0000 AF92      		push r10
 321 0002 BF92      		push r11
 322 0004 CF92      		push r12
 323 0006 DF92      		push r13
 324 0008 EF92      		push r14
 325 000a FF92      		push r15
 326 000c 0F93      		push r16
 327 000e 1F93      		push r17
 328 0010 CF93      		push r28
 329 0012 DF93      		push r29
 330               	/* prologue: function */
 331               	/* frame size = 0 */
 332               	/* stack size = 10 */
 333               	.L__stack_usage = 10
 334 0014 EC01      		movw r28,r24
 335 0016 0E94 0000 		call lua_gettop
 336 001a 5C01      		movw r10,r24
 337 001c 61E0      		ldi r22,lo8(1)
 338 001e 70E0      		ldi r23,0
 339 0020 CE01      		movw r24,r28
 340 0022 0E94 0000 		call luaL_checknumber
 341 0026 6B01      		movw r12,r22
 342 0028 7C01      		movw r14,r24
GAS LISTING /tmp/cc6kL7B8.s 			page 7


 343 002a 02E0      		ldi r16,lo8(2)
 344 002c 10E0      		ldi r17,0
 345               	.L17:
 346 002e A016      		cp r10,r16
 347 0030 B106      		cpc r11,r17
 348 0032 04F0      		brlt .L20
 349 0034 B801      		movw r22,r16
 350 0036 CE01      		movw r24,r28
 351 0038 0E94 0000 		call luaL_checknumber
 352 003c C616      		cp r12,r22
 353 003e D706      		cpc r13,r23
 354 0040 E806      		cpc r14,r24
 355 0042 F906      		cpc r15,r25
 356 0044 04F4      		brge .L18
 357 0046 6B01      		movw r12,r22
 358 0048 7C01      		movw r14,r24
 359               	.L18:
 360 004a 0F5F      		subi r16,-1
 361 004c 1F4F      		sbci r17,-1
 362 004e 00C0      		rjmp .L17
 363               	.L20:
 364 0050 B701      		movw r22,r14
 365 0052 A601      		movw r20,r12
 366 0054 CE01      		movw r24,r28
 367 0056 0E94 0000 		call lua_pushnumber
 368 005a 81E0      		ldi r24,lo8(1)
 369 005c 90E0      		ldi r25,0
 370               	/* epilogue start */
 371 005e DF91      		pop r29
 372 0060 CF91      		pop r28
 373 0062 1F91      		pop r17
 374 0064 0F91      		pop r16
 375 0066 FF90      		pop r15
 376 0068 EF90      		pop r14
 377 006a DF90      		pop r13
 378 006c CF90      		pop r12
 379 006e BF90      		pop r11
 380 0070 AF90      		pop r10
 381 0072 0895      		ret
 382               		.size	math_max, .-math_max
 383               		.section	.text.math_floor,"ax",@progbits
 384               		.type	math_floor, @function
 385               	math_floor:
 386 0000 CF93      		push r28
 387 0002 DF93      		push r29
 388               	/* prologue: function */
 389               	/* frame size = 0 */
 390               	/* stack size = 2 */
 391               	.L__stack_usage = 2
 392 0004 EC01      		movw r28,r24
 393 0006 61E0      		ldi r22,lo8(1)
 394 0008 70E0      		ldi r23,0
 395 000a 0E94 0000 		call luaL_checknumber
 396 000e 0E94 0000 		call __floatsisf
 397 0012 0E94 0000 		call floor
 398 0016 0E94 0000 		call __fixsfsi
 399 001a AB01      		movw r20,r22
GAS LISTING /tmp/cc6kL7B8.s 			page 8


 400 001c BC01      		movw r22,r24
 401 001e CE01      		movw r24,r28
 402 0020 0E94 0000 		call lua_pushnumber
 403 0024 81E0      		ldi r24,lo8(1)
 404 0026 90E0      		ldi r25,0
 405               	/* epilogue start */
 406 0028 DF91      		pop r29
 407 002a CF91      		pop r28
 408 002c 0895      		ret
 409               		.size	math_floor, .-math_floor
 410               		.section	.rodata.str1.1,"aMS",@progbits,1
 411               	.LC0:
 412 0000 696E 7465 		.string	"interval is empty"
 412      7276 616C 
 412      2069 7320 
 412      656D 7074 
 412      7900 
 413               	.global	__addsf3
 414               	.LC1:
 415 0012 7772 6F6E 		.string	"wrong number of arguments"
 415      6720 6E75 
 415      6D62 6572 
 415      206F 6620 
 415      6172 6775 
 416               		.section	.text.math_random,"ax",@progbits
 417               		.type	math_random, @function
 418               	math_random:
 419 0000 0F93      		push r16
 420 0002 1F93      		push r17
 421 0004 CF93      		push r28
 422 0006 DF93      		push r29
 423               	/* prologue: function */
 424               	/* frame size = 0 */
 425               	/* stack size = 4 */
 426               	.L__stack_usage = 4
 427 0008 EC01      		movw r28,r24
 428 000a 0E94 0000 		call rand
 429 000e CE01      		movw r24,r28
 430 0010 0E94 0000 		call lua_gettop
 431 0014 8C01      		movw r16,r24
 432 0016 8130      		cpi r24,1
 433 0018 9105      		cpc r25,__zero_reg__
 434 001a 01F0      		breq .L24
 435 001c 8230      		cpi r24,2
 436 001e 9105      		cpc r25,__zero_reg__
 437 0020 01F0      		breq .L25
 438 0022 892B      		or r24,r25
 439 0024 01F0      		breq .+2
 440 0026 00C0      		rjmp .L30
 441 0028 40E0      		ldi r20,0
 442 002a 50E0      		ldi r21,0
 443 002c BA01      		movw r22,r20
 444 002e 00C0      		rjmp .L31
 445               	.L24:
 446 0030 61E0      		ldi r22,lo8(1)
 447 0032 70E0      		ldi r23,0
 448 0034 CE01      		movw r24,r28
GAS LISTING /tmp/cc6kL7B8.s 			page 9


 449 0036 0E94 0000 		call luaL_checkinteger
 450 003a 1816      		cp __zero_reg__,r24
 451 003c 1906      		cpc __zero_reg__,r25
 452 003e 04F0      		brlt .L28
 453 0040 40E0      		ldi r20,lo8(.LC0)
 454 0042 50E0      		ldi r21,hi8(.LC0)
 455 0044 61E0      		ldi r22,lo8(1)
 456 0046 70E0      		ldi r23,0
 457 0048 CE01      		movw r24,r28
 458 004a 0E94 0000 		call luaL_argerror
 459               	.L28:
 460 004e 41E0      		ldi r20,lo8(1)
 461 0050 50E0      		ldi r21,0
 462 0052 60E0      		ldi r22,0
 463 0054 70E0      		ldi r23,0
 464 0056 CE01      		movw r24,r28
 465 0058 0E94 0000 		call lua_pushnumber
 466 005c 00C0      		rjmp .L27
 467               	.L25:
 468 005e 61E0      		ldi r22,lo8(1)
 469 0060 70E0      		ldi r23,0
 470 0062 CE01      		movw r24,r28
 471 0064 0E94 0000 		call luaL_checkinteger
 472 0068 8C01      		movw r16,r24
 473 006a 62E0      		ldi r22,lo8(2)
 474 006c 70E0      		ldi r23,0
 475 006e CE01      		movw r24,r28
 476 0070 0E94 0000 		call luaL_checkinteger
 477 0074 8017      		cp r24,r16
 478 0076 9107      		cpc r25,r17
 479 0078 04F4      		brge .L29
 480 007a 40E0      		ldi r20,lo8(.LC0)
 481 007c 50E0      		ldi r21,hi8(.LC0)
 482 007e 62E0      		ldi r22,lo8(2)
 483 0080 70E0      		ldi r23,0
 484 0082 CE01      		movw r24,r28
 485 0084 0E94 0000 		call luaL_argerror
 486               	.L29:
 487 0088 B801      		movw r22,r16
 488 008a 110F      		lsl r17
 489 008c 880B      		sbc r24,r24
 490 008e 990B      		sbc r25,r25
 491 0090 0E94 0000 		call __floatsisf
 492 0094 20E0      		ldi r18,0
 493 0096 30E0      		ldi r19,0
 494 0098 A901      		movw r20,r18
 495 009a 0E94 0000 		call __addsf3
 496 009e 0E94 0000 		call __fixsfsi
 497 00a2 AB01      		movw r20,r22
 498 00a4 BC01      		movw r22,r24
 499               	.L31:
 500 00a6 CE01      		movw r24,r28
 501 00a8 0E94 0000 		call lua_pushnumber
 502 00ac 01E0      		ldi r16,lo8(1)
 503 00ae 10E0      		ldi r17,0
 504 00b0 00C0      		rjmp .L27
 505               	.L30:
GAS LISTING /tmp/cc6kL7B8.s 			page 10


 506 00b2 80E0      		ldi r24,lo8(.LC1)
 507 00b4 90E0      		ldi r25,hi8(.LC1)
 508 00b6 9F93      		push r25
 509 00b8 8F93      		push r24
 510 00ba DF93      		push r29
 511 00bc CF93      		push r28
 512 00be 0E94 0000 		call luaL_error
 513 00c2 8C01      		movw r16,r24
 514 00c4 0F90      		pop __tmp_reg__
 515 00c6 0F90      		pop __tmp_reg__
 516 00c8 0F90      		pop __tmp_reg__
 517 00ca 0F90      		pop __tmp_reg__
 518               	.L27:
 519 00cc C801      		movw r24,r16
 520               	/* epilogue start */
 521 00ce DF91      		pop r29
 522 00d0 CF91      		pop r28
 523 00d2 1F91      		pop r17
 524 00d4 0F91      		pop r16
 525 00d6 0895      		ret
 526               		.size	math_random, .-math_random
 527               		.section	.text.math_pow,"ax",@progbits
 528               		.type	math_pow, @function
 529               	math_pow:
 530 0000 8F92      		push r8
 531 0002 9F92      		push r9
 532 0004 AF92      		push r10
 533 0006 BF92      		push r11
 534 0008 CF92      		push r12
 535 000a DF92      		push r13
 536 000c EF92      		push r14
 537 000e FF92      		push r15
 538 0010 0F93      		push r16
 539 0012 1F93      		push r17
 540 0014 CF93      		push r28
 541 0016 DF93      		push r29
 542 0018 00D0      		rcall .
 543 001a 1F92      		push __zero_reg__
 544 001c CDB7      		in r28,__SP_L__
 545 001e DEB7      		in r29,__SP_H__
 546               	/* prologue: function */
 547               	/* frame size = 4 */
 548               	/* stack size = 16 */
 549               	.L__stack_usage = 16
 550 0020 8C01      		movw r16,r24
 551 0022 62E0      		ldi r22,lo8(2)
 552 0024 70E0      		ldi r23,0
 553 0026 0E94 0000 		call luaL_checknumber
 554 002a 4B01      		movw r8,r22
 555 002c 5C01      		movw r10,r24
 556 002e 61E0      		ldi r22,lo8(1)
 557 0030 70E0      		ldi r23,0
 558 0032 C801      		movw r24,r16
 559 0034 0E94 0000 		call luaL_checknumber
 560 0038 6B01      		movw r12,r22
 561 003a 7C01      		movw r14,r24
 562 003c C501      		movw r24,r10
GAS LISTING /tmp/cc6kL7B8.s 			page 11


 563 003e B401      		movw r22,r8
 564 0040 0E94 0000 		call __floatsisf
 565 0044 9B01      		movw r18,r22
 566 0046 AC01      		movw r20,r24
 567 0048 C701      		movw r24,r14
 568 004a B601      		movw r22,r12
 569 004c 2983      		std Y+1,r18
 570 004e 3A83      		std Y+2,r19
 571 0050 4B83      		std Y+3,r20
 572 0052 5C83      		std Y+4,r21
 573 0054 0E94 0000 		call __floatsisf
 574 0058 2981      		ldd r18,Y+1
 575 005a 3A81      		ldd r19,Y+2
 576 005c 4B81      		ldd r20,Y+3
 577 005e 5C81      		ldd r21,Y+4
 578 0060 0E94 0000 		call pow
 579 0064 0E94 0000 		call __fixsfsi
 580 0068 AB01      		movw r20,r22
 581 006a BC01      		movw r22,r24
 582 006c C801      		movw r24,r16
 583 006e 0E94 0000 		call lua_pushnumber
 584 0072 81E0      		ldi r24,lo8(1)
 585 0074 90E0      		ldi r25,0
 586               	/* epilogue start */
 587 0076 0F90      		pop __tmp_reg__
 588 0078 0F90      		pop __tmp_reg__
 589 007a 0F90      		pop __tmp_reg__
 590 007c 0F90      		pop __tmp_reg__
 591 007e DF91      		pop r29
 592 0080 CF91      		pop r28
 593 0082 1F91      		pop r17
 594 0084 0F91      		pop r16
 595 0086 FF90      		pop r15
 596 0088 EF90      		pop r14
 597 008a DF90      		pop r13
 598 008c CF90      		pop r12
 599 008e BF90      		pop r11
 600 0090 AF90      		pop r10
 601 0092 9F90      		pop r9
 602 0094 8F90      		pop r8
 603 0096 0895      		ret
 604               		.size	math_pow, .-math_pow
 605               		.section	.text.math_modf,"ax",@progbits
 606               		.type	math_modf, @function
 607               	math_modf:
 608 0000 CF92      		push r12
 609 0002 DF92      		push r13
 610 0004 EF92      		push r14
 611 0006 FF92      		push r15
 612 0008 0F93      		push r16
 613 000a 1F93      		push r17
 614 000c CF93      		push r28
 615 000e DF93      		push r29
 616 0010 00D0      		rcall .
 617 0012 1F92      		push __zero_reg__
 618 0014 CDB7      		in r28,__SP_L__
 619 0016 DEB7      		in r29,__SP_H__
GAS LISTING /tmp/cc6kL7B8.s 			page 12


 620               	/* prologue: function */
 621               	/* frame size = 4 */
 622               	/* stack size = 12 */
 623               	.L__stack_usage = 12
 624 0018 8C01      		movw r16,r24
 625 001a 61E0      		ldi r22,lo8(1)
 626 001c 70E0      		ldi r23,0
 627 001e 0E94 0000 		call luaL_checknumber
 628 0022 0E94 0000 		call __floatsisf
 629 0026 AE01      		movw r20,r28
 630 0028 4F5F      		subi r20,-1
 631 002a 5F4F      		sbci r21,-1
 632 002c 0E94 0000 		call modf
 633 0030 6B01      		movw r12,r22
 634 0032 7C01      		movw r14,r24
 635 0034 6981      		ldd r22,Y+1
 636 0036 7A81      		ldd r23,Y+2
 637 0038 8B81      		ldd r24,Y+3
 638 003a 9C81      		ldd r25,Y+4
 639 003c 0E94 0000 		call __fixsfsi
 640 0040 AB01      		movw r20,r22
 641 0042 BC01      		movw r22,r24
 642 0044 C801      		movw r24,r16
 643 0046 0E94 0000 		call lua_pushnumber
 644 004a C701      		movw r24,r14
 645 004c B601      		movw r22,r12
 646 004e 0E94 0000 		call __fixsfsi
 647 0052 AB01      		movw r20,r22
 648 0054 BC01      		movw r22,r24
 649 0056 C801      		movw r24,r16
 650 0058 0E94 0000 		call lua_pushnumber
 651 005c 82E0      		ldi r24,lo8(2)
 652 005e 90E0      		ldi r25,0
 653               	/* epilogue start */
 654 0060 0F90      		pop __tmp_reg__
 655 0062 0F90      		pop __tmp_reg__
 656 0064 0F90      		pop __tmp_reg__
 657 0066 0F90      		pop __tmp_reg__
 658 0068 DF91      		pop r29
 659 006a CF91      		pop r28
 660 006c 1F91      		pop r17
 661 006e 0F91      		pop r16
 662 0070 FF90      		pop r15
 663 0072 EF90      		pop r14
 664 0074 DF90      		pop r13
 665 0076 CF90      		pop r12
 666 0078 0895      		ret
 667               		.size	math_modf, .-math_modf
 668               		.section	.text.math_log,"ax",@progbits
 669               		.type	math_log, @function
 670               	math_log:
 671 0000 CF93      		push r28
 672 0002 DF93      		push r29
 673               	/* prologue: function */
 674               	/* frame size = 0 */
 675               	/* stack size = 2 */
 676               	.L__stack_usage = 2
GAS LISTING /tmp/cc6kL7B8.s 			page 13


 677 0004 EC01      		movw r28,r24
 678 0006 61E0      		ldi r22,lo8(1)
 679 0008 70E0      		ldi r23,0
 680 000a 0E94 0000 		call luaL_checknumber
 681 000e 0E94 0000 		call __floatsisf
 682 0012 0E94 0000 		call log
 683 0016 0E94 0000 		call __fixsfsi
 684 001a AB01      		movw r20,r22
 685 001c BC01      		movw r22,r24
 686 001e CE01      		movw r24,r28
 687 0020 0E94 0000 		call lua_pushnumber
 688 0024 81E0      		ldi r24,lo8(1)
 689 0026 90E0      		ldi r25,0
 690               	/* epilogue start */
 691 0028 DF91      		pop r29
 692 002a CF91      		pop r28
 693 002c 0895      		ret
 694               		.size	math_log, .-math_log
 695               		.section	.text.math_log10,"ax",@progbits
 696               		.type	math_log10, @function
 697               	math_log10:
 698 0000 CF93      		push r28
 699 0002 DF93      		push r29
 700               	/* prologue: function */
 701               	/* frame size = 0 */
 702               	/* stack size = 2 */
 703               	.L__stack_usage = 2
 704 0004 EC01      		movw r28,r24
 705 0006 61E0      		ldi r22,lo8(1)
 706 0008 70E0      		ldi r23,0
 707 000a 0E94 0000 		call luaL_checknumber
 708 000e 0E94 0000 		call __floatsisf
 709 0012 0E94 0000 		call log10
 710 0016 0E94 0000 		call __fixsfsi
 711 001a AB01      		movw r20,r22
 712 001c BC01      		movw r22,r24
 713 001e CE01      		movw r24,r28
 714 0020 0E94 0000 		call lua_pushnumber
 715 0024 81E0      		ldi r24,lo8(1)
 716 0026 90E0      		ldi r25,0
 717               	/* epilogue start */
 718 0028 DF91      		pop r29
 719 002a CF91      		pop r28
 720 002c 0895      		ret
 721               		.size	math_log10, .-math_log10
 722               		.section	.text.math_ldexp,"ax",@progbits
 723               		.type	math_ldexp, @function
 724               	math_ldexp:
 725 0000 0F93      		push r16
 726 0002 1F93      		push r17
 727 0004 CF93      		push r28
 728 0006 DF93      		push r29
 729               	/* prologue: function */
 730               	/* frame size = 0 */
 731               	/* stack size = 4 */
 732               	.L__stack_usage = 4
 733 0008 EC01      		movw r28,r24
GAS LISTING /tmp/cc6kL7B8.s 			page 14


 734 000a 62E0      		ldi r22,lo8(2)
 735 000c 70E0      		ldi r23,0
 736 000e 0E94 0000 		call luaL_checkinteger
 737 0012 8C01      		movw r16,r24
 738 0014 61E0      		ldi r22,lo8(1)
 739 0016 70E0      		ldi r23,0
 740 0018 CE01      		movw r24,r28
 741 001a 0E94 0000 		call luaL_checknumber
 742 001e 0E94 0000 		call __floatsisf
 743 0022 A801      		movw r20,r16
 744 0024 0E94 0000 		call ldexp
 745 0028 0E94 0000 		call __fixsfsi
 746 002c AB01      		movw r20,r22
 747 002e BC01      		movw r22,r24
 748 0030 CE01      		movw r24,r28
 749 0032 0E94 0000 		call lua_pushnumber
 750 0036 81E0      		ldi r24,lo8(1)
 751 0038 90E0      		ldi r25,0
 752               	/* epilogue start */
 753 003a DF91      		pop r29
 754 003c CF91      		pop r28
 755 003e 1F91      		pop r17
 756 0040 0F91      		pop r16
 757 0042 0895      		ret
 758               		.size	math_ldexp, .-math_ldexp
 759               		.section	.text.math_frexp,"ax",@progbits
 760               		.type	math_frexp, @function
 761               	math_frexp:
 762 0000 0F93      		push r16
 763 0002 1F93      		push r17
 764 0004 CF93      		push r28
 765 0006 DF93      		push r29
 766 0008 1F92      		push __zero_reg__
 767 000a 1F92      		push __zero_reg__
 768 000c CDB7      		in r28,__SP_L__
 769 000e DEB7      		in r29,__SP_H__
 770               	/* prologue: function */
 771               	/* frame size = 2 */
 772               	/* stack size = 6 */
 773               	.L__stack_usage = 6
 774 0010 8C01      		movw r16,r24
 775 0012 61E0      		ldi r22,lo8(1)
 776 0014 70E0      		ldi r23,0
 777 0016 0E94 0000 		call luaL_checknumber
 778 001a 0E94 0000 		call __floatsisf
 779 001e AE01      		movw r20,r28
 780 0020 4F5F      		subi r20,-1
 781 0022 5F4F      		sbci r21,-1
 782 0024 0E94 0000 		call frexp
 783 0028 0E94 0000 		call __fixsfsi
 784 002c AB01      		movw r20,r22
 785 002e BC01      		movw r22,r24
 786 0030 C801      		movw r24,r16
 787 0032 0E94 0000 		call lua_pushnumber
 788 0036 6981      		ldd r22,Y+1
 789 0038 7A81      		ldd r23,Y+2
 790 003a C801      		movw r24,r16
GAS LISTING /tmp/cc6kL7B8.s 			page 15


 791 003c 0E94 0000 		call lua_pushinteger
 792 0040 82E0      		ldi r24,lo8(2)
 793 0042 90E0      		ldi r25,0
 794               	/* epilogue start */
 795 0044 0F90      		pop __tmp_reg__
 796 0046 0F90      		pop __tmp_reg__
 797 0048 DF91      		pop r29
 798 004a CF91      		pop r28
 799 004c 1F91      		pop r17
 800 004e 0F91      		pop r16
 801 0050 0895      		ret
 802               		.size	math_frexp, .-math_frexp
 803               		.section	.text.math_fmod,"ax",@progbits
 804               		.type	math_fmod, @function
 805               	math_fmod:
 806 0000 8F92      		push r8
 807 0002 9F92      		push r9
 808 0004 AF92      		push r10
 809 0006 BF92      		push r11
 810 0008 CF92      		push r12
 811 000a DF92      		push r13
 812 000c EF92      		push r14
 813 000e FF92      		push r15
 814 0010 0F93      		push r16
 815 0012 1F93      		push r17
 816 0014 CF93      		push r28
 817 0016 DF93      		push r29
 818 0018 00D0      		rcall .
 819 001a 1F92      		push __zero_reg__
 820 001c CDB7      		in r28,__SP_L__
 821 001e DEB7      		in r29,__SP_H__
 822               	/* prologue: function */
 823               	/* frame size = 4 */
 824               	/* stack size = 16 */
 825               	.L__stack_usage = 16
 826 0020 8C01      		movw r16,r24
 827 0022 62E0      		ldi r22,lo8(2)
 828 0024 70E0      		ldi r23,0
 829 0026 0E94 0000 		call luaL_checknumber
 830 002a 4B01      		movw r8,r22
 831 002c 5C01      		movw r10,r24
 832 002e 61E0      		ldi r22,lo8(1)
 833 0030 70E0      		ldi r23,0
 834 0032 C801      		movw r24,r16
 835 0034 0E94 0000 		call luaL_checknumber
 836 0038 6B01      		movw r12,r22
 837 003a 7C01      		movw r14,r24
 838 003c C501      		movw r24,r10
 839 003e B401      		movw r22,r8
 840 0040 0E94 0000 		call __floatsisf
 841 0044 9B01      		movw r18,r22
 842 0046 AC01      		movw r20,r24
 843 0048 C701      		movw r24,r14
 844 004a B601      		movw r22,r12
 845 004c 2983      		std Y+1,r18
 846 004e 3A83      		std Y+2,r19
 847 0050 4B83      		std Y+3,r20
GAS LISTING /tmp/cc6kL7B8.s 			page 16


 848 0052 5C83      		std Y+4,r21
 849 0054 0E94 0000 		call __floatsisf
 850 0058 2981      		ldd r18,Y+1
 851 005a 3A81      		ldd r19,Y+2
 852 005c 4B81      		ldd r20,Y+3
 853 005e 5C81      		ldd r21,Y+4
 854 0060 0E94 0000 		call fmod
 855 0064 0E94 0000 		call __fixsfsi
 856 0068 AB01      		movw r20,r22
 857 006a BC01      		movw r22,r24
 858 006c C801      		movw r24,r16
 859 006e 0E94 0000 		call lua_pushnumber
 860 0072 81E0      		ldi r24,lo8(1)
 861 0074 90E0      		ldi r25,0
 862               	/* epilogue start */
 863 0076 0F90      		pop __tmp_reg__
 864 0078 0F90      		pop __tmp_reg__
 865 007a 0F90      		pop __tmp_reg__
 866 007c 0F90      		pop __tmp_reg__
 867 007e DF91      		pop r29
 868 0080 CF91      		pop r28
 869 0082 1F91      		pop r17
 870 0084 0F91      		pop r16
 871 0086 FF90      		pop r15
 872 0088 EF90      		pop r14
 873 008a DF90      		pop r13
 874 008c CF90      		pop r12
 875 008e BF90      		pop r11
 876 0090 AF90      		pop r10
 877 0092 9F90      		pop r9
 878 0094 8F90      		pop r8
 879 0096 0895      		ret
 880               		.size	math_fmod, .-math_fmod
 881               		.section	.text.math_exp,"ax",@progbits
 882               		.type	math_exp, @function
 883               	math_exp:
 884 0000 CF93      		push r28
 885 0002 DF93      		push r29
 886               	/* prologue: function */
 887               	/* frame size = 0 */
 888               	/* stack size = 2 */
 889               	.L__stack_usage = 2
 890 0004 EC01      		movw r28,r24
 891 0006 61E0      		ldi r22,lo8(1)
 892 0008 70E0      		ldi r23,0
 893 000a 0E94 0000 		call luaL_checknumber
 894 000e 0E94 0000 		call __floatsisf
 895 0012 0E94 0000 		call exp
 896 0016 0E94 0000 		call __fixsfsi
 897 001a AB01      		movw r20,r22
 898 001c BC01      		movw r22,r24
 899 001e CE01      		movw r24,r28
 900 0020 0E94 0000 		call lua_pushnumber
 901 0024 81E0      		ldi r24,lo8(1)
 902 0026 90E0      		ldi r25,0
 903               	/* epilogue start */
 904 0028 DF91      		pop r29
GAS LISTING /tmp/cc6kL7B8.s 			page 17


 905 002a CF91      		pop r28
 906 002c 0895      		ret
 907               		.size	math_exp, .-math_exp
 908               		.section	.text.math_cos,"ax",@progbits
 909               		.type	math_cos, @function
 910               	math_cos:
 911 0000 CF93      		push r28
 912 0002 DF93      		push r29
 913               	/* prologue: function */
 914               	/* frame size = 0 */
 915               	/* stack size = 2 */
 916               	.L__stack_usage = 2
 917 0004 EC01      		movw r28,r24
 918 0006 61E0      		ldi r22,lo8(1)
 919 0008 70E0      		ldi r23,0
 920 000a 0E94 0000 		call luaL_checknumber
 921 000e 0E94 0000 		call __floatsisf
 922 0012 0E94 0000 		call cos
 923 0016 0E94 0000 		call __fixsfsi
 924 001a AB01      		movw r20,r22
 925 001c BC01      		movw r22,r24
 926 001e CE01      		movw r24,r28
 927 0020 0E94 0000 		call lua_pushnumber
 928 0024 81E0      		ldi r24,lo8(1)
 929 0026 90E0      		ldi r25,0
 930               	/* epilogue start */
 931 0028 DF91      		pop r29
 932 002a CF91      		pop r28
 933 002c 0895      		ret
 934               		.size	math_cos, .-math_cos
 935               		.section	.text.math_cosh,"ax",@progbits
 936               		.type	math_cosh, @function
 937               	math_cosh:
 938 0000 CF93      		push r28
 939 0002 DF93      		push r29
 940               	/* prologue: function */
 941               	/* frame size = 0 */
 942               	/* stack size = 2 */
 943               	.L__stack_usage = 2
 944 0004 EC01      		movw r28,r24
 945 0006 61E0      		ldi r22,lo8(1)
 946 0008 70E0      		ldi r23,0
 947 000a 0E94 0000 		call luaL_checknumber
 948 000e 0E94 0000 		call __floatsisf
 949 0012 0E94 0000 		call cosh
 950 0016 0E94 0000 		call __fixsfsi
 951 001a AB01      		movw r20,r22
 952 001c BC01      		movw r22,r24
 953 001e CE01      		movw r24,r28
 954 0020 0E94 0000 		call lua_pushnumber
 955 0024 81E0      		ldi r24,lo8(1)
 956 0026 90E0      		ldi r25,0
 957               	/* epilogue start */
 958 0028 DF91      		pop r29
 959 002a CF91      		pop r28
 960 002c 0895      		ret
 961               		.size	math_cosh, .-math_cosh
GAS LISTING /tmp/cc6kL7B8.s 			page 18


 962               		.section	.text.math_ceil,"ax",@progbits
 963               		.type	math_ceil, @function
 964               	math_ceil:
 965 0000 CF93      		push r28
 966 0002 DF93      		push r29
 967               	/* prologue: function */
 968               	/* frame size = 0 */
 969               	/* stack size = 2 */
 970               	.L__stack_usage = 2
 971 0004 EC01      		movw r28,r24
 972 0006 61E0      		ldi r22,lo8(1)
 973 0008 70E0      		ldi r23,0
 974 000a 0E94 0000 		call luaL_checknumber
 975 000e 0E94 0000 		call __floatsisf
 976 0012 0E94 0000 		call ceil
 977 0016 0E94 0000 		call __fixsfsi
 978 001a AB01      		movw r20,r22
 979 001c BC01      		movw r22,r24
 980 001e CE01      		movw r24,r28
 981 0020 0E94 0000 		call lua_pushnumber
 982 0024 81E0      		ldi r24,lo8(1)
 983 0026 90E0      		ldi r25,0
 984               	/* epilogue start */
 985 0028 DF91      		pop r29
 986 002a CF91      		pop r28
 987 002c 0895      		ret
 988               		.size	math_ceil, .-math_ceil
 989               		.section	.text.math_atan,"ax",@progbits
 990               		.type	math_atan, @function
 991               	math_atan:
 992 0000 CF93      		push r28
 993 0002 DF93      		push r29
 994               	/* prologue: function */
 995               	/* frame size = 0 */
 996               	/* stack size = 2 */
 997               	.L__stack_usage = 2
 998 0004 EC01      		movw r28,r24
 999 0006 61E0      		ldi r22,lo8(1)
 1000 0008 70E0      		ldi r23,0
 1001 000a 0E94 0000 		call luaL_checknumber
 1002 000e 0E94 0000 		call __floatsisf
 1003 0012 0E94 0000 		call atan
 1004 0016 0E94 0000 		call __fixsfsi
 1005 001a AB01      		movw r20,r22
 1006 001c BC01      		movw r22,r24
 1007 001e CE01      		movw r24,r28
 1008 0020 0E94 0000 		call lua_pushnumber
 1009 0024 81E0      		ldi r24,lo8(1)
 1010 0026 90E0      		ldi r25,0
 1011               	/* epilogue start */
 1012 0028 DF91      		pop r29
 1013 002a CF91      		pop r28
 1014 002c 0895      		ret
 1015               		.size	math_atan, .-math_atan
 1016               		.section	.text.math_atan2,"ax",@progbits
 1017               		.type	math_atan2, @function
 1018               	math_atan2:
GAS LISTING /tmp/cc6kL7B8.s 			page 19


 1019 0000 8F92      		push r8
 1020 0002 9F92      		push r9
 1021 0004 AF92      		push r10
 1022 0006 BF92      		push r11
 1023 0008 CF92      		push r12
 1024 000a DF92      		push r13
 1025 000c EF92      		push r14
 1026 000e FF92      		push r15
 1027 0010 0F93      		push r16
 1028 0012 1F93      		push r17
 1029 0014 CF93      		push r28
 1030 0016 DF93      		push r29
 1031 0018 00D0      		rcall .
 1032 001a 1F92      		push __zero_reg__
 1033 001c CDB7      		in r28,__SP_L__
 1034 001e DEB7      		in r29,__SP_H__
 1035               	/* prologue: function */
 1036               	/* frame size = 4 */
 1037               	/* stack size = 16 */
 1038               	.L__stack_usage = 16
 1039 0020 8C01      		movw r16,r24
 1040 0022 62E0      		ldi r22,lo8(2)
 1041 0024 70E0      		ldi r23,0
 1042 0026 0E94 0000 		call luaL_checknumber
 1043 002a 4B01      		movw r8,r22
 1044 002c 5C01      		movw r10,r24
 1045 002e 61E0      		ldi r22,lo8(1)
 1046 0030 70E0      		ldi r23,0
 1047 0032 C801      		movw r24,r16
 1048 0034 0E94 0000 		call luaL_checknumber
 1049 0038 6B01      		movw r12,r22
 1050 003a 7C01      		movw r14,r24
 1051 003c C501      		movw r24,r10
 1052 003e B401      		movw r22,r8
 1053 0040 0E94 0000 		call __floatsisf
 1054 0044 9B01      		movw r18,r22
 1055 0046 AC01      		movw r20,r24
 1056 0048 C701      		movw r24,r14
 1057 004a B601      		movw r22,r12
 1058 004c 2983      		std Y+1,r18
 1059 004e 3A83      		std Y+2,r19
 1060 0050 4B83      		std Y+3,r20
 1061 0052 5C83      		std Y+4,r21
 1062 0054 0E94 0000 		call __floatsisf
 1063 0058 2981      		ldd r18,Y+1
 1064 005a 3A81      		ldd r19,Y+2
 1065 005c 4B81      		ldd r20,Y+3
 1066 005e 5C81      		ldd r21,Y+4
 1067 0060 0E94 0000 		call atan2
 1068 0064 0E94 0000 		call __fixsfsi
 1069 0068 AB01      		movw r20,r22
 1070 006a BC01      		movw r22,r24
 1071 006c C801      		movw r24,r16
 1072 006e 0E94 0000 		call lua_pushnumber
 1073 0072 81E0      		ldi r24,lo8(1)
 1074 0074 90E0      		ldi r25,0
 1075               	/* epilogue start */
GAS LISTING /tmp/cc6kL7B8.s 			page 20


 1076 0076 0F90      		pop __tmp_reg__
 1077 0078 0F90      		pop __tmp_reg__
 1078 007a 0F90      		pop __tmp_reg__
 1079 007c 0F90      		pop __tmp_reg__
 1080 007e DF91      		pop r29
 1081 0080 CF91      		pop r28
 1082 0082 1F91      		pop r17
 1083 0084 0F91      		pop r16
 1084 0086 FF90      		pop r15
 1085 0088 EF90      		pop r14
 1086 008a DF90      		pop r13
 1087 008c CF90      		pop r12
 1088 008e BF90      		pop r11
 1089 0090 AF90      		pop r10
 1090 0092 9F90      		pop r9
 1091 0094 8F90      		pop r8
 1092 0096 0895      		ret
 1093               		.size	math_atan2, .-math_atan2
 1094               		.section	.text.math_asin,"ax",@progbits
 1095               		.type	math_asin, @function
 1096               	math_asin:
 1097 0000 CF93      		push r28
 1098 0002 DF93      		push r29
 1099               	/* prologue: function */
 1100               	/* frame size = 0 */
 1101               	/* stack size = 2 */
 1102               	.L__stack_usage = 2
 1103 0004 EC01      		movw r28,r24
 1104 0006 61E0      		ldi r22,lo8(1)
 1105 0008 70E0      		ldi r23,0
 1106 000a 0E94 0000 		call luaL_checknumber
 1107 000e 0E94 0000 		call __floatsisf
 1108 0012 0E94 0000 		call asin
 1109 0016 0E94 0000 		call __fixsfsi
 1110 001a AB01      		movw r20,r22
 1111 001c BC01      		movw r22,r24
 1112 001e CE01      		movw r24,r28
 1113 0020 0E94 0000 		call lua_pushnumber
 1114 0024 81E0      		ldi r24,lo8(1)
 1115 0026 90E0      		ldi r25,0
 1116               	/* epilogue start */
 1117 0028 DF91      		pop r29
 1118 002a CF91      		pop r28
 1119 002c 0895      		ret
 1120               		.size	math_asin, .-math_asin
 1121               		.section	.text.math_acos,"ax",@progbits
 1122               		.type	math_acos, @function
 1123               	math_acos:
 1124 0000 CF93      		push r28
 1125 0002 DF93      		push r29
 1126               	/* prologue: function */
 1127               	/* frame size = 0 */
 1128               	/* stack size = 2 */
 1129               	.L__stack_usage = 2
 1130 0004 EC01      		movw r28,r24
 1131 0006 61E0      		ldi r22,lo8(1)
 1132 0008 70E0      		ldi r23,0
GAS LISTING /tmp/cc6kL7B8.s 			page 21


 1133 000a 0E94 0000 		call luaL_checknumber
 1134 000e 0E94 0000 		call __floatsisf
 1135 0012 0E94 0000 		call acos
 1136 0016 0E94 0000 		call __fixsfsi
 1137 001a AB01      		movw r20,r22
 1138 001c BC01      		movw r22,r24
 1139 001e CE01      		movw r24,r28
 1140 0020 0E94 0000 		call lua_pushnumber
 1141 0024 81E0      		ldi r24,lo8(1)
 1142 0026 90E0      		ldi r25,0
 1143               	/* epilogue start */
 1144 0028 DF91      		pop r29
 1145 002a CF91      		pop r28
 1146 002c 0895      		ret
 1147               		.size	math_acos, .-math_acos
 1148               		.section	.rodata.str1.1
 1149               	.LC2:
 1150 002c 6D61 7468 		.string	"math"
 1150      00
 1151               	.LC3:
 1152 0031 7069 00   		.string	"pi"
 1153               	.LC4:
 1154 0034 6875 6765 		.string	"huge"
 1154      00
 1155               	.LC5:
 1156 0039 666D 6F64 		.string	"fmod"
 1156      00
 1157               	.LC6:
 1158 003e 6D6F 6400 		.string	"mod"
 1159               		.section	.text.luaopen_math,"ax",@progbits
 1160               	.global	luaopen_math
 1161               		.type	luaopen_math, @function
 1162               	luaopen_math:
 1163 0000 CF93      		push r28
 1164 0002 DF93      		push r29
 1165               	/* prologue: function */
 1166               	/* frame size = 0 */
 1167               	/* stack size = 2 */
 1168               	.L__stack_usage = 2
 1169 0004 EC01      		movw r28,r24
 1170 0006 40E0      		ldi r20,lo8(mathlib)
 1171 0008 50E0      		ldi r21,hi8(mathlib)
 1172 000a 60E0      		ldi r22,lo8(.LC2)
 1173 000c 70E0      		ldi r23,hi8(.LC2)
 1174 000e 0E94 0000 		call luaL_register
 1175 0012 43E0      		ldi r20,lo8(3)
 1176 0014 50E0      		ldi r21,0
 1177 0016 60E0      		ldi r22,0
 1178 0018 70E0      		ldi r23,0
 1179 001a CE01      		movw r24,r28
 1180 001c 0E94 0000 		call lua_pushnumber
 1181 0020 40E0      		ldi r20,lo8(.LC3)
 1182 0022 50E0      		ldi r21,hi8(.LC3)
 1183 0024 6EEF      		ldi r22,lo8(-2)
 1184 0026 7FEF      		ldi r23,lo8(-1)
 1185 0028 CE01      		movw r24,r28
 1186 002a 0E94 0000 		call lua_setfield
GAS LISTING /tmp/cc6kL7B8.s 			page 22


 1187 002e 4FEF      		ldi r20,lo8(-1)
 1188 0030 5FE7      		ldi r21,lo8(127)
 1189 0032 60E0      		ldi r22,0
 1190 0034 70E0      		ldi r23,0
 1191 0036 CE01      		movw r24,r28
 1192 0038 0E94 0000 		call lua_pushnumber
 1193 003c 40E0      		ldi r20,lo8(.LC4)
 1194 003e 50E0      		ldi r21,hi8(.LC4)
 1195 0040 6EEF      		ldi r22,lo8(-2)
 1196 0042 7FEF      		ldi r23,lo8(-1)
 1197 0044 CE01      		movw r24,r28
 1198 0046 0E94 0000 		call lua_setfield
 1199 004a 40E0      		ldi r20,lo8(.LC5)
 1200 004c 50E0      		ldi r21,hi8(.LC5)
 1201 004e 6FEF      		ldi r22,lo8(-1)
 1202 0050 7FEF      		ldi r23,lo8(-1)
 1203 0052 CE01      		movw r24,r28
 1204 0054 0E94 0000 		call lua_getfield
 1205 0058 40E0      		ldi r20,lo8(.LC6)
 1206 005a 50E0      		ldi r21,hi8(.LC6)
 1207 005c 6EEF      		ldi r22,lo8(-2)
 1208 005e 7FEF      		ldi r23,lo8(-1)
 1209 0060 CE01      		movw r24,r28
 1210 0062 0E94 0000 		call lua_setfield
 1211 0066 81E0      		ldi r24,lo8(1)
 1212 0068 90E0      		ldi r25,0
 1213               	/* epilogue start */
 1214 006a DF91      		pop r29
 1215 006c CF91      		pop r28
 1216 006e 0895      		ret
 1217               		.size	luaopen_math, .-luaopen_math
 1218               	.global	mathlib_vals
 1219               		.section	.rodata
 1220               		.type	mathlib_vals, @object
 1221               		.size	mathlib_vals, 18
 1222               	mathlib_vals:
 1223 0000 0000      		.word	.LC3
 1224 0002 03        		.byte	3
 1225 0003 00        		.byte	0
 1226 0004 00        		.byte	0
 1227 0005 00        		.byte	0
 1228 0006 0000      		.word	.LC4
 1229 0008 FF        		.byte	-1
 1230 0009 7F        		.byte	127
 1231 000a 00        		.byte	0
 1232 000b 00        		.byte	0
 1233 000c 0000      		.word	0
 1234 000e 00        		.byte	0
 1235 000f 00        		.byte	0
 1236 0010 00        		.byte	0
 1237 0011 00        		.byte	0
 1238               	.global	mathlib
 1239               		.section	.rodata.str1.1
 1240               	.LC7:
 1241 0042 6162 7300 		.string	"abs"
 1242               	.LC8:
 1243 0046 6163 6F73 		.string	"acos"
GAS LISTING /tmp/cc6kL7B8.s 			page 23


 1243      00
 1244               	.LC9:
 1245 004b 6173 696E 		.string	"asin"
 1245      00
 1246               	.LC10:
 1247 0050 6174 616E 		.string	"atan2"
 1247      3200 
 1248               	.LC11:
 1249 0056 6174 616E 		.string	"atan"
 1249      00
 1250               	.LC12:
 1251 005b 6365 696C 		.string	"ceil"
 1251      00
 1252               	.LC13:
 1253 0060 636F 7368 		.string	"cosh"
 1253      00
 1254               	.LC14:
 1255 0065 636F 7300 		.string	"cos"
 1256               	.LC15:
 1257 0069 6465 6700 		.string	"deg"
 1258               	.LC16:
 1259 006d 6578 7000 		.string	"exp"
 1260               	.LC17:
 1261 0071 666C 6F6F 		.string	"floor"
 1261      7200 
 1262               	.LC18:
 1263 0077 6672 6578 		.string	"frexp"
 1263      7000 
 1264               	.LC19:
 1265 007d 6C64 6578 		.string	"ldexp"
 1265      7000 
 1266               	.LC20:
 1267 0083 6C6F 6731 		.string	"log10"
 1267      3000 
 1268               	.LC21:
 1269 0089 6C6F 6700 		.string	"log"
 1270               	.LC22:
 1271 008d 6D61 7800 		.string	"max"
 1272               	.LC23:
 1273 0091 6D69 6E00 		.string	"min"
 1274               	.LC24:
 1275 0095 6D6F 6466 		.string	"modf"
 1275      00
 1276               	.LC25:
 1277 009a 706F 7700 		.string	"pow"
 1278               	.LC26:
 1279 009e 7261 6400 		.string	"rad"
 1280               	.LC27:
 1281 00a2 7261 6E64 		.string	"random"
 1281      6F6D 00
 1282               	.LC28:
 1283 00a9 7261 6E64 		.string	"randomseed"
 1283      6F6D 7365 
 1283      6564 00
 1284               	.LC29:
 1285 00b4 7369 6E68 		.string	"sinh"
 1285      00
GAS LISTING /tmp/cc6kL7B8.s 			page 24


 1286               	.LC30:
 1287 00b9 7369 6E00 		.string	"sin"
 1288               	.LC31:
 1289 00bd 7371 7274 		.string	"sqrt"
 1289      00
 1290               	.LC32:
 1291 00c2 7461 6E68 		.string	"tanh"
 1291      00
 1292               	.LC33:
 1293 00c7 7461 6E00 		.string	"tan"
 1294               		.section	.rodata
 1295               		.type	mathlib, @object
 1296               		.size	mathlib, 116
 1297               	mathlib:
 1298 0012 0000      		.word	.LC7
 1299 0014 0000      		.word	gs(math_abs)
 1300 0016 0000      		.word	.LC8
 1301 0018 0000      		.word	gs(math_acos)
 1302 001a 0000      		.word	.LC9
 1303 001c 0000      		.word	gs(math_asin)
 1304 001e 0000      		.word	.LC10
 1305 0020 0000      		.word	gs(math_atan2)
 1306 0022 0000      		.word	.LC11
 1307 0024 0000      		.word	gs(math_atan)
 1308 0026 0000      		.word	.LC12
 1309 0028 0000      		.word	gs(math_ceil)
 1310 002a 0000      		.word	.LC13
 1311 002c 0000      		.word	gs(math_cosh)
 1312 002e 0000      		.word	.LC14
 1313 0030 0000      		.word	gs(math_cos)
 1314 0032 0000      		.word	.LC15
 1315 0034 0000      		.word	gs(math_deg)
 1316 0036 0000      		.word	.LC16
 1317 0038 0000      		.word	gs(math_exp)
 1318 003a 0000      		.word	.LC17
 1319 003c 0000      		.word	gs(math_floor)
 1320 003e 0000      		.word	.LC5
 1321 0040 0000      		.word	gs(math_fmod)
 1322 0042 0000      		.word	.LC18
 1323 0044 0000      		.word	gs(math_frexp)
 1324 0046 0000      		.word	.LC19
 1325 0048 0000      		.word	gs(math_ldexp)
 1326 004a 0000      		.word	.LC20
 1327 004c 0000      		.word	gs(math_log10)
 1328 004e 0000      		.word	.LC21
 1329 0050 0000      		.word	gs(math_log)
 1330 0052 0000      		.word	.LC22
 1331 0054 0000      		.word	gs(math_max)
 1332 0056 0000      		.word	.LC23
 1333 0058 0000      		.word	gs(math_min)
 1334 005a 0000      		.word	.LC24
 1335 005c 0000      		.word	gs(math_modf)
 1336 005e 0000      		.word	.LC25
 1337 0060 0000      		.word	gs(math_pow)
 1338 0062 0000      		.word	.LC26
 1339 0064 0000      		.word	gs(math_rad)
 1340 0066 0000      		.word	.LC27
GAS LISTING /tmp/cc6kL7B8.s 			page 25


 1341 0068 0000      		.word	gs(math_random)
 1342 006a 0000      		.word	.LC28
 1343 006c 0000      		.word	gs(math_randomseed)
 1344 006e 0000      		.word	.LC29
 1345 0070 0000      		.word	gs(math_sinh)
 1346 0072 0000      		.word	.LC30
 1347 0074 0000      		.word	gs(math_sin)
 1348 0076 0000      		.word	.LC31
 1349 0078 0000      		.word	gs(math_sqrt)
 1350 007a 0000      		.word	.LC32
 1351 007c 0000      		.word	gs(math_tanh)
 1352 007e 0000      		.word	.LC33
 1353 0080 0000      		.word	gs(math_tan)
 1354 0082 0000      		.word	0
 1355 0084 0000      		.word	0
 1356               		.ident	"GCC: (GNU) 5.3.0"
 1357               	.global __do_copy_data
GAS LISTING /tmp/cc6kL7B8.s 			page 26


DEFINED SYMBOLS
                            *ABS*:0000000000000000 lmathlib.c
     /tmp/cc6kL7B8.s:2      *ABS*:000000000000003e __SP_H__
     /tmp/cc6kL7B8.s:3      *ABS*:000000000000003d __SP_L__
     /tmp/cc6kL7B8.s:4      *ABS*:000000000000003f __SREG__
     /tmp/cc6kL7B8.s:5      *ABS*:000000000000003b __RAMPZ__
     /tmp/cc6kL7B8.s:6      *ABS*:0000000000000000 __tmp_reg__
     /tmp/cc6kL7B8.s:7      *ABS*:0000000000000001 __zero_reg__
     /tmp/cc6kL7B8.s:12     .text.math_tan:0000000000000000 math_tan
     /tmp/cc6kL7B8.s:40     .text.math_rad:0000000000000000 math_rad
     /tmp/cc6kL7B8.s:72     .text.math_deg:0000000000000000 math_deg
     /tmp/cc6kL7B8.s:103    .text.math_abs:0000000000000000 math_abs
     /tmp/cc6kL7B8.s:130    .text.math_tanh:0000000000000000 math_tanh
     /tmp/cc6kL7B8.s:157    .text.math_sqrt:0000000000000000 math_sqrt
     /tmp/cc6kL7B8.s:184    .text.math_sin:0000000000000000 math_sin
     /tmp/cc6kL7B8.s:211    .text.math_sinh:0000000000000000 math_sinh
     /tmp/cc6kL7B8.s:238    .text.math_randomseed:0000000000000000 math_randomseed
     /tmp/cc6kL7B8.s:253    .text.math_min:0000000000000000 math_min
     /tmp/cc6kL7B8.s:319    .text.math_max:0000000000000000 math_max
     /tmp/cc6kL7B8.s:385    .text.math_floor:0000000000000000 math_floor
     /tmp/cc6kL7B8.s:418    .text.math_random:0000000000000000 math_random
     /tmp/cc6kL7B8.s:529    .text.math_pow:0000000000000000 math_pow
     /tmp/cc6kL7B8.s:607    .text.math_modf:0000000000000000 math_modf
     /tmp/cc6kL7B8.s:670    .text.math_log:0000000000000000 math_log
     /tmp/cc6kL7B8.s:697    .text.math_log10:0000000000000000 math_log10
     /tmp/cc6kL7B8.s:724    .text.math_ldexp:0000000000000000 math_ldexp
     /tmp/cc6kL7B8.s:761    .text.math_frexp:0000000000000000 math_frexp
     /tmp/cc6kL7B8.s:805    .text.math_fmod:0000000000000000 math_fmod
     /tmp/cc6kL7B8.s:883    .text.math_exp:0000000000000000 math_exp
     /tmp/cc6kL7B8.s:910    .text.math_cos:0000000000000000 math_cos
     /tmp/cc6kL7B8.s:937    .text.math_cosh:0000000000000000 math_cosh
     /tmp/cc6kL7B8.s:964    .text.math_ceil:0000000000000000 math_ceil
     /tmp/cc6kL7B8.s:991    .text.math_atan:0000000000000000 math_atan
     /tmp/cc6kL7B8.s:1018   .text.math_atan2:0000000000000000 math_atan2
     /tmp/cc6kL7B8.s:1096   .text.math_asin:0000000000000000 math_asin
     /tmp/cc6kL7B8.s:1123   .text.math_acos:0000000000000000 math_acos
     /tmp/cc6kL7B8.s:1162   .text.luaopen_math:0000000000000000 luaopen_math
     /tmp/cc6kL7B8.s:1297   .rodata:0000000000000012 mathlib
     /tmp/cc6kL7B8.s:1222   .rodata:0000000000000000 mathlib_vals

UNDEFINED SYMBOLS
__floatsisf
__fixsfsi
luaL_checknumber
tan
lua_pushnumber
__mulsf3
__divsf3
tanh
sqrt
sin
sinh
luaL_checkinteger
srand
lua_gettop
floor
__addsf3
GAS LISTING /tmp/cc6kL7B8.s 			page 27


rand
luaL_argerror
luaL_error
pow
modf
log
log10
ldexp
frexp
lua_pushinteger
fmod
exp
cos
cosh
ceil
atan
atan2
asin
acos
luaL_register
lua_setfield
lua_getfield
__do_copy_data
