GAS LISTING /tmp/ccfhtSvn.s 			page 1


   1               		.file	"lopcodes.c"
   2               	__SP_H__ = 0x3e
   3               	__SP_L__ = 0x3d
   4               	__SREG__ = 0x3f
   5               	__RAMPZ__ = 0x3b
   6               	__tmp_reg__ = 0
   7               	__zero_reg__ = 1
   8               		.hidden	luaP_opmodes
   9               	.global	luaP_opmodes
  10               		.section	.rodata
  11               		.type	luaP_opmodes, @object
  12               		.size	luaP_opmodes, 38
  13               	luaP_opmodes:
  14 0000 60        		.byte	96
  15 0001 71        		.byte	113
  16 0002 54        		.byte	84
  17 0003 60        		.byte	96
  18 0004 50        		.byte	80
  19 0005 71        		.byte	113
  20 0006 6C        		.byte	108
  21 0007 31        		.byte	49
  22 0008 10        		.byte	16
  23 0009 3C        		.byte	60
  24 000a 54        		.byte	84
  25 000b 6C        		.byte	108
  26 000c 7C        		.byte	124
  27 000d 7C        		.byte	124
  28 000e 7C        		.byte	124
  29 000f 7C        		.byte	124
  30 0010 7C        		.byte	124
  31 0011 7C        		.byte	124
  32 0012 60        		.byte	96
  33 0013 60        		.byte	96
  34 0014 60        		.byte	96
  35 0015 68        		.byte	104
  36 0016 22        		.byte	34
  37 0017 BC        		.byte	-68
  38 0018 BC        		.byte	-68
  39 0019 BC        		.byte	-68
  40 001a E4        		.byte	-28
  41 001b E4        		.byte	-28
  42 001c 54        		.byte	84
  43 001d 54        		.byte	84
  44 001e 10        		.byte	16
  45 001f 62        		.byte	98
  46 0020 62        		.byte	98
  47 0021 84        		.byte	-124
  48 0022 14        		.byte	20
  49 0023 00        		.byte	0
  50 0024 51        		.byte	81
  51 0025 50        		.byte	80
  52               		.hidden	luaP_opnames
  53               	.global	luaP_opnames
  54               		.section	.rodata.str1.1,"aMS",@progbits,1
  55               	.LC0:
  56 0000 4D4F 5645 		.string	"MOVE"
  56      00
GAS LISTING /tmp/ccfhtSvn.s 			page 2


  57               	.LC1:
  58 0005 4C4F 4144 		.string	"LOADK"
  58      4B00 
  59               	.LC2:
  60 000b 4C4F 4144 		.string	"LOADBOOL"
  60      424F 4F4C 
  60      00
  61               	.LC3:
  62 0014 4C4F 4144 		.string	"LOADNIL"
  62      4E49 4C00 
  63               	.LC4:
  64 001c 4745 5455 		.string	"GETUPVAL"
  64      5056 414C 
  64      00
  65               	.LC5:
  66 0025 4745 5447 		.string	"GETGLOBAL"
  66      4C4F 4241 
  66      4C00 
  67               	.LC6:
  68 002f 4745 5454 		.string	"GETTABLE"
  68      4142 4C45 
  68      00
  69               	.LC7:
  70 0038 5345 5447 		.string	"SETGLOBAL"
  70      4C4F 4241 
  70      4C00 
  71               	.LC8:
  72 0042 5345 5455 		.string	"SETUPVAL"
  72      5056 414C 
  72      00
  73               	.LC9:
  74 004b 5345 5454 		.string	"SETTABLE"
  74      4142 4C45 
  74      00
  75               	.LC10:
  76 0054 4E45 5754 		.string	"NEWTABLE"
  76      4142 4C45 
  76      00
  77               	.LC11:
  78 005d 5345 4C46 		.string	"SELF"
  78      00
  79               	.LC12:
  80 0062 4144 4400 		.string	"ADD"
  81               	.LC13:
  82 0066 5355 4200 		.string	"SUB"
  83               	.LC14:
  84 006a 4D55 4C00 		.string	"MUL"
  85               	.LC15:
  86 006e 4449 5600 		.string	"DIV"
  87               	.LC16:
  88 0072 4D4F 4400 		.string	"MOD"
  89               	.LC17:
  90 0076 504F 5700 		.string	"POW"
  91               	.LC18:
  92 007a 554E 4D00 		.string	"UNM"
  93               	.LC19:
  94 007e 4E4F 5400 		.string	"NOT"
GAS LISTING /tmp/ccfhtSvn.s 			page 3


  95               	.LC20:
  96 0082 4C45 4E00 		.string	"LEN"
  97               	.LC21:
  98 0086 434F 4E43 		.string	"CONCAT"
  98      4154 00
  99               	.LC22:
 100 008d 4A4D 5000 		.string	"JMP"
 101               	.LC23:
 102 0091 4551 00   		.string	"EQ"
 103               	.LC24:
 104 0094 4C54 00   		.string	"LT"
 105               	.LC25:
 106 0097 4C45 00   		.string	"LE"
 107               	.LC26:
 108 009a 5445 5354 		.string	"TEST"
 108      00
 109               	.LC27:
 110 009f 5445 5354 		.string	"TESTSET"
 110      5345 5400 
 111               	.LC28:
 112 00a7 4341 4C4C 		.string	"CALL"
 112      00
 113               	.LC29:
 114 00ac 5441 494C 		.string	"TAILCALL"
 114      4341 4C4C 
 114      00
 115               	.LC30:
 116 00b5 5245 5455 		.string	"RETURN"
 116      524E 00
 117               	.LC31:
 118 00bc 464F 524C 		.string	"FORLOOP"
 118      4F4F 5000 
 119               	.LC32:
 120 00c4 464F 5250 		.string	"FORPREP"
 120      5245 5000 
 121               	.LC33:
 122 00cc 5446 4F52 		.string	"TFORLOOP"
 122      4C4F 4F50 
 122      00
 123               	.LC34:
 124 00d5 5345 544C 		.string	"SETLIST"
 124      4953 5400 
 125               	.LC35:
 126 00dd 434C 4F53 		.string	"CLOSE"
 126      4500 
 127               	.LC36:
 128 00e3 434C 4F53 		.string	"CLOSURE"
 128      5552 4500 
 129               	.LC37:
 130 00eb 5641 5241 		.string	"VARARG"
 130      5247 00
 131               		.section	.rodata
 132               		.type	luaP_opnames, @object
 133               		.size	luaP_opnames, 78
 134               	luaP_opnames:
 135 0026 0000      		.word	.LC0
 136 0028 0000      		.word	.LC1
GAS LISTING /tmp/ccfhtSvn.s 			page 4


 137 002a 0000      		.word	.LC2
 138 002c 0000      		.word	.LC3
 139 002e 0000      		.word	.LC4
 140 0030 0000      		.word	.LC5
 141 0032 0000      		.word	.LC6
 142 0034 0000      		.word	.LC7
 143 0036 0000      		.word	.LC8
 144 0038 0000      		.word	.LC9
 145 003a 0000      		.word	.LC10
 146 003c 0000      		.word	.LC11
 147 003e 0000      		.word	.LC12
 148 0040 0000      		.word	.LC13
 149 0042 0000      		.word	.LC14
 150 0044 0000      		.word	.LC15
 151 0046 0000      		.word	.LC16
 152 0048 0000      		.word	.LC17
 153 004a 0000      		.word	.LC18
 154 004c 0000      		.word	.LC19
 155 004e 0000      		.word	.LC20
 156 0050 0000      		.word	.LC21
 157 0052 0000      		.word	.LC22
 158 0054 0000      		.word	.LC23
 159 0056 0000      		.word	.LC24
 160 0058 0000      		.word	.LC25
 161 005a 0000      		.word	.LC26
 162 005c 0000      		.word	.LC27
 163 005e 0000      		.word	.LC28
 164 0060 0000      		.word	.LC29
 165 0062 0000      		.word	.LC30
 166 0064 0000      		.word	.LC31
 167 0066 0000      		.word	.LC32
 168 0068 0000      		.word	.LC33
 169 006a 0000      		.word	.LC34
 170 006c 0000      		.word	.LC35
 171 006e 0000      		.word	.LC36
 172 0070 0000      		.word	.LC37
 173 0072 0000      		.word	0
 174               		.ident	"GCC: (GNU) 5.3.0"
 175               	.global __do_copy_data
GAS LISTING /tmp/ccfhtSvn.s 			page 5


DEFINED SYMBOLS
                            *ABS*:0000000000000000 lopcodes.c
     /tmp/ccfhtSvn.s:2      *ABS*:000000000000003e __SP_H__
     /tmp/ccfhtSvn.s:3      *ABS*:000000000000003d __SP_L__
     /tmp/ccfhtSvn.s:4      *ABS*:000000000000003f __SREG__
     /tmp/ccfhtSvn.s:5      *ABS*:000000000000003b __RAMPZ__
     /tmp/ccfhtSvn.s:6      *ABS*:0000000000000000 __tmp_reg__
     /tmp/ccfhtSvn.s:7      *ABS*:0000000000000001 __zero_reg__
     /tmp/ccfhtSvn.s:13     .rodata:0000000000000000 luaP_opmodes
     /tmp/ccfhtSvn.s:134    .rodata:0000000000000026 luaP_opnames

UNDEFINED SYMBOLS
__do_copy_data
