GAS LISTING /tmp/ccERTdUs.s 			page 1


   1               		.file	"lstate.c"
   2               	__SP_H__ = 0x3e
   3               	__SP_L__ = 0x3d
   4               	__SREG__ = 0x3f
   5               	__RAMPZ__ = 0x3b
   6               	__tmp_reg__ = 0
   7               	__zero_reg__ = 1
   8               		.section	.text.stack_init,"ax",@progbits
   9               		.type	stack_init, @function
  10               	stack_init:
  11 0000 0F93      		push r16
  12 0002 1F93      		push r17
  13 0004 CF93      		push r28
  14 0006 DF93      		push r29
  15               	/* prologue: function */
  16               	/* frame size = 0 */
  17               	/* stack size = 4 */
  18               	.L__stack_usage = 4
  19 0008 EC01      		movw r28,r24
  20 000a 8B01      		movw r16,r22
  21 000c 20E6      		ldi r18,lo8(96)
  22 000e 30E0      		ldi r19,0
  23 0010 40E0      		ldi r20,0
  24 0012 50E0      		ldi r21,0
  25 0014 60E0      		ldi r22,0
  26 0016 70E0      		ldi r23,0
  27 0018 C801      		movw r24,r16
  28 001a 0E94 0000 		call luaM_realloc_
  29 001e 9E8B      		std Y+22,r25
  30 0020 8D8B      		std Y+21,r24
  31 0022 9C87      		std Y+12,r25
  32 0024 8B87      		std Y+11,r24
  33 0026 28E0      		ldi r18,lo8(8)
  34 0028 30E0      		ldi r19,0
  35 002a 3A8F      		std Y+26,r19
  36 002c 298F      		std Y+25,r18
  37 002e 8C5A      		subi r24,-84
  38 0030 9F4F      		sbci r25,-1
  39 0032 9C8B      		std Y+20,r25
  40 0034 8B8B      		std Y+19,r24
  41 0036 2EE0      		ldi r18,lo8(14)
  42 0038 31E0      		ldi r19,lo8(1)
  43 003a 40E0      		ldi r20,0
  44 003c 50E0      		ldi r21,0
  45 003e 60E0      		ldi r22,0
  46 0040 70E0      		ldi r23,0
  47 0042 C801      		movw r24,r16
  48 0044 0E94 0000 		call luaM_realloc_
  49 0048 9A8B      		std Y+18,r25
  50 004a 898B      		std Y+17,r24
  51 004c 2DE2      		ldi r18,lo8(45)
  52 004e 30E0      		ldi r19,0
  53 0050 388F      		std Y+24,r19
  54 0052 2F8B      		std Y+23,r18
  55 0054 9C01      		movw r18,r24
  56 0056 2651      		subi r18,22
  57 0058 3F4F      		sbci r19,-1
GAS LISTING /tmp/ccERTdUs.s 			page 2


  58 005a 388B      		std Y+16,r19
  59 005c 2F87      		std Y+15,r18
  60 005e EB85      		ldd r30,Y+11
  61 0060 FC85      		ldd r31,Y+12
  62 0062 9383      		std Z+3,r25
  63 0064 8283      		std Z+2,r24
  64 0066 245E      		subi r18,-28
  65 0068 3109      		sbc r19,__zero_reg__
  66 006a 3E83      		std Y+6,r19
  67 006c 2D83      		std Y+5,r18
  68 006e DC01      		movw r26,r24
  69 0070 1596      		adiw r26,4+1
  70 0072 1C92      		st X,__zero_reg__
  71 0074 1E92      		st -X,__zero_reg__
  72 0076 1497      		sbiw r26,4
  73 0078 3183      		std Z+1,r19
  74 007a 2083      		st Z,r18
  75 007c 3887      		std Y+8,r19
  76 007e 2F83      		std Y+7,r18
  77 0080 8258      		subi r24,-126
  78 0082 9F4F      		sbci r25,-1
  79 0084 9583      		std Z+5,r25
  80 0086 8483      		std Z+4,r24
  81               	/* epilogue start */
  82 0088 DF91      		pop r29
  83 008a CF91      		pop r28
  84 008c 1F91      		pop r17
  85 008e 0F91      		pop r16
  86 0090 0895      		ret
  87               		.size	stack_init, .-stack_init
  88               		.section	.text.freestack,"ax",@progbits
  89               		.type	freestack, @function
  90               	freestack:
  91 0000 0F93      		push r16
  92 0002 1F93      		push r17
  93 0004 CF93      		push r28
  94 0006 DF93      		push r29
  95               	/* prologue: function */
  96               	/* frame size = 0 */
  97               	/* stack size = 4 */
  98               	.L__stack_usage = 4
  99 0008 8C01      		movw r16,r24
 100 000a EB01      		movw r28,r22
 101 000c 898D      		ldd r24,Y+25
 102 000e 9A8D      		ldd r25,Y+26
 103 0010 2CE0      		ldi r18,lo8(12)
 104 0012 289F      		mul r18,r24
 105 0014 A001      		movw r20,r0
 106 0016 299F      		mul r18,r25
 107 0018 500D      		add r21,r0
 108 001a 1124      		clr __zero_reg__
 109 001c 6D89      		ldd r22,Y+21
 110 001e 7E89      		ldd r23,Y+22
 111 0020 20E0      		ldi r18,0
 112 0022 30E0      		ldi r19,0
 113 0024 C801      		movw r24,r16
 114 0026 0E94 0000 		call luaM_realloc_
GAS LISTING /tmp/ccERTdUs.s 			page 3


 115 002a 8F89      		ldd r24,Y+23
 116 002c 988D      		ldd r25,Y+24
 117 002e 26E0      		ldi r18,lo8(6)
 118 0030 289F      		mul r18,r24
 119 0032 A001      		movw r20,r0
 120 0034 299F      		mul r18,r25
 121 0036 500D      		add r21,r0
 122 0038 1124      		clr __zero_reg__
 123 003a 6989      		ldd r22,Y+17
 124 003c 7A89      		ldd r23,Y+18
 125 003e 20E0      		ldi r18,0
 126 0040 30E0      		ldi r19,0
 127 0042 C801      		movw r24,r16
 128               	/* epilogue start */
 129 0044 DF91      		pop r29
 130 0046 CF91      		pop r28
 131 0048 1F91      		pop r17
 132 004a 0F91      		pop r16
 133 004c 0C94 0000 		jmp luaM_realloc_
 134               		.size	freestack, .-freestack
 135               		.section	.rodata.str1.1,"aMS",@progbits,1
 136               	.LC0:
 137 0000 6E6F 7420 		.string	"not enough memory"
 137      656E 6F75 
 137      6768 206D 
 137      656D 6F72 
 137      7900 
 138               		.section	.text.f_luaopen,"ax",@progbits
 139               		.type	f_luaopen, @function
 140               	f_luaopen:
 141 0000 CF92      		push r12
 142 0002 DF92      		push r13
 143 0004 EF92      		push r14
 144 0006 FF92      		push r15
 145 0008 0F93      		push r16
 146 000a 1F93      		push r17
 147 000c CF93      		push r28
 148 000e DF93      		push r29
 149               	/* prologue: function */
 150               	/* frame size = 0 */
 151               	/* stack size = 8 */
 152               	.L__stack_usage = 8
 153 0010 EC01      		movw r28,r24
 154 0012 0985      		ldd r16,Y+9
 155 0014 1A85      		ldd r17,Y+10
 156 0016 BC01      		movw r22,r24
 157 0018 0E94 0000 		call stack_init
 158 001c 42E0      		ldi r20,lo8(2)
 159 001e 50E0      		ldi r21,0
 160 0020 60E0      		ldi r22,0
 161 0022 70E0      		ldi r23,0
 162 0024 CE01      		movw r24,r28
 163 0026 0E94 0000 		call luaH_new
 164 002a 98A7      		std Y+40,r25
 165 002c 8FA3      		std Y+39,r24
 166 002e 87E0      		ldi r24,lo8(7)
 167 0030 C82E      		mov r12,r24
GAS LISTING /tmp/ccERTdUs.s 			page 4


 168 0032 D12C      		mov r13,__zero_reg__
 169 0034 DCA6      		std Y+44,r13
 170 0036 CBA6      		std Y+43,r12
 171 0038 E984      		ldd r14,Y+9
 172 003a FA84      		ldd r15,Y+10
 173 003c 42E0      		ldi r20,lo8(2)
 174 003e 50E0      		ldi r21,0
 175 0040 60E0      		ldi r22,0
 176 0042 70E0      		ldi r23,0
 177 0044 CE01      		movw r24,r28
 178 0046 0E94 0000 		call luaH_new
 179 004a F701      		movw r30,r14
 180 004c 91AF      		std Z+57,r25
 181 004e 80AF      		std Z+56,r24
 182 0050 D5AE      		std Z+61,r13
 183 0052 C4AE      		std Z+60,r12
 184 0054 60E2      		ldi r22,lo8(32)
 185 0056 70E0      		ldi r23,0
 186 0058 CE01      		movw r24,r28
 187 005a 0E94 0000 		call luaS_resize
 188 005e CE01      		movw r24,r28
 189 0060 0E94 0000 		call luaT_init
 190 0064 CE01      		movw r24,r28
 191 0066 0E94 0000 		call luaX_init
 192 006a 41E1      		ldi r20,lo8(17)
 193 006c 50E0      		ldi r21,0
 194 006e 60E0      		ldi r22,lo8(.LC0)
 195 0070 70E0      		ldi r23,hi8(.LC0)
 196 0072 CE01      		movw r24,r28
 197 0074 0E94 0000 		call luaS_newlstr
 198 0078 FC01      		movw r30,r24
 199 007a 9381      		ldd r25,Z+3
 200 007c 9062      		ori r25,lo8(32)
 201 007e 9383      		std Z+3,r25
 202 0080 F801      		movw r30,r16
 203 0082 86A1      		ldd r24,Z+38
 204 0084 97A1      		ldd r25,Z+39
 205 0086 A0A5      		ldd r26,Z+40
 206 0088 B1A5      		ldd r27,Z+41
 207 008a 22E0      		ldi r18,2
 208               		1:
 209 008c 880F      		lsl r24
 210 008e 991F      		rol r25
 211 0090 AA1F      		rol r26
 212 0092 BB1F      		rol r27
 213 0094 2A95      		dec r18
 214 0096 01F4      		brne 1b
 215 0098 82A3      		std Z+34,r24
 216 009a 93A3      		std Z+35,r25
 217 009c A4A3      		std Z+36,r26
 218 009e B5A3      		std Z+37,r27
 219               	/* epilogue start */
 220 00a0 DF91      		pop r29
 221 00a2 CF91      		pop r28
 222 00a4 1F91      		pop r17
 223 00a6 0F91      		pop r16
 224 00a8 FF90      		pop r15
GAS LISTING /tmp/ccERTdUs.s 			page 5


 225 00aa EF90      		pop r14
 226 00ac DF90      		pop r13
 227 00ae CF90      		pop r12
 228 00b0 0895      		ret
 229               		.size	f_luaopen, .-f_luaopen
 230               		.section	.text.close_state,"ax",@progbits
 231               		.type	close_state, @function
 232               	close_state:
 233 0000 0F93      		push r16
 234 0002 1F93      		push r17
 235 0004 CF93      		push r28
 236 0006 DF93      		push r29
 237               	/* prologue: function */
 238               	/* frame size = 0 */
 239               	/* stack size = 4 */
 240               	.L__stack_usage = 4
 241 0008 EC01      		movw r28,r24
 242 000a 0985      		ldd r16,Y+9
 243 000c 1A85      		ldd r17,Y+10
 244 000e 6989      		ldd r22,Y+17
 245 0010 7A89      		ldd r23,Y+18
 246 0012 0E94 0000 		call luaF_close
 247 0016 CE01      		movw r24,r28
 248 0018 0E94 0000 		call luaC_freeall
 249 001c E985      		ldd r30,Y+9
 250 001e FA85      		ldd r31,Y+10
 251 0020 4681      		ldd r20,Z+6
 252 0022 5781      		ldd r21,Z+7
 253 0024 440F      		lsl r20
 254 0026 551F      		rol r21
 255 0028 6081      		ld r22,Z
 256 002a 7181      		ldd r23,Z+1
 257 002c 20E0      		ldi r18,0
 258 002e 30E0      		ldi r19,0
 259 0030 CE01      		movw r24,r28
 260 0032 0E94 0000 		call luaM_realloc_
 261 0036 D801      		movw r26,r16
 262 0038 9096      		adiw r26,32
 263 003a 4D91      		ld r20,X+
 264 003c 5C91      		ld r21,X
 265 003e 9197      		sbiw r26,32+1
 266 0040 5C96      		adiw r26,28
 267 0042 6D91      		ld r22,X+
 268 0044 7C91      		ld r23,X
 269 0046 5D97      		sbiw r26,28+1
 270 0048 20E0      		ldi r18,0
 271 004a 30E0      		ldi r19,0
 272 004c CE01      		movw r24,r28
 273 004e 0E94 0000 		call luaM_realloc_
 274 0052 F801      		movw r30,r16
 275 0054 958F      		std Z+29,r25
 276 0056 848F      		std Z+28,r24
 277 0058 11A2      		std Z+33,__zero_reg__
 278 005a 10A2      		std Z+32,__zero_reg__
 279 005c BE01      		movw r22,r28
 280 005e CE01      		movw r24,r28
 281 0060 0E94 0000 		call freestack
GAS LISTING /tmp/ccERTdUs.s 			page 6


 282 0064 D801      		movw r26,r16
 283 0066 1896      		adiw r26,8
 284 0068 ED91      		ld r30,X+
 285 006a FC91      		ld r31,X
 286 006c 1997      		sbiw r26,8+1
 287 006e 20E0      		ldi r18,0
 288 0070 30E0      		ldi r19,0
 289 0072 4FEB      		ldi r20,lo8(-65)
 290 0074 50E0      		ldi r21,0
 291 0076 BE01      		movw r22,r28
 292 0078 1A96      		adiw r26,10
 293 007a 8D91      		ld r24,X+
 294 007c 9C91      		ld r25,X
 295 007e 1B97      		sbiw r26,10+1
 296               	/* epilogue start */
 297 0080 DF91      		pop r29
 298 0082 CF91      		pop r28
 299 0084 1F91      		pop r17
 300 0086 0F91      		pop r16
 301 0088 1994      		eijmp
 302               		.size	close_state, .-close_state
 303               		.section	.text.callallgcTM,"ax",@progbits
 304               		.type	callallgcTM, @function
 305               	callallgcTM:
 306               	/* prologue: function */
 307               	/* frame size = 0 */
 308               	/* stack size = 0 */
 309               	.L__stack_usage = 0
 310 0000 0C94 0000 		jmp luaC_callGCTM
 311               		.size	callallgcTM, .-callallgcTM
 312               		.section	.text.luaE_newthread,"ax",@progbits
 313               	.global	luaE_newthread
 314               		.hidden	luaE_newthread
 315               		.type	luaE_newthread, @function
 316               	luaE_newthread:
 317 0000 0F93      		push r16
 318 0002 1F93      		push r17
 319 0004 CF93      		push r28
 320 0006 DF93      		push r29
 321               	/* prologue: function */
 322               	/* frame size = 0 */
 323               	/* stack size = 4 */
 324               	.L__stack_usage = 4
 325 0008 8C01      		movw r16,r24
 326 000a 2BE3      		ldi r18,lo8(59)
 327 000c 30E0      		ldi r19,0
 328 000e 40E0      		ldi r20,0
 329 0010 50E0      		ldi r21,0
 330 0012 60E0      		ldi r22,0
 331 0014 70E0      		ldi r23,0
 332 0016 0E94 0000 		call luaM_realloc_
 333 001a EC01      		movw r28,r24
 334 001c 4AE0      		ldi r20,lo8(10)
 335 001e BC01      		movw r22,r24
 336 0020 C801      		movw r24,r16
 337 0022 0E94 0000 		call luaC_link
 338 0026 F801      		movw r30,r16
GAS LISTING /tmp/ccERTdUs.s 			page 7


 339 0028 8185      		ldd r24,Z+9
 340 002a 9285      		ldd r25,Z+10
 341 002c 9A87      		std Y+10,r25
 342 002e 8987      		std Y+9,r24
 343 0030 1A8A      		std Y+18,__zero_reg__
 344 0032 198A      		std Y+17,__zero_reg__
 345 0034 188E      		std Y+24,__zero_reg__
 346 0036 1F8A      		std Y+23,__zero_reg__
 347 0038 18AE      		std Y+56,__zero_reg__
 348 003a 1FAA      		std Y+55,__zero_reg__
 349 003c 1EA2      		std Y+38,__zero_reg__
 350 003e 1DA2      		std Y+37,__zero_reg__
 351 0040 1F8E      		std Y+31,__zero_reg__
 352 0042 1AA2      		std Y+34,__zero_reg__
 353 0044 19A2      		std Y+33,__zero_reg__
 354 0046 81E0      		ldi r24,lo8(1)
 355 0048 88A3      		std Y+32,r24
 356 004a 1CA2      		std Y+36,__zero_reg__
 357 004c 1BA2      		std Y+35,__zero_reg__
 358 004e 1CAA      		std Y+52,__zero_reg__
 359 0050 1BAA      		std Y+51,__zero_reg__
 360 0052 1A8E      		std Y+26,__zero_reg__
 361 0054 198E      		std Y+25,__zero_reg__
 362 0056 1E8E      		std Y+30,__zero_reg__
 363 0058 1D8E      		std Y+29,__zero_reg__
 364 005a 1C8E      		std Y+28,__zero_reg__
 365 005c 1B8E      		std Y+27,__zero_reg__
 366 005e 1C82      		std Y+4,__zero_reg__
 367 0060 1C86      		std Y+12,__zero_reg__
 368 0062 1B86      		std Y+11,__zero_reg__
 369 0064 1E8A      		std Y+22,__zero_reg__
 370 0066 1D8A      		std Y+21,__zero_reg__
 371 0068 1E86      		std Y+14,__zero_reg__
 372 006a 1D86      		std Y+13,__zero_reg__
 373 006c 1AAE      		std Y+58,__zero_reg__
 374 006e 19AE      		std Y+57,__zero_reg__
 375 0070 1CA6      		std Y+44,__zero_reg__
 376 0072 1BA6      		std Y+43,__zero_reg__
 377 0074 B801      		movw r22,r16
 378 0076 CE01      		movw r24,r28
 379 0078 0E94 0000 		call stack_init
 380 007c F801      		movw r30,r16
 381 007e 87A1      		ldd r24,Z+39
 382 0080 90A5      		ldd r25,Z+40
 383 0082 A1A5      		ldd r26,Z+41
 384 0084 B2A5      		ldd r27,Z+42
 385 0086 8FA3      		std Y+39,r24
 386 0088 98A7      		std Y+40,r25
 387 008a A9A7      		std Y+41,r26
 388 008c BAA7      		std Y+42,r27
 389 008e 83A5      		ldd r24,Z+43
 390 0090 94A5      		ldd r25,Z+44
 391 0092 9CA7      		std Y+44,r25
 392 0094 8BA7      		std Y+43,r24
 393 0096 878D      		ldd r24,Z+31
 394 0098 8F8F      		std Y+31,r24
 395 009a 81A1      		ldd r24,Z+33
GAS LISTING /tmp/ccERTdUs.s 			page 8


 396 009c 92A1      		ldd r25,Z+34
 397 009e 9AA3      		std Y+34,r25
 398 00a0 89A3      		std Y+33,r24
 399 00a2 25A1      		ldd r18,Z+37
 400 00a4 36A1      		ldd r19,Z+38
 401 00a6 3EA3      		std Y+38,r19
 402 00a8 2DA3      		std Y+37,r18
 403 00aa 9CA3      		std Y+36,r25
 404 00ac 8BA3      		std Y+35,r24
 405 00ae CE01      		movw r24,r28
 406               	/* epilogue start */
 407 00b0 DF91      		pop r29
 408 00b2 CF91      		pop r28
 409 00b4 1F91      		pop r17
 410 00b6 0F91      		pop r16
 411 00b8 0895      		ret
 412               		.size	luaE_newthread, .-luaE_newthread
 413               		.section	.text.luaE_freethread,"ax",@progbits
 414               	.global	luaE_freethread
 415               		.hidden	luaE_freethread
 416               		.type	luaE_freethread, @function
 417               	luaE_freethread:
 418 0000 0F93      		push r16
 419 0002 1F93      		push r17
 420 0004 CF93      		push r28
 421 0006 DF93      		push r29
 422               	/* prologue: function */
 423               	/* frame size = 0 */
 424               	/* stack size = 4 */
 425               	.L__stack_usage = 4
 426 0008 8C01      		movw r16,r24
 427 000a EB01      		movw r28,r22
 428 000c 6989      		ldd r22,Y+17
 429 000e 7A89      		ldd r23,Y+18
 430 0010 CE01      		movw r24,r28
 431 0012 0E94 0000 		call luaF_close
 432 0016 BE01      		movw r22,r28
 433 0018 C801      		movw r24,r16
 434 001a 0E94 0000 		call freestack
 435 001e 20E0      		ldi r18,0
 436 0020 30E0      		ldi r19,0
 437 0022 4BE3      		ldi r20,lo8(59)
 438 0024 50E0      		ldi r21,0
 439 0026 BE01      		movw r22,r28
 440 0028 C801      		movw r24,r16
 441               	/* epilogue start */
 442 002a DF91      		pop r29
 443 002c CF91      		pop r28
 444 002e 1F91      		pop r17
 445 0030 0F91      		pop r16
 446 0032 0C94 0000 		jmp luaM_realloc_
 447               		.size	luaE_freethread, .-luaE_freethread
 448               		.section	.text.lua_newstate,"ax",@progbits
 449               	.global	lua_newstate
 450               		.type	lua_newstate, @function
 451               	lua_newstate:
 452 0000 EF92      		push r14
GAS LISTING /tmp/ccERTdUs.s 			page 9


 453 0002 FF92      		push r15
 454 0004 0F93      		push r16
 455 0006 1F93      		push r17
 456 0008 CF93      		push r28
 457 000a DF93      		push r29
 458               	/* prologue: function */
 459               	/* frame size = 0 */
 460               	/* stack size = 6 */
 461               	.L__stack_usage = 6
 462 000c 7C01      		movw r14,r24
 463 000e 8B01      		movw r16,r22
 464 0010 2FEB      		ldi r18,lo8(-65)
 465 0012 30E0      		ldi r19,0
 466 0014 40E0      		ldi r20,0
 467 0016 50E0      		ldi r21,0
 468 0018 60E0      		ldi r22,0
 469 001a 70E0      		ldi r23,0
 470 001c C801      		movw r24,r16
 471 001e F701      		movw r30,r14
 472 0020 1995      		eicall
 473 0022 EC01      		movw r28,r24
 474 0024 892B      		or r24,r25
 475 0026 01F4      		brne .+2
 476 0028 00C0      		rjmp .L11
 477 002a 1982      		std Y+1,__zero_reg__
 478 002c 1882      		st Y,__zero_reg__
 479 002e 8AE0      		ldi r24,lo8(10)
 480 0030 8A83      		std Y+2,r24
 481 0032 81E2      		ldi r24,lo8(33)
 482 0034 FE01      		movw r30,r28
 483 0036 E95B      		subi r30,-71
 484 0038 FF4F      		sbci r31,-1
 485 003a 8083      		st Z,r24
 486 003c 81E6      		ldi r24,lo8(97)
 487 003e 8B83      		std Y+3,r24
 488 0040 CE01      		movw r24,r28
 489 0042 CB96      		adiw r24,59
 490 0044 9A87      		std Y+10,r25
 491 0046 8987      		std Y+9,r24
 492 0048 1A8A      		std Y+18,__zero_reg__
 493 004a 198A      		std Y+17,__zero_reg__
 494 004c 188E      		std Y+24,__zero_reg__
 495 004e 1F8A      		std Y+23,__zero_reg__
 496 0050 18AE      		std Y+56,__zero_reg__
 497 0052 1FAA      		std Y+55,__zero_reg__
 498 0054 1EA2      		std Y+38,__zero_reg__
 499 0056 1DA2      		std Y+37,__zero_reg__
 500 0058 1F8E      		std Y+31,__zero_reg__
 501 005a 1AA2      		std Y+34,__zero_reg__
 502 005c 19A2      		std Y+33,__zero_reg__
 503 005e 21E0      		ldi r18,lo8(1)
 504 0060 28A3      		std Y+32,r18
 505 0062 1CA2      		std Y+36,__zero_reg__
 506 0064 1BA2      		std Y+35,__zero_reg__
 507 0066 1CAA      		std Y+52,__zero_reg__
 508 0068 1BAA      		std Y+51,__zero_reg__
 509 006a 1A8E      		std Y+26,__zero_reg__
GAS LISTING /tmp/ccERTdUs.s 			page 10


 510 006c 198E      		std Y+25,__zero_reg__
 511 006e 1E8E      		std Y+30,__zero_reg__
 512 0070 1D8E      		std Y+29,__zero_reg__
 513 0072 1C8E      		std Y+28,__zero_reg__
 514 0074 1B8E      		std Y+27,__zero_reg__
 515 0076 1C82      		std Y+4,__zero_reg__
 516 0078 1C86      		std Y+12,__zero_reg__
 517 007a 1B86      		std Y+11,__zero_reg__
 518 007c 1E8A      		std Y+22,__zero_reg__
 519 007e 1D8A      		std Y+21,__zero_reg__
 520 0080 1E86      		std Y+14,__zero_reg__
 521 0082 1D86      		std Y+13,__zero_reg__
 522 0084 1AAE      		std Y+58,__zero_reg__
 523 0086 19AE      		std Y+57,__zero_reg__
 524 0088 1CA6      		std Y+44,__zero_reg__
 525 008a 1BA6      		std Y+43,__zero_reg__
 526 008c 3497      		sbiw r30,4
 527 008e F182      		std Z+1,r15
 528 0090 E082      		st Z,r14
 529 0092 3296      		adiw r30,2
 530 0094 1183      		std Z+1,r17
 531 0096 0083      		st Z,r16
 532 0098 F496      		adiw r30,52
 533 009a D183      		std Z+1,r29
 534 009c C083      		st Z,r28
 535 009e 3896      		adiw r30,8
 536 00a0 9E01      		movw r18,r28
 537 00a2 2558      		subi r18,-123
 538 00a4 3F4F      		sbci r19,-1
 539 00a6 3183      		std Z+1,r19
 540 00a8 2083      		st Z,r18
 541 00aa 3296      		adiw r30,2
 542 00ac 3183      		std Z+1,r19
 543 00ae 2083      		st Z,r18
 544 00b0 B697      		sbiw r30,38
 545 00b2 1082      		st Z,__zero_reg__
 546 00b4 1182      		std Z+1,__zero_reg__
 547 00b6 1282      		std Z+2,__zero_reg__
 548 00b8 1382      		std Z+3,__zero_reg__
 549 00ba 7C97      		sbiw r30,28
 550 00bc 1182      		std Z+1,__zero_reg__
 551 00be 1082      		st Z,__zero_reg__
 552 00c0 3497      		sbiw r30,4
 553 00c2 1082      		st Z,__zero_reg__
 554 00c4 1182      		std Z+1,__zero_reg__
 555 00c6 1282      		std Z+2,__zero_reg__
 556 00c8 1382      		std Z+3,__zero_reg__
 557 00ca 1CAE      		std Y+60,__zero_reg__
 558 00cc 1BAE      		std Y+59,__zero_reg__
 559 00ce FA96      		adiw r30,58
 560 00d0 1182      		std Z+1,__zero_reg__
 561 00d2 1082      		st Z,__zero_reg__
 562 00d4 B097      		sbiw r30,32
 563 00d6 1182      		std Z+1,__zero_reg__
 564 00d8 1082      		st Z,__zero_reg__
 565 00da 3496      		adiw r30,4
 566 00dc 1182      		std Z+1,__zero_reg__
GAS LISTING /tmp/ccERTdUs.s 			page 11


 567 00de 1082      		st Z,__zero_reg__
 568 00e0 7696      		adiw r30,22
 569 00e2 1182      		std Z+1,__zero_reg__
 570 00e4 1082      		st Z,__zero_reg__
 571 00e6 B997      		sbiw r30,41
 572 00e8 1082      		st Z,__zero_reg__
 573 00ea 3396      		adiw r30,3
 574 00ec D183      		std Z+1,r29
 575 00ee C083      		st Z,r28
 576 00f0 3297      		sbiw r30,2
 577 00f2 1182      		std Z+1,__zero_reg__
 578 00f4 1082      		st Z,__zero_reg__
 579 00f6 3496      		adiw r30,4
 580 00f8 4096      		adiw r24,16
 581 00fa 9183      		std Z+1,r25
 582 00fc 8083      		st Z,r24
 583 00fe 3296      		adiw r30,2
 584 0100 1182      		std Z+1,__zero_reg__
 585 0102 1082      		st Z,__zero_reg__
 586 0104 3296      		adiw r30,2
 587 0106 1182      		std Z+1,__zero_reg__
 588 0108 1082      		st Z,__zero_reg__
 589 010a 3296      		adiw r30,2
 590 010c 1182      		std Z+1,__zero_reg__
 591 010e 1082      		st Z,__zero_reg__
 592 0110 3296      		adiw r30,2
 593 0112 1182      		std Z+1,__zero_reg__
 594 0114 1082      		st Z,__zero_reg__
 595 0116 8FEB      		ldi r24,lo8(-65)
 596 0118 90E0      		ldi r25,0
 597 011a A0E0      		ldi r26,0
 598 011c B0E0      		ldi r27,0
 599 011e 3C96      		adiw r30,12
 600 0120 8083      		st Z,r24
 601 0122 9183      		std Z+1,r25
 602 0124 A283      		std Z+2,r26
 603 0126 B383      		std Z+3,r27
 604 0128 88EC      		ldi r24,lo8(-56)
 605 012a 90E0      		ldi r25,0
 606 012c 3C96      		adiw r30,12
 607 012e 9183      		std Z+1,r25
 608 0130 8083      		st Z,r24
 609 0132 3296      		adiw r30,2
 610 0134 9183      		std Z+1,r25
 611 0136 8083      		st Z,r24
 612 0138 3697      		sbiw r30,6
 613 013a 1082      		st Z,__zero_reg__
 614 013c 1182      		std Z+1,__zero_reg__
 615 013e 1282      		std Z+2,__zero_reg__
 616 0140 1382      		std Z+3,__zero_reg__
 617 0142 7E96      		adiw r30,30
 618 0144 CE01      		movw r24,r28
 619 0146 8356      		subi r24,99
 620 0148 9F4F      		sbci r25,-1
 621               	.L10:
 622 014a 1192      		st Z+,__zero_reg__
 623 014c 1192      		st Z+,__zero_reg__
GAS LISTING /tmp/ccERTdUs.s 			page 12


 624 014e E817      		cp r30,r24
 625 0150 F907      		cpc r31,r25
 626 0152 01F4      		brne .L10
 627 0154 40E0      		ldi r20,0
 628 0156 50E0      		ldi r21,0
 629 0158 60E0      		ldi r22,lo8(gs(f_luaopen))
 630 015a 70E0      		ldi r23,hi8(gs(f_luaopen))
 631 015c CE01      		movw r24,r28
 632 015e 0E94 0000 		call luaD_rawrunprotected
 633 0162 892B      		or r24,r25
 634 0164 01F0      		breq .L12
 635 0166 CE01      		movw r24,r28
 636 0168 0E94 0000 		call close_state
 637               	.L11:
 638 016c 80E0      		ldi r24,0
 639 016e 90E0      		ldi r25,0
 640 0170 00C0      		rjmp .L9
 641               	.L12:
 642 0172 CE01      		movw r24,r28
 643               	.L9:
 644               	/* epilogue start */
 645 0174 DF91      		pop r29
 646 0176 CF91      		pop r28
 647 0178 1F91      		pop r17
 648 017a 0F91      		pop r16
 649 017c FF90      		pop r15
 650 017e EF90      		pop r14
 651 0180 0895      		ret
 652               		.size	lua_newstate, .-lua_newstate
 653               		.section	.text.lua_close,"ax",@progbits
 654               	.global	lua_close
 655               		.type	lua_close, @function
 656               	lua_close:
 657 0000 CF93      		push r28
 658 0002 DF93      		push r29
 659               	/* prologue: function */
 660               	/* frame size = 0 */
 661               	/* stack size = 2 */
 662               	.L__stack_usage = 2
 663 0004 DC01      		movw r26,r24
 664 0006 1996      		adiw r26,9
 665 0008 ED91      		ld r30,X+
 666 000a FC91      		ld r31,X
 667 000c 1A97      		sbiw r26,9+1
 668 000e C6AD      		ldd r28,Z+62
 669 0010 D7AD      		ldd r29,Z+63
 670 0012 6989      		ldd r22,Y+17
 671 0014 7A89      		ldd r23,Y+18
 672 0016 CE01      		movw r24,r28
 673 0018 0E94 0000 		call luaF_close
 674 001c 61E0      		ldi r22,lo8(1)
 675 001e 70E0      		ldi r23,0
 676 0020 CE01      		movw r24,r28
 677 0022 0E94 0000 		call luaC_separateudata
 678 0026 1AAE      		std Y+58,__zero_reg__
 679 0028 19AE      		std Y+57,__zero_reg__
 680               	.L16:
GAS LISTING /tmp/ccERTdUs.s 			page 13


 681 002a ED89      		ldd r30,Y+21
 682 002c FE89      		ldd r31,Y+22
 683 002e FC87      		std Y+12,r31
 684 0030 EB87      		std Y+11,r30
 685 0032 8081      		ld r24,Z
 686 0034 9181      		ldd r25,Z+1
 687 0036 9E83      		std Y+6,r25
 688 0038 8D83      		std Y+5,r24
 689 003a 9887      		std Y+8,r25
 690 003c 8F83      		std Y+7,r24
 691 003e 1E8E      		std Y+30,__zero_reg__
 692 0040 1D8E      		std Y+29,__zero_reg__
 693 0042 1C8E      		std Y+28,__zero_reg__
 694 0044 1B8E      		std Y+27,__zero_reg__
 695 0046 40E0      		ldi r20,0
 696 0048 50E0      		ldi r21,0
 697 004a 60E0      		ldi r22,lo8(gs(callallgcTM))
 698 004c 70E0      		ldi r23,hi8(gs(callallgcTM))
 699 004e CE01      		movw r24,r28
 700 0050 0E94 0000 		call luaD_rawrunprotected
 701 0054 892B      		or r24,r25
 702 0056 01F4      		brne .L16
 703 0058 CE01      		movw r24,r28
 704               	/* epilogue start */
 705 005a DF91      		pop r29
 706 005c CF91      		pop r28
 707 005e 0C94 0000 		jmp close_state
 708               		.size	lua_close, .-lua_close
 709               		.hidden	luaC_separateudata
 710               		.hidden	luaD_rawrunprotected
 711               		.hidden	luaC_link
 712               		.hidden	luaC_callGCTM
 713               		.hidden	luaC_freeall
 714               		.hidden	luaF_close
 715               		.hidden	luaS_newlstr
 716               		.hidden	luaX_init
 717               		.hidden	luaT_init
 718               		.hidden	luaS_resize
 719               		.hidden	luaH_new
 720               		.hidden	luaM_realloc_
 721               		.ident	"GCC: (GNU) 5.3.0"
 722               	.global __do_copy_data
GAS LISTING /tmp/ccERTdUs.s 			page 14


DEFINED SYMBOLS
                            *ABS*:0000000000000000 lstate.c
     /tmp/ccERTdUs.s:2      *ABS*:000000000000003e __SP_H__
     /tmp/ccERTdUs.s:3      *ABS*:000000000000003d __SP_L__
     /tmp/ccERTdUs.s:4      *ABS*:000000000000003f __SREG__
     /tmp/ccERTdUs.s:5      *ABS*:000000000000003b __RAMPZ__
     /tmp/ccERTdUs.s:6      *ABS*:0000000000000000 __tmp_reg__
     /tmp/ccERTdUs.s:7      *ABS*:0000000000000001 __zero_reg__
     /tmp/ccERTdUs.s:10     .text.stack_init:0000000000000000 stack_init
     /tmp/ccERTdUs.s:90     .text.freestack:0000000000000000 freestack
     /tmp/ccERTdUs.s:140    .text.f_luaopen:0000000000000000 f_luaopen
     /tmp/ccERTdUs.s:232    .text.close_state:0000000000000000 close_state
     /tmp/ccERTdUs.s:305    .text.callallgcTM:0000000000000000 callallgcTM
     /tmp/ccERTdUs.s:316    .text.luaE_newthread:0000000000000000 luaE_newthread
     /tmp/ccERTdUs.s:417    .text.luaE_freethread:0000000000000000 luaE_freethread
     /tmp/ccERTdUs.s:451    .text.lua_newstate:0000000000000000 lua_newstate
     /tmp/ccERTdUs.s:656    .text.lua_close:0000000000000000 lua_close

UNDEFINED SYMBOLS
luaM_realloc_
luaH_new
luaS_resize
luaT_init
luaX_init
luaS_newlstr
luaF_close
luaC_freeall
luaC_callGCTM
luaC_link
luaD_rawrunprotected
luaC_separateudata
__do_copy_data
