GAS LISTING /tmp/ccyzAfev.s 			page 1


   1               		.file	"ltable.c"
   2               	__SP_H__ = 0x3e
   3               	__SP_L__ = 0x3d
   4               	__SREG__ = 0x3f
   5               	__RAMPZ__ = 0x3b
   6               	__tmp_reg__ = 0
   7               	__zero_reg__ = 1
   8               		.section	.text.setarrayvector,"ax",@progbits
   9               		.type	setarrayvector, @function
  10               	setarrayvector:
  11 0000 0F93      		push r16
  12 0002 1F93      		push r17
  13 0004 CF93      		push r28
  14 0006 DF93      		push r29
  15               	/* prologue: function */
  16               	/* frame size = 0 */
  17               	/* stack size = 4 */
  18               	.L__stack_usage = 4
  19 0008 EB01      		movw r28,r22
  20 000a 8A01      		movw r16,r20
  21 000c 9A01      		movw r18,r20
  22 000e 2F5F      		subi r18,-1
  23 0010 3F4F      		sbci r19,-1
  24 0012 2B3A      		cpi r18,-85
  25 0014 3A42      		sbci r19,42
  26 0016 00F4      		brsh .L2
  27 0018 36E0      		ldi r19,lo8(6)
  28 001a 309F      		mul r19,r16
  29 001c F001      		movw r30,r0
  30 001e 319F      		mul r19,r17
  31 0020 F00D      		add r31,r0
  32 0022 1124      		clr __zero_reg__
  33 0024 6889      		ldd r22,Y+16
  34 0026 7989      		ldd r23,Y+17
  35 0028 369F      		mul r19,r22
  36 002a A001      		movw r20,r0
  37 002c 379F      		mul r19,r23
  38 002e 500D      		add r21,r0
  39 0030 1124      		clr __zero_reg__
  40 0032 6885      		ldd r22,Y+8
  41 0034 7985      		ldd r23,Y+9
  42 0036 9F01      		movw r18,r30
  43 0038 0E94 0000 		call luaM_realloc_
  44 003c 00C0      		rjmp .L3
  45               	.L2:
  46 003e 0E94 0000 		call luaM_toobig
  47               	.L3:
  48 0042 9987      		std Y+9,r25
  49 0044 8887      		std Y+8,r24
  50 0046 2889      		ldd r18,Y+16
  51 0048 3989      		ldd r19,Y+17
  52 004a 46E0      		ldi r20,lo8(6)
  53 004c 429F      		mul r20,r18
  54 004e B001      		movw r22,r0
  55 0050 439F      		mul r20,r19
  56 0052 700D      		add r23,r0
  57 0054 1124      		clr __zero_reg__
GAS LISTING /tmp/ccyzAfev.s 			page 2


  58 0056 40E0      		ldi r20,0
  59 0058 50E0      		ldi r21,0
  60               	.L4:
  61 005a 4A5F      		subi r20,-6
  62 005c 5F4F      		sbci r21,-1
  63 005e 2017      		cp r18,r16
  64 0060 3107      		cpc r19,r17
  65 0062 04F4      		brge .L7
  66 0064 FA01      		movw r30,r20
  67 0066 E60F      		add r30,r22
  68 0068 F71F      		adc r31,r23
  69 006a 3297      		sbiw r30,2
  70 006c E80F      		add r30,r24
  71 006e F91F      		adc r31,r25
  72 0070 1182      		std Z+1,__zero_reg__
  73 0072 1082      		st Z,__zero_reg__
  74 0074 2F5F      		subi r18,-1
  75 0076 3F4F      		sbci r19,-1
  76 0078 00C0      		rjmp .L4
  77               	.L7:
  78 007a 198B      		std Y+17,r17
  79 007c 088B      		std Y+16,r16
  80               	/* epilogue start */
  81 007e DF91      		pop r29
  82 0080 CF91      		pop r28
  83 0082 1F91      		pop r17
  84 0084 0F91      		pop r16
  85 0086 0895      		ret
  86               		.size	setarrayvector, .-setarrayvector
  87               		.section	.rodata.str1.1,"aMS",@progbits,1
  88               	.LC0:
  89 0000 7461 626C 		.string	"table overflow"
  89      6520 6F76 
  89      6572 666C 
  89      6F77 00
  90               		.section	.text.setnodevector,"ax",@progbits
  91               		.type	setnodevector, @function
  92               	setnodevector:
  93 0000 CF92      		push r12
  94 0002 DF92      		push r13
  95 0004 EF92      		push r14
  96 0006 FF92      		push r15
  97 0008 0F93      		push r16
  98 000a 1F93      		push r17
  99 000c CF93      		push r28
 100 000e DF93      		push r29
 101               	/* prologue: function */
 102               	/* frame size = 0 */
 103               	/* stack size = 8 */
 104               	.L__stack_usage = 8
 105 0010 6C01      		movw r12,r24
 106 0012 8B01      		movw r16,r22
 107 0014 EA01      		movw r28,r20
 108 0016 2097      		sbiw r28,0
 109 0018 01F4      		brne .L9
 110 001a 80E0      		ldi r24,lo8(dummynode_)
 111 001c 90E0      		ldi r25,hi8(dummynode_)
GAS LISTING /tmp/ccyzAfev.s 			page 3


 112 001e DB01      		movw r26,r22
 113 0020 1B96      		adiw r26,10+1
 114 0022 9C93      		st X,r25
 115 0024 8E93      		st -X,r24
 116 0026 1A97      		sbiw r26,10
 117 0028 E12C      		mov r14,__zero_reg__
 118 002a F12C      		mov r15,__zero_reg__
 119 002c 00C0      		rjmp .L10
 120               	.L9:
 121 002e CA01      		movw r24,r20
 122 0030 0197      		sbiw r24,1
 123 0032 0E94 0000 		call luaO_log2
 124 0036 0196      		adiw r24,1
 125 0038 7C01      		movw r14,r24
 126 003a 0F97      		sbiw r24,15
 127 003c 04F0      		brlt .L11
 128 003e 80E0      		ldi r24,lo8(.LC0)
 129 0040 90E0      		ldi r25,hi8(.LC0)
 130 0042 9F93      		push r25
 131 0044 8F93      		push r24
 132 0046 DF92      		push r13
 133 0048 CF92      		push r12
 134 004a 0E94 0000 		call luaG_runerror
 135 004e 0F90      		pop __tmp_reg__
 136 0050 0F90      		pop __tmp_reg__
 137 0052 0F90      		pop __tmp_reg__
 138 0054 0F90      		pop __tmp_reg__
 139               	.L11:
 140 0056 C1E0      		ldi r28,lo8(1)
 141 0058 D0E0      		ldi r29,0
 142 005a 0E2C      		mov r0,r14
 143 005c 00C0      		rjmp 2f
 144               		1:
 145 005e CC0F      		lsl r28
 146 0060 DD1F      		rol r29
 147               		2:
 148 0062 0A94      		dec r0
 149 0064 02F4      		brpl 1b
 150 0066 CE01      		movw r24,r28
 151 0068 0196      		adiw r24,1
 152 006a 8934      		cpi r24,73
 153 006c 9241      		sbci r25,18
 154 006e 00F4      		brsh .L12
 155 0070 8EE0      		ldi r24,lo8(14)
 156 0072 8C9F      		mul r24,r28
 157 0074 9001      		movw r18,r0
 158 0076 8D9F      		mul r24,r29
 159 0078 300D      		add r19,r0
 160 007a 1124      		clr __zero_reg__
 161 007c 40E0      		ldi r20,0
 162 007e 50E0      		ldi r21,0
 163 0080 60E0      		ldi r22,0
 164 0082 70E0      		ldi r23,0
 165 0084 C601      		movw r24,r12
 166 0086 0E94 0000 		call luaM_realloc_
 167 008a 00C0      		rjmp .L13
 168               	.L12:
GAS LISTING /tmp/ccyzAfev.s 			page 4


 169 008c C601      		movw r24,r12
 170 008e 0E94 0000 		call luaM_toobig
 171               	.L13:
 172 0092 D801      		movw r26,r16
 173 0094 1B96      		adiw r26,10+1
 174 0096 9C93      		st X,r25
 175 0098 8E93      		st -X,r24
 176 009a 1A97      		sbiw r26,10
 177 009c 20E0      		ldi r18,0
 178 009e 30E0      		ldi r19,0
 179 00a0 80E0      		ldi r24,0
 180 00a2 90E0      		ldi r25,0
 181               	.L14:
 182 00a4 8C17      		cp r24,r28
 183 00a6 9D07      		cpc r25,r29
 184 00a8 04F4      		brge .L10
 185 00aa D801      		movw r26,r16
 186 00ac 1A96      		adiw r26,10
 187 00ae ED91      		ld r30,X+
 188 00b0 FC91      		ld r31,X
 189 00b2 1B97      		sbiw r26,10+1
 190 00b4 E20F      		add r30,r18
 191 00b6 F31F      		adc r31,r19
 192 00b8 1586      		std Z+13,__zero_reg__
 193 00ba 1486      		std Z+12,__zero_reg__
 194 00bc 1386      		std Z+11,__zero_reg__
 195 00be 1286      		std Z+10,__zero_reg__
 196 00c0 1582      		std Z+5,__zero_reg__
 197 00c2 1482      		std Z+4,__zero_reg__
 198 00c4 0196      		adiw r24,1
 199 00c6 225F      		subi r18,-14
 200 00c8 3F4F      		sbci r19,-1
 201 00ca 00C0      		rjmp .L14
 202               	.L10:
 203 00cc F801      		movw r30,r16
 204 00ce E582      		std Z+5,r14
 205 00d0 2EE0      		ldi r18,lo8(14)
 206 00d2 2C9F      		mul r18,r28
 207 00d4 C001      		movw r24,r0
 208 00d6 2D9F      		mul r18,r29
 209 00d8 900D      		add r25,r0
 210 00da 1124      		clr __zero_reg__
 211 00dc 2285      		ldd r18,Z+10
 212 00de 3385      		ldd r19,Z+11
 213 00e0 820F      		add r24,r18
 214 00e2 931F      		adc r25,r19
 215 00e4 9587      		std Z+13,r25
 216 00e6 8487      		std Z+12,r24
 217               	/* epilogue start */
 218 00e8 DF91      		pop r29
 219 00ea CF91      		pop r28
 220 00ec 1F91      		pop r17
 221 00ee 0F91      		pop r16
 222 00f0 FF90      		pop r15
 223 00f2 EF90      		pop r14
 224 00f4 DF90      		pop r13
 225 00f6 CF90      		pop r12
GAS LISTING /tmp/ccyzAfev.s 			page 5


 226 00f8 0895      		ret
 227               		.size	setnodevector, .-setnodevector
 228               		.section	.text.hashnum.part.0,"ax",@progbits
 229               		.type	hashnum.part.0, @function
 230               	hashnum.part.0:
 231               	/* prologue: function */
 232               	/* frame size = 0 */
 233               	/* stack size = 0 */
 234               	.L__stack_usage = 0
 235 0000 FC01      		movw r30,r24
 236 0002 CA01      		movw r24,r20
 237 0004 860F      		add r24,r22
 238 0006 971F      		adc r25,r23
 239 0008 61E0      		ldi r22,lo8(1)
 240 000a 70E0      		ldi r23,0
 241 000c 0580      		ldd r0,Z+5
 242 000e 00C0      		rjmp 2f
 243               		1:
 244 0010 660F      		lsl r22
 245 0012 771F      		rol r23
 246               		2:
 247 0014 0A94      		dec r0
 248 0016 02F4      		brpl 1b
 249 0018 6150      		subi r22,1
 250 001a 7109      		sbc r23,__zero_reg__
 251 001c 6160      		ori r22,1
 252 001e 0E94 0000 		call __udivmodhi4
 253 0022 4EE0      		ldi r20,lo8(14)
 254 0024 489F      		mul r20,r24
 255 0026 9001      		movw r18,r0
 256 0028 499F      		mul r20,r25
 257 002a 300D      		add r19,r0
 258 002c 1124      		clr __zero_reg__
 259 002e 8285      		ldd r24,Z+10
 260 0030 9385      		ldd r25,Z+11
 261 0032 820F      		add r24,r18
 262 0034 931F      		adc r25,r19
 263 0036 0895      		ret
 264               		.size	hashnum.part.0, .-hashnum.part.0
 265               		.section	.text.mainposition,"ax",@progbits
 266               		.type	mainposition, @function
 267               	mainposition:
 268               	/* prologue: function */
 269               	/* frame size = 0 */
 270               	/* stack size = 0 */
 271               	.L__stack_usage = 0
 272 0000 FC01      		movw r30,r24
 273 0002 DB01      		movw r26,r22
 274 0004 1496      		adiw r26,4
 275 0006 8D91      		ld r24,X+
 276 0008 9C91      		ld r25,X
 277 000a 1597      		sbiw r26,4+1
 278 000c 8530      		cpi r24,5
 279 000e 9105      		cpc r25,__zero_reg__
 280 0010 04F4      		brge .L19
 281 0012 2285      		ldd r18,Z+10
 282 0014 3385      		ldd r19,Z+11
GAS LISTING /tmp/ccyzAfev.s 			page 6


 283 0016 4581      		ldd r20,Z+5
 284 0018 8230      		cpi r24,2
 285 001a 9105      		cpc r25,__zero_reg__
 286 001c 04F0      		brlt .+2
 287 001e 00C0      		rjmp .L20
 288 0020 8130      		cpi r24,1
 289 0022 9105      		cpc r25,__zero_reg__
 290 0024 01F0      		breq .+2
 291 0026 00C0      		rjmp .L18
 292 0028 00C0      		rjmp 2f
 293               		1:
 294 002a 880F      		lsl r24
 295 002c 991F      		rol r25
 296               		2:
 297 002e 4A95      		dec r20
 298 0030 02F4      		brpl 1b
 299 0032 0197      		sbiw r24,1
 300 0034 4D91      		ld r20,X+
 301 0036 5C91      		ld r21,X
 302 0038 8423      		and r24,r20
 303 003a 9523      		and r25,r21
 304 003c 00C0      		rjmp .L27
 305               	.L19:
 306 003e 8530      		cpi r24,5
 307 0040 9105      		cpc r25,__zero_reg__
 308 0042 01F0      		breq .L22
 309 0044 0697      		sbiw r24,6
 310 0046 01F0      		breq .+2
 311 0048 00C0      		rjmp .L18
 312 004a 81E0      		ldi r24,lo8(1)
 313 004c 90E0      		ldi r25,0
 314 004e 0580      		ldd r0,Z+5
 315 0050 00C0      		rjmp 2f
 316               		1:
 317 0052 880F      		lsl r24
 318 0054 991F      		rol r25
 319               		2:
 320 0056 0A94      		dec r0
 321 0058 02F4      		brpl 1b
 322 005a 0197      		sbiw r24,1
 323 005c 0D90      		ld __tmp_reg__,X+
 324 005e BC91      		ld r27,X
 325 0060 A02D      		mov r26,__tmp_reg__
 326 0062 1596      		adiw r26,5
 327 0064 2D91      		ld r18,X+
 328 0066 3C91      		ld r19,X
 329 0068 1697      		sbiw r26,5+1
 330 006a 2823      		and r18,r24
 331 006c 3923      		and r19,r25
 332 006e 4EE0      		ldi r20,lo8(14)
 333 0070 429F      		mul r20,r18
 334 0072 C001      		movw r24,r0
 335 0074 439F      		mul r20,r19
 336 0076 900D      		add r25,r0
 337 0078 1124      		clr __zero_reg__
 338 007a 2285      		ldd r18,Z+10
 339 007c 3385      		ldd r19,Z+11
GAS LISTING /tmp/ccyzAfev.s 			page 7


 340 007e 00C0      		rjmp .L26
 341               	.L22:
 342 0080 4D91      		ld r20,X+
 343 0082 5D91      		ld r21,X+
 344 0084 6D91      		ld r22,X+
 345 0086 7C91      		ld r23,X
 346 0088 4115      		cp r20,__zero_reg__
 347 008a 5105      		cpc r21,__zero_reg__
 348 008c 6105      		cpc r22,__zero_reg__
 349 008e 7105      		cpc r23,__zero_reg__
 350 0090 01F4      		brne .L24
 351 0092 8285      		ldd r24,Z+10
 352 0094 9385      		ldd r25,Z+11
 353 0096 0895      		ret
 354               	.L24:
 355 0098 CF01      		movw r24,r30
 356 009a 0C94 0000 		jmp hashnum.part.0
 357               	.L20:
 358 009e 61E0      		ldi r22,lo8(1)
 359 00a0 70E0      		ldi r23,0
 360 00a2 00C0      		rjmp 2f
 361               		1:
 362 00a4 660F      		lsl r22
 363 00a6 771F      		rol r23
 364               		2:
 365 00a8 4A95      		dec r20
 366 00aa 02F4      		brpl 1b
 367 00ac 6150      		subi r22,1
 368 00ae 7109      		sbc r23,__zero_reg__
 369 00b0 6160      		ori r22,1
 370 00b2 8D91      		ld r24,X+
 371 00b4 9C91      		ld r25,X
 372 00b6 0E94 0000 		call __udivmodhi4
 373               	.L27:
 374 00ba 6EE0      		ldi r22,lo8(14)
 375 00bc 689F      		mul r22,r24
 376 00be A001      		movw r20,r0
 377 00c0 699F      		mul r22,r25
 378 00c2 500D      		add r21,r0
 379 00c4 1124      		clr __zero_reg__
 380 00c6 C901      		movw r24,r18
 381 00c8 840F      		add r24,r20
 382 00ca 951F      		adc r25,r21
 383 00cc 0895      		ret
 384               	.L18:
 385 00ce 81E0      		ldi r24,lo8(1)
 386 00d0 90E0      		ldi r25,0
 387 00d2 0580      		ldd r0,Z+5
 388 00d4 00C0      		rjmp 2f
 389               		1:
 390 00d6 880F      		lsl r24
 391 00d8 991F      		rol r25
 392               		2:
 393 00da 0A94      		dec r0
 394 00dc 02F4      		brpl 1b
 395 00de 0197      		sbiw r24,1
 396 00e0 BC01      		movw r22,r24
GAS LISTING /tmp/ccyzAfev.s 			page 8


 397 00e2 6160      		ori r22,1
 398 00e4 8D91      		ld r24,X+
 399 00e6 9C91      		ld r25,X
 400 00e8 0E94 0000 		call __udivmodhi4
 401 00ec 4EE0      		ldi r20,lo8(14)
 402 00ee 489F      		mul r20,r24
 403 00f0 9001      		movw r18,r0
 404 00f2 499F      		mul r20,r25
 405 00f4 300D      		add r19,r0
 406 00f6 1124      		clr __zero_reg__
 407 00f8 8285      		ldd r24,Z+10
 408 00fa 9385      		ldd r25,Z+11
 409               	.L26:
 410 00fc 820F      		add r24,r18
 411 00fe 931F      		adc r25,r19
 412 0100 0895      		ret
 413               		.size	mainposition, .-mainposition
 414               		.section	.text.countint,"ax",@progbits
 415               		.type	countint, @function
 416               	countint:
 417 0000 CF93      		push r28
 418 0002 DF93      		push r29
 419               	/* prologue: function */
 420               	/* frame size = 0 */
 421               	/* stack size = 2 */
 422               	.L__stack_usage = 2
 423 0004 EB01      		movw r28,r22
 424 0006 FC01      		movw r30,r24
 425 0008 2481      		ldd r18,Z+4
 426 000a 3581      		ldd r19,Z+5
 427 000c 2530      		cpi r18,5
 428 000e 3105      		cpc r19,__zero_reg__
 429 0010 01F4      		brne .L32
 430 0012 8081      		ld r24,Z
 431 0014 9181      		ldd r25,Z+1
 432 0016 A281      		ldd r26,Z+2
 433 0018 B381      		ldd r27,Z+3
 434 001a AC01      		movw r20,r24
 435 001c 092E      		mov __tmp_reg__,r25
 436 001e 000C      		lsl r0
 437 0020 660B      		sbc r22,r22
 438 0022 770B      		sbc r23,r23
 439 0024 8417      		cp r24,r20
 440 0026 9507      		cpc r25,r21
 441 0028 A607      		cpc r26,r22
 442 002a B707      		cpc r27,r23
 443 002c 01F0      		breq .L29
 444               	.L32:
 445 002e 8FEF      		ldi r24,lo8(-1)
 446 0030 9FEF      		ldi r25,lo8(-1)
 447               	.L29:
 448 0032 0197      		sbiw r24,1
 449 0034 8115      		cp r24,__zero_reg__
 450 0036 F0E4      		ldi r31,64
 451 0038 9F07      		cpc r25,r31
 452 003a 00F4      		brsh .L33
 453 003c 0E94 0000 		call luaO_log2
GAS LISTING /tmp/ccyzAfev.s 			page 9


 454 0040 0196      		adiw r24,1
 455 0042 FC01      		movw r30,r24
 456 0044 EE0F      		lsl r30
 457 0046 FF1F      		rol r31
 458 0048 EC0F      		add r30,r28
 459 004a FD1F      		adc r31,r29
 460 004c 8081      		ld r24,Z
 461 004e 9181      		ldd r25,Z+1
 462 0050 0196      		adiw r24,1
 463 0052 9183      		std Z+1,r25
 464 0054 8083      		st Z,r24
 465 0056 81E0      		ldi r24,lo8(1)
 466 0058 90E0      		ldi r25,0
 467 005a 00C0      		rjmp .L30
 468               	.L33:
 469 005c 80E0      		ldi r24,0
 470 005e 90E0      		ldi r25,0
 471               	.L30:
 472               	/* epilogue start */
 473 0060 DF91      		pop r29
 474 0062 CF91      		pop r28
 475 0064 0895      		ret
 476               		.size	countint, .-countint
 477               		.section	.rodata.str1.1
 478               	.LC1:
 479 000f 696E 7661 		.string	"invalid key to 'next'"
 479      6C69 6420 
 479      6B65 7920 
 479      746F 2027 
 479      6E65 7874 
 480               		.section	.text.luaH_next,"ax",@progbits
 481               	.global	luaH_next
 482               		.hidden	luaH_next
 483               		.type	luaH_next, @function
 484               	luaH_next:
 485 0000 AF92      		push r10
 486 0002 BF92      		push r11
 487 0004 CF92      		push r12
 488 0006 DF92      		push r13
 489 0008 EF92      		push r14
 490 000a FF92      		push r15
 491 000c 0F93      		push r16
 492 000e 1F93      		push r17
 493 0010 CF93      		push r28
 494 0012 DF93      		push r29
 495               	/* prologue: function */
 496               	/* frame size = 0 */
 497               	/* stack size = 10 */
 498               	.L__stack_usage = 10
 499 0014 D82E      		mov r13,r24
 500 0016 C92E      		mov r12,r25
 501 0018 7B01      		movw r14,r22
 502 001a 8A01      		movw r16,r20
 503 001c DA01      		movw r26,r20
 504 001e 1496      		adiw r26,4
 505 0020 8D91      		ld r24,X+
 506 0022 9C91      		ld r25,X
GAS LISTING /tmp/ccyzAfev.s 			page 10


 507 0024 1597      		sbiw r26,4+1
 508 0026 0097      		sbiw r24,0
 509 0028 01F4      		brne .+2
 510 002a 00C0      		rjmp .L48
 511 002c 0597      		sbiw r24,5
 512 002e 01F4      		brne .L36
 513 0030 8D91      		ld r24,X+
 514 0032 9D91      		ld r25,X+
 515 0034 0D90      		ld __tmp_reg__,X+
 516 0036 BC91      		ld r27,X
 517 0038 A02D      		mov r26,__tmp_reg__
 518 003a AC01      		movw r20,r24
 519 003c 092E      		mov __tmp_reg__,r25
 520 003e 000C      		lsl r0
 521 0040 660B      		sbc r22,r22
 522 0042 770B      		sbc r23,r23
 523 0044 8417      		cp r24,r20
 524 0046 9507      		cpc r25,r21
 525 0048 A607      		cpc r26,r22
 526 004a B707      		cpc r27,r23
 527 004c 01F4      		brne .L36
 528 004e 1816      		cp __zero_reg__,r24
 529 0050 1906      		cpc __zero_reg__,r25
 530 0052 04F4      		brge .L36
 531 0054 E701      		movw r28,r14
 532 0056 4889      		ldd r20,Y+16
 533 0058 5989      		ldd r21,Y+17
 534 005a 4817      		cp r20,r24
 535 005c 5907      		cpc r21,r25
 536 005e 04F0      		brlt .L36
 537 0060 5C01      		movw r10,r24
 538 0062 D1E0      		ldi r29,1
 539 0064 AD1A      		sub r10,r29
 540 0066 B108      		sbc r11,__zero_reg__
 541 0068 00C0      		rjmp .L35
 542               	.L36:
 543 006a B801      		movw r22,r16
 544 006c C701      		movw r24,r14
 545 006e 0E94 0000 		call mainposition
 546 0072 EC01      		movw r28,r24
 547               	.L40:
 548 0074 B801      		movw r22,r16
 549 0076 CE01      		movw r24,r28
 550 0078 0696      		adiw r24,6
 551 007a 0E94 0000 		call luaO_rawequalObj
 552 007e 5C01      		movw r10,r24
 553 0080 892B      		or r24,r25
 554 0082 01F0      		breq .L37
 555               	.L39:
 556 0084 F701      		movw r30,r14
 557 0086 8285      		ldd r24,Z+10
 558 0088 9385      		ldd r25,Z+11
 559 008a C81B      		sub r28,r24
 560 008c D90B      		sbc r29,r25
 561 008e D595      		asr r29
 562 0090 C795      		ror r28
 563 0092 87EB      		ldi r24,lo8(-73)
GAS LISTING /tmp/ccyzAfev.s 			page 11


 564 0094 9DE6      		ldi r25,lo8(109)
 565 0096 C89F      		mul r28,r24
 566 0098 9001      		movw r18,r0
 567 009a C99F      		mul r28,r25
 568 009c 300D      		add r19,r0
 569 009e D89F      		mul r29,r24
 570 00a0 300D      		add r19,r0
 571 00a2 1124      		clr r1
 572 00a4 8089      		ldd r24,Z+16
 573 00a6 9189      		ldd r25,Z+17
 574 00a8 5901      		movw r10,r18
 575 00aa A80E      		add r10,r24
 576 00ac B91E      		adc r11,r25
 577 00ae 00C0      		rjmp .L35
 578               	.L37:
 579 00b0 2A85      		ldd r18,Y+10
 580 00b2 3B85      		ldd r19,Y+11
 581 00b4 2D30      		cpi r18,13
 582 00b6 3105      		cpc r19,__zero_reg__
 583 00b8 01F4      		brne .L38
 584 00ba D801      		movw r26,r16
 585 00bc 1496      		adiw r26,4
 586 00be 2D91      		ld r18,X+
 587 00c0 3C91      		ld r19,X
 588 00c2 1597      		sbiw r26,4+1
 589 00c4 2630      		cpi r18,6
 590 00c6 3105      		cpc r19,__zero_reg__
 591 00c8 04F0      		brlt .L38
 592 00ca 4E81      		ldd r20,Y+6
 593 00cc 5F81      		ldd r21,Y+7
 594 00ce 2D91      		ld r18,X+
 595 00d0 3C91      		ld r19,X
 596 00d2 4217      		cp r20,r18
 597 00d4 5307      		cpc r21,r19
 598 00d6 01F0      		breq .L39
 599               	.L38:
 600 00d8 0C84      		ldd __tmp_reg__,Y+12
 601 00da DD85      		ldd r29,Y+13
 602 00dc C02D      		mov r28,__tmp_reg__
 603 00de 2097      		sbiw r28,0
 604 00e0 01F4      		brne .L40
 605 00e2 20E0      		ldi r18,lo8(.LC1)
 606 00e4 30E0      		ldi r19,hi8(.LC1)
 607 00e6 3F93      		push r19
 608 00e8 2F93      		push r18
 609 00ea CF92      		push r12
 610 00ec DF92      		push r13
 611 00ee 0E94 0000 		call luaG_runerror
 612 00f2 0F90      		pop __tmp_reg__
 613 00f4 0F90      		pop __tmp_reg__
 614 00f6 0F90      		pop __tmp_reg__
 615 00f8 0F90      		pop __tmp_reg__
 616 00fa 00C0      		rjmp .L35
 617               	.L48:
 618 00fc AA24      		clr r10
 619 00fe AA94      		dec r10
 620 0100 BA2C      		mov r11,r10
GAS LISTING /tmp/ccyzAfev.s 			page 12


 621               	.L35:
 622 0102 9501      		movw r18,r10
 623 0104 2F5F      		subi r18,-1
 624 0106 3F4F      		sbci r19,-1
 625 0108 E701      		movw r28,r14
 626 010a E889      		ldd r30,Y+16
 627 010c F989      		ldd r31,Y+17
 628 010e 46E0      		ldi r20,lo8(6)
 629 0110 4A9D      		mul r20,r10
 630 0112 E001      		movw r28,r0
 631 0114 4B9D      		mul r20,r11
 632 0116 D00D      		add r29,r0
 633 0118 1124      		clr __zero_reg__
 634 011a 60E0      		ldi r22,0
 635 011c 70E0      		ldi r23,0
 636 011e 2696      		adiw r28,6
 637               	.L41:
 638 0120 2E17      		cp r18,r30
 639 0122 3F07      		cpc r19,r31
 640 0124 04F4      		brge .L51
 641 0126 AE01      		movw r20,r28
 642 0128 460F      		add r20,r22
 643 012a 571F      		adc r21,r23
 644 012c 6A5F      		subi r22,-6
 645 012e 7F4F      		sbci r23,-1
 646 0130 D701      		movw r26,r14
 647 0132 1896      		adiw r26,8
 648 0134 8D91      		ld r24,X+
 649 0136 9C91      		ld r25,X
 650 0138 1997      		sbiw r26,8+1
 651 013a DC01      		movw r26,r24
 652 013c A40F      		add r26,r20
 653 013e B51F      		adc r27,r21
 654 0140 1496      		adiw r26,4
 655 0142 0D90      		ld __tmp_reg__,X+
 656 0144 BC91      		ld r27,X
 657 0146 A02D      		mov r26,__tmp_reg__
 658 0148 C901      		movw r24,r18
 659 014a 0196      		adiw r24,1
 660 014c AB2B      		or r26,r27
 661 014e 01F0      		breq .L42
 662 0150 092E      		mov __tmp_reg__,r25
 663 0152 000C      		lsl r0
 664 0154 AA0B      		sbc r26,r26
 665 0156 BB0B      		sbc r27,r27
 666 0158 E801      		movw r28,r16
 667 015a 8883      		st Y,r24
 668 015c 9983      		std Y+1,r25
 669 015e AA83      		std Y+2,r26
 670 0160 BB83      		std Y+3,r27
 671 0162 85E0      		ldi r24,lo8(5)
 672 0164 90E0      		ldi r25,0
 673 0166 9D83      		std Y+5,r25
 674 0168 8C83      		std Y+4,r24
 675 016a D701      		movw r26,r14
 676 016c 1896      		adiw r26,8
 677 016e ED91      		ld r30,X+
GAS LISTING /tmp/ccyzAfev.s 			page 13


 678 0170 FC91      		ld r31,X
 679 0172 1997      		sbiw r26,8+1
 680 0174 E40F      		add r30,r20
 681 0176 F51F      		adc r31,r21
 682 0178 00C0      		rjmp .L50
 683               	.L42:
 684 017a 9C01      		movw r18,r24
 685 017c 00C0      		rjmp .L41
 686               	.L51:
 687 017e C901      		movw r24,r18
 688 0180 8E1B      		sub r24,r30
 689 0182 9F0B      		sbc r25,r31
 690 0184 41E0      		ldi r20,lo8(1)
 691 0186 50E0      		ldi r21,0
 692 0188 F701      		movw r30,r14
 693 018a 0580      		ldd r0,Z+5
 694 018c 00C0      		rjmp 2f
 695               		1:
 696 018e 440F      		lsl r20
 697 0190 551F      		rol r21
 698               		2:
 699 0192 0A94      		dec r0
 700 0194 02F4      		brpl 1b
 701 0196 2EE0      		ldi r18,lo8(14)
 702 0198 289F      		mul r18,r24
 703 019a B001      		movw r22,r0
 704 019c 299F      		mul r18,r25
 705 019e 700D      		add r23,r0
 706 01a0 1124      		clr __zero_reg__
 707 01a2 20E0      		ldi r18,0
 708 01a4 30E0      		ldi r19,0
 709 01a6 00C0      		rjmp .L45
 710               	.L46:
 711 01a8 0196      		adiw r24,1
 712               	.L45:
 713 01aa 8417      		cp r24,r20
 714 01ac 9507      		cpc r25,r21
 715 01ae 04F4      		brge .L52
 716 01b0 F901      		movw r30,r18
 717 01b2 E60F      		add r30,r22
 718 01b4 F71F      		adc r31,r23
 719 01b6 E701      		movw r28,r14
 720 01b8 AA85      		ldd r26,Y+10
 721 01ba BB85      		ldd r27,Y+11
 722 01bc EA0F      		add r30,r26
 723 01be FB1F      		adc r31,r27
 724 01c0 225F      		subi r18,-14
 725 01c2 3F4F      		sbci r19,-1
 726 01c4 A481      		ldd r26,Z+4
 727 01c6 B581      		ldd r27,Z+5
 728 01c8 AB2B      		or r26,r27
 729 01ca 01F0      		breq .L46
 730 01cc 8681      		ldd r24,Z+6
 731 01ce 9781      		ldd r25,Z+7
 732 01d0 A085      		ldd r26,Z+8
 733 01d2 B185      		ldd r27,Z+9
 734 01d4 E801      		movw r28,r16
GAS LISTING /tmp/ccyzAfev.s 			page 14


 735 01d6 8883      		st Y,r24
 736 01d8 9983      		std Y+1,r25
 737 01da AA83      		std Y+2,r26
 738 01dc BB83      		std Y+3,r27
 739 01de 8285      		ldd r24,Z+10
 740 01e0 9385      		ldd r25,Z+11
 741 01e2 9D83      		std Y+5,r25
 742 01e4 8C83      		std Y+4,r24
 743               	.L50:
 744 01e6 8081      		ld r24,Z
 745 01e8 9181      		ldd r25,Z+1
 746 01ea A281      		ldd r26,Z+2
 747 01ec B381      		ldd r27,Z+3
 748 01ee 8E83      		std Y+6,r24
 749 01f0 9F83      		std Y+7,r25
 750 01f2 A887      		std Y+8,r26
 751 01f4 B987      		std Y+9,r27
 752 01f6 8481      		ldd r24,Z+4
 753 01f8 9581      		ldd r25,Z+5
 754 01fa 9B87      		std Y+11,r25
 755 01fc 8A87      		std Y+10,r24
 756 01fe 81E0      		ldi r24,lo8(1)
 757 0200 90E0      		ldi r25,0
 758 0202 00C0      		rjmp .L43
 759               	.L52:
 760 0204 80E0      		ldi r24,0
 761 0206 90E0      		ldi r25,0
 762               	.L43:
 763               	/* epilogue start */
 764 0208 DF91      		pop r29
 765 020a CF91      		pop r28
 766 020c 1F91      		pop r17
 767 020e 0F91      		pop r16
 768 0210 FF90      		pop r15
 769 0212 EF90      		pop r14
 770 0214 DF90      		pop r13
 771 0216 CF90      		pop r12
 772 0218 BF90      		pop r11
 773 021a AF90      		pop r10
 774 021c 0895      		ret
 775               		.size	luaH_next, .-luaH_next
 776               		.section	.text.luaH_new,"ax",@progbits
 777               	.global	luaH_new
 778               		.hidden	luaH_new
 779               		.type	luaH_new, @function
 780               	luaH_new:
 781 0000 CF92      		push r12
 782 0002 DF92      		push r13
 783 0004 EF92      		push r14
 784 0006 FF92      		push r15
 785 0008 0F93      		push r16
 786 000a 1F93      		push r17
 787 000c CF93      		push r28
 788 000e DF93      		push r29
 789               	/* prologue: function */
 790               	/* frame size = 0 */
 791               	/* stack size = 8 */
GAS LISTING /tmp/ccyzAfev.s 			page 15


 792               	.L__stack_usage = 8
 793 0010 8C01      		movw r16,r24
 794 0012 6B01      		movw r12,r22
 795 0014 7A01      		movw r14,r20
 796 0016 22E1      		ldi r18,lo8(18)
 797 0018 30E0      		ldi r19,0
 798 001a 40E0      		ldi r20,0
 799 001c 50E0      		ldi r21,0
 800 001e 60E0      		ldi r22,0
 801 0020 70E0      		ldi r23,0
 802 0022 0E94 0000 		call luaM_realloc_
 803 0026 EC01      		movw r28,r24
 804 0028 47E0      		ldi r20,lo8(7)
 805 002a BC01      		movw r22,r24
 806 002c C801      		movw r24,r16
 807 002e 0E94 0000 		call luaC_link
 808 0032 1F82      		std Y+7,__zero_reg__
 809 0034 1E82      		std Y+6,__zero_reg__
 810 0036 8FEF      		ldi r24,lo8(-1)
 811 0038 8C83      		std Y+4,r24
 812 003a 1986      		std Y+9,__zero_reg__
 813 003c 1886      		std Y+8,__zero_reg__
 814 003e 198A      		std Y+17,__zero_reg__
 815 0040 188A      		std Y+16,__zero_reg__
 816 0042 1D82      		std Y+5,__zero_reg__
 817 0044 80E0      		ldi r24,lo8(dummynode_)
 818 0046 90E0      		ldi r25,hi8(dummynode_)
 819 0048 9B87      		std Y+11,r25
 820 004a 8A87      		std Y+10,r24
 821 004c A601      		movw r20,r12
 822 004e BE01      		movw r22,r28
 823 0050 C801      		movw r24,r16
 824 0052 0E94 0000 		call setarrayvector
 825 0056 A701      		movw r20,r14
 826 0058 BE01      		movw r22,r28
 827 005a C801      		movw r24,r16
 828 005c 0E94 0000 		call setnodevector
 829 0060 CE01      		movw r24,r28
 830               	/* epilogue start */
 831 0062 DF91      		pop r29
 832 0064 CF91      		pop r28
 833 0066 1F91      		pop r17
 834 0068 0F91      		pop r16
 835 006a FF90      		pop r15
 836 006c EF90      		pop r14
 837 006e DF90      		pop r13
 838 0070 CF90      		pop r12
 839 0072 0895      		ret
 840               		.size	luaH_new, .-luaH_new
 841               		.section	.text.luaH_free,"ax",@progbits
 842               	.global	luaH_free
 843               		.hidden	luaH_free
 844               		.type	luaH_free, @function
 845               	luaH_free:
 846 0000 0F93      		push r16
 847 0002 1F93      		push r17
 848 0004 CF93      		push r28
GAS LISTING /tmp/ccyzAfev.s 			page 16


 849 0006 DF93      		push r29
 850               	/* prologue: function */
 851               	/* frame size = 0 */
 852               	/* stack size = 4 */
 853               	.L__stack_usage = 4
 854 0008 8C01      		movw r16,r24
 855 000a EB01      		movw r28,r22
 856 000c 6A85      		ldd r22,Y+10
 857 000e 7B85      		ldd r23,Y+11
 858 0010 80E0      		ldi r24,hi8(dummynode_)
 859 0012 6030      		cpi r22,lo8(dummynode_)
 860 0014 7807      		cpc r23,r24
 861 0016 01F0      		breq .L55
 862 0018 4EE0      		ldi r20,lo8(14)
 863 001a 50E0      		ldi r21,0
 864 001c 0D80      		ldd r0,Y+5
 865 001e 00C0      		rjmp 2f
 866               		1:
 867 0020 440F      		lsl r20
 868 0022 551F      		rol r21
 869               		2:
 870 0024 0A94      		dec r0
 871 0026 02F4      		brpl 1b
 872 0028 20E0      		ldi r18,0
 873 002a 30E0      		ldi r19,0
 874 002c C801      		movw r24,r16
 875 002e 0E94 0000 		call luaM_realloc_
 876               	.L55:
 877 0032 8889      		ldd r24,Y+16
 878 0034 9989      		ldd r25,Y+17
 879 0036 26E0      		ldi r18,lo8(6)
 880 0038 289F      		mul r18,r24
 881 003a A001      		movw r20,r0
 882 003c 299F      		mul r18,r25
 883 003e 500D      		add r21,r0
 884 0040 1124      		clr __zero_reg__
 885 0042 6885      		ldd r22,Y+8
 886 0044 7985      		ldd r23,Y+9
 887 0046 20E0      		ldi r18,0
 888 0048 30E0      		ldi r19,0
 889 004a C801      		movw r24,r16
 890 004c 0E94 0000 		call luaM_realloc_
 891 0050 20E0      		ldi r18,0
 892 0052 30E0      		ldi r19,0
 893 0054 42E1      		ldi r20,lo8(18)
 894 0056 50E0      		ldi r21,0
 895 0058 BE01      		movw r22,r28
 896 005a C801      		movw r24,r16
 897               	/* epilogue start */
 898 005c DF91      		pop r29
 899 005e CF91      		pop r28
 900 0060 1F91      		pop r17
 901 0062 0F91      		pop r16
 902 0064 0C94 0000 		jmp luaM_realloc_
 903               		.size	luaH_free, .-luaH_free
 904               		.section	.text.luaH_getnum,"ax",@progbits
 905               	.global	luaH_getnum
GAS LISTING /tmp/ccyzAfev.s 			page 17


 906               		.hidden	luaH_getnum
 907               		.type	luaH_getnum, @function
 908               	luaH_getnum:
 909 0000 CF92      		push r12
 910 0002 DF92      		push r13
 911 0004 EF92      		push r14
 912 0006 FF92      		push r15
 913               	/* prologue: function */
 914               	/* frame size = 0 */
 915               	/* stack size = 4 */
 916               	.L__stack_usage = 4
 917 0008 AB01      		movw r20,r22
 918 000a 4150      		subi r20,1
 919 000c 5109      		sbc r21,__zero_reg__
 920 000e DC01      		movw r26,r24
 921 0010 5096      		adiw r26,16
 922 0012 2D91      		ld r18,X+
 923 0014 3C91      		ld r19,X
 924 0016 5197      		sbiw r26,16+1
 925 0018 4217      		cp r20,r18
 926 001a 5307      		cpc r21,r19
 927 001c 00F4      		brsh .L60
 928 001e 26E0      		ldi r18,lo8(6)
 929 0020 269F      		mul r18,r22
 930 0022 F001      		movw r30,r0
 931 0024 279F      		mul r18,r23
 932 0026 F00D      		add r31,r0
 933 0028 1124      		clr __zero_reg__
 934 002a 3697      		sbiw r30,6
 935 002c 1896      		adiw r26,8
 936 002e 8D91      		ld r24,X+
 937 0030 9C91      		ld r25,X
 938 0032 1997      		sbiw r26,8+1
 939 0034 8E0F      		add r24,r30
 940 0036 9F1F      		adc r25,r31
 941 0038 00C0      		rjmp .L61
 942               	.L60:
 943 003a 6B01      		movw r12,r22
 944 003c 770F      		lsl r23
 945 003e EE08      		sbc r14,r14
 946 0040 FF08      		sbc r15,r15
 947 0042 C114      		cp r12,__zero_reg__
 948 0044 D104      		cpc r13,__zero_reg__
 949 0046 E104      		cpc r14,__zero_reg__
 950 0048 F104      		cpc r15,__zero_reg__
 951 004a 01F4      		brne .L62
 952 004c DC01      		movw r26,r24
 953 004e 1A96      		adiw r26,10
 954 0050 ED91      		ld r30,X+
 955 0052 FC91      		ld r31,X
 956 0054 1B97      		sbiw r26,10+1
 957 0056 00C0      		rjmp .L65
 958               	.L62:
 959 0058 B701      		movw r22,r14
 960 005a A601      		movw r20,r12
 961 005c 0E94 0000 		call hashnum.part.0
 962 0060 FC01      		movw r30,r24
GAS LISTING /tmp/ccyzAfev.s 			page 18


 963               	.L65:
 964 0062 8285      		ldd r24,Z+10
 965 0064 9385      		ldd r25,Z+11
 966 0066 0597      		sbiw r24,5
 967 0068 01F4      		brne .L64
 968 006a 8681      		ldd r24,Z+6
 969 006c 9781      		ldd r25,Z+7
 970 006e A085      		ldd r26,Z+8
 971 0070 B185      		ldd r27,Z+9
 972 0072 C816      		cp r12,r24
 973 0074 D906      		cpc r13,r25
 974 0076 EA06      		cpc r14,r26
 975 0078 FB06      		cpc r15,r27
 976 007a 01F4      		brne .L64
 977 007c CF01      		movw r24,r30
 978 007e 00C0      		rjmp .L61
 979               	.L64:
 980 0080 0484      		ldd __tmp_reg__,Z+12
 981 0082 F585      		ldd r31,Z+13
 982 0084 E02D      		mov r30,__tmp_reg__
 983 0086 3097      		sbiw r30,0
 984 0088 01F4      		brne .L65
 985 008a 80E0      		ldi r24,lo8(luaO_nilobject_)
 986 008c 90E0      		ldi r25,hi8(luaO_nilobject_)
 987               	.L61:
 988               	/* epilogue start */
 989 008e FF90      		pop r15
 990 0090 EF90      		pop r14
 991 0092 DF90      		pop r13
 992 0094 CF90      		pop r12
 993 0096 0895      		ret
 994               		.size	luaH_getnum, .-luaH_getnum
 995               		.section	.text.luaH_getstr,"ax",@progbits
 996               	.global	luaH_getstr
 997               		.hidden	luaH_getstr
 998               		.type	luaH_getstr, @function
 999               	luaH_getstr:
 1000               	/* prologue: function */
 1001               	/* frame size = 0 */
 1002               	/* stack size = 0 */
 1003               	.L__stack_usage = 0
 1004 0000 21E0      		ldi r18,lo8(1)
 1005 0002 30E0      		ldi r19,0
 1006 0004 DC01      		movw r26,r24
 1007 0006 1596      		adiw r26,5
 1008 0008 0C90      		ld r0,X
 1009 000a 1597      		sbiw r26,5
 1010 000c 00C0      		rjmp 2f
 1011               		1:
 1012 000e 220F      		lsl r18
 1013 0010 331F      		rol r19
 1014               		2:
 1015 0012 0A94      		dec r0
 1016 0014 02F4      		brpl 1b
 1017 0016 2150      		subi r18,1
 1018 0018 3109      		sbc r19,__zero_reg__
 1019 001a FB01      		movw r30,r22
GAS LISTING /tmp/ccyzAfev.s 			page 19


 1020 001c 4581      		ldd r20,Z+5
 1021 001e 5681      		ldd r21,Z+6
 1022 0020 4223      		and r20,r18
 1023 0022 5323      		and r21,r19
 1024 0024 EEE0      		ldi r30,lo8(14)
 1025 0026 E49F      		mul r30,r20
 1026 0028 9001      		movw r18,r0
 1027 002a E59F      		mul r30,r21
 1028 002c 300D      		add r19,r0
 1029 002e 1124      		clr __zero_reg__
 1030 0030 1A96      		adiw r26,10
 1031 0032 ED91      		ld r30,X+
 1032 0034 FC91      		ld r31,X
 1033 0036 1B97      		sbiw r26,10+1
 1034 0038 E20F      		add r30,r18
 1035 003a F31F      		adc r31,r19
 1036               	.L70:
 1037 003c 8285      		ldd r24,Z+10
 1038 003e 9385      		ldd r25,Z+11
 1039 0040 0697      		sbiw r24,6
 1040 0042 01F4      		brne .L68
 1041 0044 8681      		ldd r24,Z+6
 1042 0046 9781      		ldd r25,Z+7
 1043 0048 6817      		cp r22,r24
 1044 004a 7907      		cpc r23,r25
 1045 004c 01F4      		brne .L68
 1046 004e CF01      		movw r24,r30
 1047 0050 0895      		ret
 1048               	.L68:
 1049 0052 0484      		ldd __tmp_reg__,Z+12
 1050 0054 F585      		ldd r31,Z+13
 1051 0056 E02D      		mov r30,__tmp_reg__
 1052 0058 3097      		sbiw r30,0
 1053 005a 01F4      		brne .L70
 1054 005c 80E0      		ldi r24,lo8(luaO_nilobject_)
 1055 005e 90E0      		ldi r25,hi8(luaO_nilobject_)
 1056 0060 0895      		ret
 1057               		.size	luaH_getstr, .-luaH_getstr
 1058               		.section	.text.luaH_get,"ax",@progbits
 1059               	.global	luaH_get
 1060               		.hidden	luaH_get
 1061               		.type	luaH_get, @function
 1062               	luaH_get:
 1063 0000 CF92      		push r12
 1064 0002 DF92      		push r13
 1065 0004 EF92      		push r14
 1066 0006 FF92      		push r15
 1067 0008 0F93      		push r16
 1068 000a 1F93      		push r17
 1069 000c CF93      		push r28
 1070 000e DF93      		push r29
 1071               	/* prologue: function */
 1072               	/* frame size = 0 */
 1073               	/* stack size = 8 */
 1074               	.L__stack_usage = 8
 1075 0010 8B01      		movw r16,r22
 1076 0012 FB01      		movw r30,r22
GAS LISTING /tmp/ccyzAfev.s 			page 20


 1077 0014 2481      		ldd r18,Z+4
 1078 0016 3581      		ldd r19,Z+5
 1079 0018 2530      		cpi r18,5
 1080 001a 3105      		cpc r19,__zero_reg__
 1081 001c 01F0      		breq .L74
 1082 001e 2630      		cpi r18,6
 1083 0020 3105      		cpc r19,__zero_reg__
 1084 0022 01F0      		breq .L75
 1085 0024 232B      		or r18,r19
 1086 0026 01F4      		brne .L73
 1087 0028 00C0      		rjmp .L79
 1088               	.L75:
 1089 002a FB01      		movw r30,r22
 1090 002c 6081      		ld r22,Z
 1091 002e 7181      		ldd r23,Z+1
 1092               	/* epilogue start */
 1093 0030 DF91      		pop r29
 1094 0032 CF91      		pop r28
 1095 0034 1F91      		pop r17
 1096 0036 0F91      		pop r16
 1097 0038 FF90      		pop r15
 1098 003a EF90      		pop r14
 1099 003c DF90      		pop r13
 1100 003e CF90      		pop r12
 1101 0040 0C94 0000 		jmp luaH_getstr
 1102               	.L74:
 1103 0044 FB01      		movw r30,r22
 1104 0046 4081      		ld r20,Z
 1105 0048 5181      		ldd r21,Z+1
 1106 004a 6281      		ldd r22,Z+2
 1107 004c 7381      		ldd r23,Z+3
 1108 004e 6A01      		movw r12,r20
 1109 0050 052E      		mov __tmp_reg__,r21
 1110 0052 000C      		lsl r0
 1111 0054 EE08      		sbc r14,r14
 1112 0056 FF08      		sbc r15,r15
 1113 0058 4C15      		cp r20,r12
 1114 005a 5D05      		cpc r21,r13
 1115 005c 6E05      		cpc r22,r14
 1116 005e 7F05      		cpc r23,r15
 1117 0060 01F4      		brne .L73
 1118 0062 BA01      		movw r22,r20
 1119               	/* epilogue start */
 1120 0064 DF91      		pop r29
 1121 0066 CF91      		pop r28
 1122 0068 1F91      		pop r17
 1123 006a 0F91      		pop r16
 1124 006c FF90      		pop r15
 1125 006e EF90      		pop r14
 1126 0070 DF90      		pop r13
 1127 0072 CF90      		pop r12
 1128 0074 0C94 0000 		jmp luaH_getnum
 1129               	.L73:
 1130 0078 B801      		movw r22,r16
 1131 007a 0E94 0000 		call mainposition
 1132 007e EC01      		movw r28,r24
 1133               	.L78:
GAS LISTING /tmp/ccyzAfev.s 			page 21


 1134 0080 B801      		movw r22,r16
 1135 0082 CE01      		movw r24,r28
 1136 0084 0696      		adiw r24,6
 1137 0086 0E94 0000 		call luaO_rawequalObj
 1138 008a 892B      		or r24,r25
 1139 008c 01F0      		breq .L77
 1140 008e CE01      		movw r24,r28
 1141 0090 00C0      		rjmp .L76
 1142               	.L77:
 1143 0092 0C84      		ldd __tmp_reg__,Y+12
 1144 0094 DD85      		ldd r29,Y+13
 1145 0096 C02D      		mov r28,__tmp_reg__
 1146 0098 2097      		sbiw r28,0
 1147 009a 01F4      		brne .L78
 1148               	.L79:
 1149 009c 80E0      		ldi r24,lo8(luaO_nilobject_)
 1150 009e 90E0      		ldi r25,hi8(luaO_nilobject_)
 1151               	.L76:
 1152               	/* epilogue start */
 1153 00a0 DF91      		pop r29
 1154 00a2 CF91      		pop r28
 1155 00a4 1F91      		pop r17
 1156 00a6 0F91      		pop r16
 1157 00a8 FF90      		pop r15
 1158 00aa EF90      		pop r14
 1159 00ac DF90      		pop r13
 1160 00ae CF90      		pop r12
 1161 00b0 0895      		ret
 1162               		.size	luaH_get, .-luaH_get
 1163               		.section	.text.luaH_setnum,"ax",@progbits
 1164               	.global	luaH_setnum
 1165               		.hidden	luaH_setnum
 1166               		.type	luaH_setnum, @function
 1167               	luaH_setnum:
 1168 0000 CF92      		push r12
 1169 0002 DF92      		push r13
 1170 0004 EF92      		push r14
 1171 0006 FF92      		push r15
 1172 0008 0F93      		push r16
 1173 000a 1F93      		push r17
 1174 000c CF93      		push r28
 1175 000e DF93      		push r29
 1176 0010 00D0      		rcall .
 1177 0012 00D0      		rcall .
 1178 0014 CDB7      		in r28,__SP_L__
 1179 0016 DEB7      		in r29,__SP_H__
 1180               	/* prologue: function */
 1181               	/* frame size = 6 */
 1182               	/* stack size = 14 */
 1183               	.L__stack_usage = 14
 1184 0018 7C01      		movw r14,r24
 1185 001a 8B01      		movw r16,r22
 1186 001c 6A01      		movw r12,r20
 1187 001e BA01      		movw r22,r20
 1188 0020 C801      		movw r24,r16
 1189 0022 0E94 0000 		call luaH_getnum
 1190 0026 9C01      		movw r18,r24
GAS LISTING /tmp/ccyzAfev.s 			page 22


 1191 0028 80E0      		ldi r24,hi8(luaO_nilobject_)
 1192 002a 2030      		cpi r18,lo8(luaO_nilobject_)
 1193 002c 3807      		cpc r19,r24
 1194 002e 01F4      		brne .L83
 1195 0030 A601      		movw r20,r12
 1196 0032 DD0C      		lsl r13
 1197 0034 660B      		sbc r22,r22
 1198 0036 770B      		sbc r23,r23
 1199 0038 4983      		std Y+1,r20
 1200 003a 5A83      		std Y+2,r21
 1201 003c 6B83      		std Y+3,r22
 1202 003e 7C83      		std Y+4,r23
 1203 0040 85E0      		ldi r24,lo8(5)
 1204 0042 90E0      		ldi r25,0
 1205 0044 9E83      		std Y+6,r25
 1206 0046 8D83      		std Y+5,r24
 1207 0048 AE01      		movw r20,r28
 1208 004a 4F5F      		subi r20,-1
 1209 004c 5F4F      		sbci r21,-1
 1210 004e B801      		movw r22,r16
 1211 0050 C701      		movw r24,r14
 1212 0052 0E94 0000 		call newkey
 1213 0056 00C0      		rjmp .L82
 1214               	.L83:
 1215 0058 C901      		movw r24,r18
 1216               	.L82:
 1217               	/* epilogue start */
 1218 005a 2696      		adiw r28,6
 1219 005c 0FB6      		in __tmp_reg__,__SREG__
 1220 005e F894      		cli
 1221 0060 DEBF      		out __SP_H__,r29
 1222 0062 0FBE      		out __SREG__,__tmp_reg__
 1223 0064 CDBF      		out __SP_L__,r28
 1224 0066 DF91      		pop r29
 1225 0068 CF91      		pop r28
 1226 006a 1F91      		pop r17
 1227 006c 0F91      		pop r16
 1228 006e FF90      		pop r15
 1229 0070 EF90      		pop r14
 1230 0072 DF90      		pop r13
 1231 0074 CF90      		pop r12
 1232 0076 0895      		ret
 1233               		.size	luaH_setnum, .-luaH_setnum
 1234               		.section	.text.resize,"ax",@progbits
 1235               		.type	resize, @function
 1236               	resize:
 1237 0000 2F92      		push r2
 1238 0002 3F92      		push r3
 1239 0004 4F92      		push r4
 1240 0006 5F92      		push r5
 1241 0008 6F92      		push r6
 1242 000a 7F92      		push r7
 1243 000c 8F92      		push r8
 1244 000e 9F92      		push r9
 1245 0010 AF92      		push r10
 1246 0012 BF92      		push r11
 1247 0014 CF92      		push r12
GAS LISTING /tmp/ccyzAfev.s 			page 23


 1248 0016 DF92      		push r13
 1249 0018 EF92      		push r14
 1250 001a FF92      		push r15
 1251 001c 0F93      		push r16
 1252 001e 1F93      		push r17
 1253 0020 CF93      		push r28
 1254 0022 DF93      		push r29
 1255 0024 00D0      		rcall .
 1256 0026 CDB7      		in r28,__SP_L__
 1257 0028 DEB7      		in r29,__SP_H__
 1258               	/* prologue: function */
 1259               	/* frame size = 3 */
 1260               	/* stack size = 21 */
 1261               	.L__stack_usage = 21
 1262 002a 7C01      		movw r14,r24
 1263 002c 7B83      		std Y+3,r23
 1264 002e 6A83      		std Y+2,r22
 1265 0030 8A01      		movw r16,r20
 1266 0032 6901      		movw r12,r18
 1267 0034 FB01      		movw r30,r22
 1268 0036 A088      		ldd r10,Z+16
 1269 0038 B188      		ldd r11,Z+17
 1270 003a F581      		ldd r31,Z+5
 1271 003c F983      		std Y+1,r31
 1272 003e FB01      		movw r30,r22
 1273 0040 8284      		ldd r8,Z+10
 1274 0042 9384      		ldd r9,Z+11
 1275 0044 A416      		cp r10,r20
 1276 0046 B506      		cpc r11,r21
 1277 0048 04F4      		brge .L85
 1278 004a 0E94 0000 		call setarrayvector
 1279               	.L85:
 1280 004e A601      		movw r20,r12
 1281 0050 6A81      		ldd r22,Y+2
 1282 0052 7B81      		ldd r23,Y+3
 1283 0054 C701      		movw r24,r14
 1284 0056 0E94 0000 		call setnodevector
 1285 005a 0A15      		cp r16,r10
 1286 005c 1B05      		cpc r17,r11
 1287 005e 04F0      		brlt .+2
 1288 0060 00C0      		rjmp .L86
 1289 0062 EA81      		ldd r30,Y+2
 1290 0064 FB81      		ldd r31,Y+3
 1291 0066 118B      		std Z+17,r17
 1292 0068 008B      		std Z+16,r16
 1293 006a 86E0      		ldi r24,lo8(6)
 1294 006c 809F      		mul r24,r16
 1295 006e 1001      		movw r2,r0
 1296 0070 819F      		mul r24,r17
 1297 0072 300C      		add r3,r0
 1298 0074 1124      		clr __zero_reg__
 1299 0076 9801      		movw r18,r16
 1300 0078 612C      		mov r6,__zero_reg__
 1301 007a 712C      		mov r7,__zero_reg__
 1302               	.L88:
 1303 007c EA81      		ldd r30,Y+2
 1304 007e FB81      		ldd r31,Y+3
GAS LISTING /tmp/ccyzAfev.s 			page 24


 1305 0080 C084      		ldd r12,Z+8
 1306 0082 D184      		ldd r13,Z+9
 1307 0084 C301      		movw r24,r6
 1308 0086 820D      		add r24,r2
 1309 0088 931D      		adc r25,r3
 1310 008a C80E      		add r12,r24
 1311 008c D91E      		adc r13,r25
 1312 008e F601      		movw r30,r12
 1313 0090 8481      		ldd r24,Z+4
 1314 0092 9581      		ldd r25,Z+5
 1315 0094 A901      		movw r20,r18
 1316 0096 4F5F      		subi r20,-1
 1317 0098 5F4F      		sbci r21,-1
 1318 009a 2A01      		movw r4,r20
 1319 009c 892B      		or r24,r25
 1320 009e 01F0      		breq .L87
 1321 00a0 6A81      		ldd r22,Y+2
 1322 00a2 7B81      		ldd r23,Y+3
 1323 00a4 C701      		movw r24,r14
 1324 00a6 0E94 0000 		call luaH_setnum
 1325 00aa F601      		movw r30,r12
 1326 00ac 4081      		ld r20,Z
 1327 00ae 5181      		ldd r21,Z+1
 1328 00b0 6281      		ldd r22,Z+2
 1329 00b2 7381      		ldd r23,Z+3
 1330 00b4 FC01      		movw r30,r24
 1331 00b6 4083      		st Z,r20
 1332 00b8 5183      		std Z+1,r21
 1333 00ba 6283      		std Z+2,r22
 1334 00bc 7383      		std Z+3,r23
 1335 00be F601      		movw r30,r12
 1336 00c0 2481      		ldd r18,Z+4
 1337 00c2 3581      		ldd r19,Z+5
 1338 00c4 FC01      		movw r30,r24
 1339 00c6 3583      		std Z+5,r19
 1340 00c8 2483      		std Z+4,r18
 1341               	.L87:
 1342 00ca 9201      		movw r18,r4
 1343 00cc F6E0      		ldi r31,6
 1344 00ce 6F0E      		add r6,r31
 1345 00d0 711C      		adc r7,__zero_reg__
 1346 00d2 A414      		cp r10,r4
 1347 00d4 B504      		cpc r11,r5
 1348 00d6 01F4      		brne .L88
 1349 00d8 0F5F      		subi r16,-1
 1350 00da 1F4F      		sbci r17,-1
 1351 00dc 0B3A      		cpi r16,-85
 1352 00de 1A42      		sbci r17,42
 1353 00e0 00F4      		brsh .L89
 1354 00e2 86E0      		ldi r24,lo8(6)
 1355 00e4 8A9D      		mul r24,r10
 1356 00e6 A001      		movw r20,r0
 1357 00e8 8B9D      		mul r24,r11
 1358 00ea 500D      		add r21,r0
 1359 00ec 1124      		clr __zero_reg__
 1360 00ee EA81      		ldd r30,Y+2
 1361 00f0 FB81      		ldd r31,Y+3
GAS LISTING /tmp/ccyzAfev.s 			page 25


 1362 00f2 6085      		ldd r22,Z+8
 1363 00f4 7185      		ldd r23,Z+9
 1364 00f6 9101      		movw r18,r2
 1365 00f8 C701      		movw r24,r14
 1366 00fa 0E94 0000 		call luaM_realloc_
 1367 00fe 00C0      		rjmp .L90
 1368               	.L89:
 1369 0100 C701      		movw r24,r14
 1370 0102 0E94 0000 		call luaM_toobig
 1371               	.L90:
 1372 0106 EA81      		ldd r30,Y+2
 1373 0108 FB81      		ldd r31,Y+3
 1374 010a 9187      		std Z+9,r25
 1375 010c 8087      		std Z+8,r24
 1376               	.L86:
 1377 010e 81E0      		ldi r24,lo8(1)
 1378 0110 90E0      		ldi r25,0
 1379 0112 0980      		ldd r0,Y+1
 1380 0114 00C0      		rjmp 2f
 1381               		1:
 1382 0116 880F      		lsl r24
 1383 0118 991F      		rol r25
 1384               		2:
 1385 011a 0A94      		dec r0
 1386 011c 02F4      		brpl 1b
 1387 011e 6C01      		movw r12,r24
 1388 0120 F1E0      		ldi r31,1
 1389 0122 CF1A      		sub r12,r31
 1390 0124 D108      		sbc r13,__zero_reg__
 1391 0126 2EE0      		ldi r18,lo8(14)
 1392 0128 289F      		mul r18,r24
 1393 012a 8001      		movw r16,r0
 1394 012c 299F      		mul r18,r25
 1395 012e 100D      		add r17,r0
 1396 0130 1124      		clr __zero_reg__
 1397 0132 0A50      		subi r16,10
 1398 0134 1109      		sbc r17,__zero_reg__
 1399 0136 080D      		add r16,r8
 1400 0138 191D      		adc r17,r9
 1401               	.L91:
 1402 013a D7FC      		sbrc r13,7
 1403 013c 00C0      		rjmp .L102
 1404 013e F801      		movw r30,r16
 1405 0140 8081      		ld r24,Z
 1406 0142 9181      		ldd r25,Z+1
 1407 0144 892B      		or r24,r25
 1408 0146 01F0      		breq .L92
 1409 0148 A801      		movw r20,r16
 1410 014a 4E5F      		subi r20,-2
 1411 014c 5F4F      		sbci r21,-1
 1412 014e 6A81      		ldd r22,Y+2
 1413 0150 7B81      		ldd r23,Y+3
 1414 0152 C701      		movw r24,r14
 1415 0154 0E94 0000 		call luaH_set
 1416 0158 F801      		movw r30,r16
 1417 015a 3497      		sbiw r30,4
 1418 015c 4081      		ld r20,Z
GAS LISTING /tmp/ccyzAfev.s 			page 26


 1419 015e 5181      		ldd r21,Z+1
 1420 0160 6281      		ldd r22,Z+2
 1421 0162 7381      		ldd r23,Z+3
 1422 0164 FC01      		movw r30,r24
 1423 0166 4083      		st Z,r20
 1424 0168 5183      		std Z+1,r21
 1425 016a 6283      		std Z+2,r22
 1426 016c 7383      		std Z+3,r23
 1427 016e F801      		movw r30,r16
 1428 0170 2081      		ld r18,Z
 1429 0172 3181      		ldd r19,Z+1
 1430 0174 FC01      		movw r30,r24
 1431 0176 3583      		std Z+5,r19
 1432 0178 2483      		std Z+4,r18
 1433               	.L92:
 1434 017a F1E0      		ldi r31,1
 1435 017c CF1A      		sub r12,r31
 1436 017e D108      		sbc r13,__zero_reg__
 1437 0180 0E50      		subi r16,14
 1438 0182 1109      		sbc r17,__zero_reg__
 1439 0184 00C0      		rjmp .L91
 1440               	.L102:
 1441 0186 20E0      		ldi r18,lo8(dummynode_)
 1442 0188 8216      		cp r8,r18
 1443 018a 20E0      		ldi r18,hi8(dummynode_)
 1444 018c 9206      		cpc r9,r18
 1445 018e 01F0      		breq .L84
 1446 0190 4EE0      		ldi r20,lo8(14)
 1447 0192 50E0      		ldi r21,0
 1448 0194 0980      		ldd r0,Y+1
 1449 0196 00C0      		rjmp 2f
 1450               		1:
 1451 0198 440F      		lsl r20
 1452 019a 551F      		rol r21
 1453               		2:
 1454 019c 0A94      		dec r0
 1455 019e 02F4      		brpl 1b
 1456 01a0 20E0      		ldi r18,0
 1457 01a2 30E0      		ldi r19,0
 1458 01a4 B401      		movw r22,r8
 1459 01a6 C701      		movw r24,r14
 1460               	/* epilogue start */
 1461 01a8 0F90      		pop __tmp_reg__
 1462 01aa 0F90      		pop __tmp_reg__
 1463 01ac 0F90      		pop __tmp_reg__
 1464 01ae DF91      		pop r29
 1465 01b0 CF91      		pop r28
 1466 01b2 1F91      		pop r17
 1467 01b4 0F91      		pop r16
 1468 01b6 FF90      		pop r15
 1469 01b8 EF90      		pop r14
 1470 01ba DF90      		pop r13
 1471 01bc CF90      		pop r12
 1472 01be BF90      		pop r11
 1473 01c0 AF90      		pop r10
 1474 01c2 9F90      		pop r9
 1475 01c4 8F90      		pop r8
GAS LISTING /tmp/ccyzAfev.s 			page 27


 1476 01c6 7F90      		pop r7
 1477 01c8 6F90      		pop r6
 1478 01ca 5F90      		pop r5
 1479 01cc 4F90      		pop r4
 1480 01ce 3F90      		pop r3
 1481 01d0 2F90      		pop r2
 1482 01d2 0C94 0000 		jmp luaM_realloc_
 1483               	.L84:
 1484               	/* epilogue start */
 1485 01d6 0F90      		pop __tmp_reg__
 1486 01d8 0F90      		pop __tmp_reg__
 1487 01da 0F90      		pop __tmp_reg__
 1488 01dc DF91      		pop r29
 1489 01de CF91      		pop r28
 1490 01e0 1F91      		pop r17
 1491 01e2 0F91      		pop r16
 1492 01e4 FF90      		pop r15
 1493 01e6 EF90      		pop r14
 1494 01e8 DF90      		pop r13
 1495 01ea CF90      		pop r12
 1496 01ec BF90      		pop r11
 1497 01ee AF90      		pop r10
 1498 01f0 9F90      		pop r9
 1499 01f2 8F90      		pop r8
 1500 01f4 7F90      		pop r7
 1501 01f6 6F90      		pop r6
 1502 01f8 5F90      		pop r5
 1503 01fa 4F90      		pop r4
 1504 01fc 3F90      		pop r3
 1505 01fe 2F90      		pop r2
 1506 0200 0895      		ret
 1507               		.size	resize, .-resize
 1508               		.section	.text.luaH_resizearray,"ax",@progbits
 1509               	.global	luaH_resizearray
 1510               		.hidden	luaH_resizearray
 1511               		.type	luaH_resizearray, @function
 1512               	luaH_resizearray:
 1513               	/* prologue: function */
 1514               	/* frame size = 0 */
 1515               	/* stack size = 0 */
 1516               	.L__stack_usage = 0
 1517 0000 FB01      		movw r30,r22
 1518 0002 2285      		ldd r18,Z+10
 1519 0004 3385      		ldd r19,Z+11
 1520 0006 2050      		subi r18,lo8(dummynode_)
 1521 0008 3040      		sbci r19,hi8(dummynode_)
 1522 000a 01F0      		breq .L105
 1523 000c 21E0      		ldi r18,lo8(1)
 1524 000e 30E0      		ldi r19,0
 1525 0010 FB01      		movw r30,r22
 1526 0012 0580      		ldd r0,Z+5
 1527 0014 00C0      		rjmp 2f
 1528               		1:
 1529 0016 220F      		lsl r18
 1530 0018 331F      		rol r19
 1531               		2:
 1532 001a 0A94      		dec r0
GAS LISTING /tmp/ccyzAfev.s 			page 28


 1533 001c 02F4      		brpl 1b
 1534 001e 00C0      		rjmp .L104
 1535               	.L105:
 1536 0020 20E0      		ldi r18,0
 1537 0022 30E0      		ldi r19,0
 1538               	.L104:
 1539 0024 0C94 0000 		jmp resize
 1540               		.size	luaH_resizearray, .-luaH_resizearray
 1541               		.section	.text.newkey,"ax",@progbits
 1542               		.type	newkey, @function
 1543               	newkey:
 1544 0000 2F92      		push r2
 1545 0002 3F92      		push r3
 1546 0004 4F92      		push r4
 1547 0006 5F92      		push r5
 1548 0008 6F92      		push r6
 1549 000a 7F92      		push r7
 1550 000c 8F92      		push r8
 1551 000e 9F92      		push r9
 1552 0010 AF92      		push r10
 1553 0012 BF92      		push r11
 1554 0014 CF92      		push r12
 1555 0016 DF92      		push r13
 1556 0018 EF92      		push r14
 1557 001a FF92      		push r15
 1558 001c 0F93      		push r16
 1559 001e 1F93      		push r17
 1560 0020 CF93      		push r28
 1561 0022 DF93      		push r29
 1562 0024 CDB7      		in r28,__SP_L__
 1563 0026 DEB7      		in r29,__SP_H__
 1564 0028 A497      		sbiw r28,36
 1565 002a 0FB6      		in __tmp_reg__,__SREG__
 1566 002c F894      		cli
 1567 002e DEBF      		out __SP_H__,r29
 1568 0030 0FBE      		out __SREG__,__tmp_reg__
 1569 0032 CDBF      		out __SP_L__,r28
 1570               	/* prologue: function */
 1571               	/* frame size = 36 */
 1572               	/* stack size = 54 */
 1573               	.L__stack_usage = 54
 1574 0034 1C01      		movw r2,r24
 1575 0036 8B01      		movw r16,r22
 1576 0038 6A01      		movw r12,r20
 1577 003a BA01      		movw r22,r20
 1578 003c C801      		movw r24,r16
 1579 003e 0E94 0000 		call mainposition
 1580 0042 7C01      		movw r14,r24
 1581 0044 DC01      		movw r26,r24
 1582 0046 1496      		adiw r26,4
 1583 0048 8D91      		ld r24,X+
 1584 004a 9C91      		ld r25,X
 1585 004c 1597      		sbiw r26,4+1
 1586 004e 892B      		or r24,r25
 1587 0050 01F0      		breq .L107
 1588               	.L109:
 1589 0052 F801      		movw r30,r16
GAS LISTING /tmp/ccyzAfev.s 			page 29


 1590 0054 2285      		ldd r18,Z+10
 1591 0056 3385      		ldd r19,Z+11
 1592 0058 00C0      		rjmp .L108
 1593               	.L107:
 1594 005a F0E0      		ldi r31,lo8(dummynode_)
 1595 005c EF16      		cp r14,r31
 1596 005e F0E0      		ldi r31,hi8(dummynode_)
 1597 0060 FF06      		cpc r15,r31
 1598 0062 01F0      		breq .+2
 1599 0064 00C0      		rjmp .L110
 1600 0066 00C0      		rjmp .L109
 1601               	.L112:
 1602 0068 D501      		movw r26,r10
 1603 006a 1A96      		adiw r26,10
 1604 006c 8D91      		ld r24,X+
 1605 006e 9C91      		ld r25,X
 1606 0070 1B97      		sbiw r26,10+1
 1607 0072 892B      		or r24,r25
 1608 0074 01F0      		breq .L111
 1609               	.L108:
 1610 0076 F801      		movw r30,r16
 1611 0078 8485      		ldd r24,Z+12
 1612 007a 9585      		ldd r25,Z+13
 1613 007c 5C01      		movw r10,r24
 1614 007e FEE0      		ldi r31,14
 1615 0080 AF1A      		sub r10,r31
 1616 0082 B108      		sbc r11,__zero_reg__
 1617 0084 D801      		movw r26,r16
 1618 0086 1D96      		adiw r26,12+1
 1619 0088 BC92      		st X,r11
 1620 008a AE92      		st -X,r10
 1621 008c 1C97      		sbiw r26,12
 1622 008e 2817      		cp r18,r24
 1623 0090 3907      		cpc r19,r25
 1624 0092 00F0      		brlo .L112
 1625 0094 00C0      		rjmp .L114
 1626               	.L111:
 1627 0096 A114      		cp r10,__zero_reg__
 1628 0098 B104      		cpc r11,__zero_reg__
 1629 009a 01F0      		breq .+2
 1630 009c 00C0      		rjmp .L156
 1631               	.L114:
 1632 009e FE01      		movw r30,r28
 1633 00a0 3196      		adiw r30,1
 1634 00a2 F8A3      		std Y+32,r31
 1635 00a4 EF8F      		std Y+31,r30
 1636 00a6 2E01      		movw r4,r28
 1637 00a8 FFE1      		ldi r31,31
 1638 00aa 4F0E      		add r4,r31
 1639 00ac 511C      		adc r5,__zero_reg__
 1640 00ae EF8D      		ldd r30,Y+31
 1641 00b0 F8A1      		ldd r31,Y+32
 1642               	.L113:
 1643 00b2 1192      		st Z+,__zero_reg__
 1644 00b4 1192      		st Z+,__zero_reg__
 1645 00b6 E415      		cp r30,r4
 1646 00b8 F505      		cpc r31,r5
GAS LISTING /tmp/ccyzAfev.s 			page 30


 1647 00ba 01F4      		brne .L113
 1648 00bc D801      		movw r26,r16
 1649 00be 5096      		adiw r26,16
 1650 00c0 AD90      		ld r10,X+
 1651 00c2 BC90      		ld r11,X
 1652 00c4 5197      		sbiw r26,16+1
 1653 00c6 AF8D      		ldd r26,Y+31
 1654 00c8 B8A1      		ldd r27,Y+32
 1655 00ca 40E0      		ldi r20,0
 1656 00cc 50E0      		ldi r21,0
 1657 00ce 81E0      		ldi r24,lo8(1)
 1658 00d0 90E0      		ldi r25,0
 1659 00d2 21E0      		ldi r18,lo8(1)
 1660 00d4 30E0      		ldi r19,0
 1661               	.L121:
 1662 00d6 A216      		cp r10,r18
 1663 00d8 B306      		cpc r11,r19
 1664 00da 04F4      		brge .L133
 1665 00dc A816      		cp r10,r24
 1666 00de B906      		cpc r11,r25
 1667 00e0 04F0      		brlt .L117
 1668 00e2 3501      		movw r6,r10
 1669 00e4 00C0      		rjmp .L116
 1670               	.L133:
 1671 00e6 3901      		movw r6,r18
 1672               	.L116:
 1673 00e8 E6E0      		ldi r30,lo8(6)
 1674 00ea E89F      		mul r30,r24
 1675 00ec 4001      		movw r8,r0
 1676 00ee E99F      		mul r30,r25
 1677 00f0 900C      		add r9,r0
 1678 00f2 1124      		clr __zero_reg__
 1679 00f4 E12C      		mov r14,__zero_reg__
 1680 00f6 F12C      		mov r15,__zero_reg__
 1681 00f8 60E0      		ldi r22,0
 1682 00fa 70E0      		ldi r23,0
 1683               	.L118:
 1684 00fc 6816      		cp r6,r24
 1685 00fe 7906      		cpc r7,r25
 1686 0100 04F0      		brlt .L157
 1687 0102 F801      		movw r30,r16
 1688 0104 0084      		ldd __tmp_reg__,Z+8
 1689 0106 F185      		ldd r31,Z+9
 1690 0108 E02D      		mov r30,__tmp_reg__
 1691 010a FCA3      		std Y+36,r31
 1692 010c EBA3      		std Y+35,r30
 1693 010e EE0D      		add r30,r14
 1694 0110 FF1D      		adc r31,r15
 1695 0112 E80D      		add r30,r8
 1696 0114 F91D      		adc r31,r9
 1697 0116 3697      		sbiw r30,6
 1698 0118 0480      		ldd __tmp_reg__,Z+4
 1699 011a F581      		ldd r31,Z+5
 1700 011c E02D      		mov r30,__tmp_reg__
 1701 011e EF2B      		or r30,r31
 1702 0120 01F0      		breq .L119
 1703 0122 6F5F      		subi r22,-1
GAS LISTING /tmp/ccyzAfev.s 			page 31


 1704 0124 7F4F      		sbci r23,-1
 1705               	.L119:
 1706 0126 0196      		adiw r24,1
 1707 0128 F6E0      		ldi r31,6
 1708 012a EF0E      		add r14,r31
 1709 012c F11C      		adc r15,__zero_reg__
 1710 012e 00C0      		rjmp .L118
 1711               	.L157:
 1712 0130 ED91      		ld r30,X+
 1713 0132 FC91      		ld r31,X
 1714 0134 1197      		sbiw r26,1
 1715 0136 E60F      		add r30,r22
 1716 0138 F71F      		adc r31,r23
 1717 013a ED93      		st X+,r30
 1718 013c FD93      		st X+,r31
 1719 013e 460F      		add r20,r22
 1720 0140 571F      		adc r21,r23
 1721 0142 220F      		lsl r18
 1722 0144 331F      		rol r19
 1723 0146 A415      		cp r26,r4
 1724 0148 B505      		cpc r27,r5
 1725 014a 01F4      		brne .L121
 1726               	.L117:
 1727 014c 81E0      		ldi r24,lo8(1)
 1728 014e 90E0      		ldi r25,0
 1729 0150 5C01      		movw r10,r24
 1730 0152 D801      		movw r26,r16
 1731 0154 1596      		adiw r26,5
 1732 0156 0C90      		ld r0,X
 1733 0158 00C0      		rjmp 2f
 1734               		1:
 1735 015a AA0C      		lsl r10
 1736 015c BB1C      		rol r11
 1737               		2:
 1738 015e 0A94      		dec r0
 1739 0160 02F4      		brpl 1b
 1740 0162 8EE0      		ldi r24,lo8(14)
 1741 0164 8A9D      		mul r24,r10
 1742 0166 3001      		movw r6,r0
 1743 0168 8B9D      		mul r24,r11
 1744 016a 700C      		add r7,r0
 1745 016c 1124      		clr __zero_reg__
 1746 016e 412C      		mov r4,__zero_reg__
 1747 0170 512C      		mov r5,__zero_reg__
 1748 0172 E12C      		mov r14,__zero_reg__
 1749 0174 F12C      		mov r15,__zero_reg__
 1750 0176 812C      		mov r8,__zero_reg__
 1751 0178 912C      		mov r9,__zero_reg__
 1752 017a BEE0      		ldi r27,14
 1753 017c 6B1A      		sub r6,r27
 1754 017e 7108      		sbc r7,__zero_reg__
 1755               	.L122:
 1756 0180 A114      		cp r10,__zero_reg__
 1757 0182 B104      		cpc r11,__zero_reg__
 1758 0184 01F0      		breq .L158
 1759 0186 F801      		movw r30,r16
 1760 0188 2285      		ldd r18,Z+10
GAS LISTING /tmp/ccyzAfev.s 			page 32


 1761 018a 3385      		ldd r19,Z+11
 1762 018c C301      		movw r24,r6
 1763 018e 840D      		add r24,r4
 1764 0190 951D      		adc r25,r5
 1765 0192 820F      		add r24,r18
 1766 0194 931F      		adc r25,r19
 1767 0196 DC01      		movw r26,r24
 1768 0198 1496      		adiw r26,4
 1769 019a 2D91      		ld r18,X+
 1770 019c 3C91      		ld r19,X
 1771 019e 1597      		sbiw r26,4+1
 1772 01a0 232B      		or r18,r19
 1773 01a2 01F0      		breq .L123
 1774 01a4 6F8D      		ldd r22,Y+31
 1775 01a6 78A1      		ldd r23,Y+32
 1776 01a8 0696      		adiw r24,6
 1777 01aa 49A3      		std Y+33,r20
 1778 01ac 5AA3      		std Y+34,r21
 1779 01ae 0E94 0000 		call countint
 1780 01b2 E80E      		add r14,r24
 1781 01b4 F91E      		adc r15,r25
 1782 01b6 BFEF      		ldi r27,-1
 1783 01b8 8B1A      		sub r8,r27
 1784 01ba 9B0A      		sbc r9,r27
 1785 01bc 5AA1      		ldd r21,Y+34
 1786 01be 49A1      		ldd r20,Y+33
 1787               	.L123:
 1788 01c0 E1E0      		ldi r30,1
 1789 01c2 AE1A      		sub r10,r30
 1790 01c4 B108      		sbc r11,__zero_reg__
 1791 01c6 FEE0      		ldi r31,14
 1792 01c8 4F1A      		sub r4,r31
 1793 01ca 5108      		sbc r5,__zero_reg__
 1794 01cc 00C0      		rjmp .L122
 1795               	.L158:
 1796 01ce E40E      		add r14,r20
 1797 01d0 F51E      		adc r15,r21
 1798 01d2 840E      		add r8,r20
 1799 01d4 951E      		adc r9,r21
 1800 01d6 6F8D      		ldd r22,Y+31
 1801 01d8 78A1      		ldd r23,Y+32
 1802 01da C601      		movw r24,r12
 1803 01dc 0E94 0000 		call countint
 1804 01e0 8E0D      		add r24,r14
 1805 01e2 9F1D      		adc r25,r15
 1806 01e4 9401      		movw r18,r8
 1807 01e6 2F5F      		subi r18,-1
 1808 01e8 3F4F      		sbci r19,-1
 1809 01ea 812C      		mov r8,__zero_reg__
 1810 01ec 912C      		mov r9,__zero_reg__
 1811 01ee 40E0      		ldi r20,0
 1812 01f0 50E0      		ldi r21,0
 1813 01f2 E0E0      		ldi r30,0
 1814 01f4 F0E0      		ldi r31,0
 1815 01f6 61E0      		ldi r22,lo8(1)
 1816 01f8 70E0      		ldi r23,0
 1817               	.L125:
GAS LISTING /tmp/ccyzAfev.s 			page 33


 1818 01fa 7B01      		movw r14,r22
 1819 01fc F594      		asr r15
 1820 01fe E794      		ror r14
 1821 0200 E816      		cp r14,r24
 1822 0202 F906      		cpc r15,r25
 1823 0204 04F4      		brge .L127
 1824 0206 AF8D      		ldd r26,Y+31
 1825 0208 B8A1      		ldd r27,Y+32
 1826 020a AD90      		ld r10,X+
 1827 020c BD90      		ld r11,X+
 1828 020e B8A3      		std Y+32,r27
 1829 0210 AF8F      		std Y+31,r26
 1830 0212 1A14      		cp __zero_reg__,r10
 1831 0214 1B04      		cpc __zero_reg__,r11
 1832 0216 04F4      		brge .L126
 1833 0218 EA0D      		add r30,r10
 1834 021a FB1D      		adc r31,r11
 1835 021c EE16      		cp r14,r30
 1836 021e FF06      		cpc r15,r31
 1837 0220 04F4      		brge .L126
 1838 0222 4B01      		movw r8,r22
 1839 0224 AF01      		movw r20,r30
 1840               	.L126:
 1841 0226 8E17      		cp r24,r30
 1842 0228 9F07      		cpc r25,r31
 1843 022a 01F0      		breq .L127
 1844 022c 660F      		lsl r22
 1845 022e 771F      		rol r23
 1846 0230 00C0      		rjmp .L125
 1847               	.L127:
 1848 0232 241B      		sub r18,r20
 1849 0234 350B      		sbc r19,r21
 1850 0236 A401      		movw r20,r8
 1851 0238 B801      		movw r22,r16
 1852 023a C101      		movw r24,r2
 1853 023c 0E94 0000 		call resize
 1854 0240 A601      		movw r20,r12
 1855 0242 B801      		movw r22,r16
 1856 0244 C101      		movw r24,r2
 1857 0246 0E94 0000 		call luaH_set
 1858 024a 00C0      		rjmp .L129
 1859               	.L156:
 1860 024c B701      		movw r22,r14
 1861 024e 6A5F      		subi r22,-6
 1862 0250 7F4F      		sbci r23,-1
 1863 0252 C801      		movw r24,r16
 1864 0254 0E94 0000 		call mainposition
 1865 0258 E816      		cp r14,r24
 1866 025a F906      		cpc r15,r25
 1867 025c 01F0      		breq .L159
 1868               	.L131:
 1869 025e FC01      		movw r30,r24
 1870 0260 2485      		ldd r18,Z+12
 1871 0262 3585      		ldd r19,Z+13
 1872 0264 E216      		cp r14,r18
 1873 0266 F306      		cpc r15,r19
 1874 0268 01F0      		breq .L160
GAS LISTING /tmp/ccyzAfev.s 			page 34


 1875 026a C901      		movw r24,r18
 1876 026c 00C0      		rjmp .L131
 1877               	.L160:
 1878 026e B586      		std Z+13,r11
 1879 0270 A486      		std Z+12,r10
 1880 0272 8EE0      		ldi r24,lo8(14)
 1881 0274 F701      		movw r30,r14
 1882 0276 D501      		movw r26,r10
 1883               		0:
 1884 0278 0190      		ld r0,Z+
 1885 027a 0D92      		st X+,r0
 1886 027c 8A95      		dec r24
 1887 027e 01F4      		brne 0b
 1888 0280 D701      		movw r26,r14
 1889 0282 1D96      		adiw r26,12+1
 1890 0284 1C92      		st X,__zero_reg__
 1891 0286 1E92      		st -X,__zero_reg__
 1892 0288 1C97      		sbiw r26,12
 1893 028a 1596      		adiw r26,4+1
 1894 028c 1C92      		st X,__zero_reg__
 1895 028e 1E92      		st -X,__zero_reg__
 1896 0290 1497      		sbiw r26,4
 1897 0292 00C0      		rjmp .L110
 1898               	.L159:
 1899 0294 F701      		movw r30,r14
 1900 0296 8485      		ldd r24,Z+12
 1901 0298 9585      		ldd r25,Z+13
 1902 029a D501      		movw r26,r10
 1903 029c 1D96      		adiw r26,12+1
 1904 029e 9C93      		st X,r25
 1905 02a0 8E93      		st -X,r24
 1906 02a2 1C97      		sbiw r26,12
 1907 02a4 B586      		std Z+13,r11
 1908 02a6 A486      		std Z+12,r10
 1909 02a8 7501      		movw r14,r10
 1910               	.L110:
 1911 02aa F601      		movw r30,r12
 1912 02ac 8081      		ld r24,Z
 1913 02ae 9181      		ldd r25,Z+1
 1914 02b0 A281      		ldd r26,Z+2
 1915 02b2 B381      		ldd r27,Z+3
 1916 02b4 F701      		movw r30,r14
 1917 02b6 8683      		std Z+6,r24
 1918 02b8 9783      		std Z+7,r25
 1919 02ba A087      		std Z+8,r26
 1920 02bc B187      		std Z+9,r27
 1921 02be D601      		movw r26,r12
 1922 02c0 1496      		adiw r26,4
 1923 02c2 8D91      		ld r24,X+
 1924 02c4 9C91      		ld r25,X
 1925 02c6 1597      		sbiw r26,4+1
 1926 02c8 9387      		std Z+11,r25
 1927 02ca 8287      		std Z+10,r24
 1928 02cc 1496      		adiw r26,4
 1929 02ce 8D91      		ld r24,X+
 1930 02d0 9C91      		ld r25,X
 1931 02d2 1597      		sbiw r26,4+1
GAS LISTING /tmp/ccyzAfev.s 			page 35


 1932 02d4 0697      		sbiw r24,6
 1933 02d6 04F0      		brlt .L132
 1934 02d8 ED91      		ld r30,X+
 1935 02da FC91      		ld r31,X
 1936 02dc 8381      		ldd r24,Z+3
 1937 02de 8370      		andi r24,lo8(3)
 1938 02e0 01F0      		breq .L132
 1939 02e2 F801      		movw r30,r16
 1940 02e4 8381      		ldd r24,Z+3
 1941 02e6 82FF      		sbrs r24,2
 1942 02e8 00C0      		rjmp .L132
 1943 02ea B801      		movw r22,r16
 1944 02ec C101      		movw r24,r2
 1945 02ee 0E94 0000 		call luaC_barrierback
 1946               	.L132:
 1947 02f2 C701      		movw r24,r14
 1948               	.L129:
 1949               	/* epilogue start */
 1950 02f4 A496      		adiw r28,36
 1951 02f6 0FB6      		in __tmp_reg__,__SREG__
 1952 02f8 F894      		cli
 1953 02fa DEBF      		out __SP_H__,r29
 1954 02fc 0FBE      		out __SREG__,__tmp_reg__
 1955 02fe CDBF      		out __SP_L__,r28
 1956 0300 DF91      		pop r29
 1957 0302 CF91      		pop r28
 1958 0304 1F91      		pop r17
 1959 0306 0F91      		pop r16
 1960 0308 FF90      		pop r15
 1961 030a EF90      		pop r14
 1962 030c DF90      		pop r13
 1963 030e CF90      		pop r12
 1964 0310 BF90      		pop r11
 1965 0312 AF90      		pop r10
 1966 0314 9F90      		pop r9
 1967 0316 8F90      		pop r8
 1968 0318 7F90      		pop r7
 1969 031a 6F90      		pop r6
 1970 031c 5F90      		pop r5
 1971 031e 4F90      		pop r4
 1972 0320 3F90      		pop r3
 1973 0322 2F90      		pop r2
 1974 0324 0895      		ret
 1975               		.size	newkey, .-newkey
 1976               		.section	.rodata.str1.1
 1977               	.LC2:
 1978 0025 7461 626C 		.string	"table index is nil"
 1978      6520 696E 
 1978      6465 7820 
 1978      6973 206E 
 1978      696C 00
 1979               		.section	.text.luaH_set,"ax",@progbits
 1980               	.global	luaH_set
 1981               		.hidden	luaH_set
 1982               		.type	luaH_set, @function
 1983               	luaH_set:
 1984 0000 EF92      		push r14
GAS LISTING /tmp/ccyzAfev.s 			page 36


 1985 0002 FF92      		push r15
 1986 0004 0F93      		push r16
 1987 0006 1F93      		push r17
 1988 0008 CF93      		push r28
 1989 000a DF93      		push r29
 1990               	/* prologue: function */
 1991               	/* frame size = 0 */
 1992               	/* stack size = 6 */
 1993               	.L__stack_usage = 6
 1994 000c 7C01      		movw r14,r24
 1995 000e EB01      		movw r28,r22
 1996 0010 8A01      		movw r16,r20
 1997 0012 BA01      		movw r22,r20
 1998 0014 CE01      		movw r24,r28
 1999 0016 0E94 0000 		call luaH_get
 2000 001a 1C82      		std Y+4,__zero_reg__
 2001 001c 20E0      		ldi r18,hi8(luaO_nilobject_)
 2002 001e 8030      		cpi r24,lo8(luaO_nilobject_)
 2003 0020 9207      		cpc r25,r18
 2004 0022 01F4      		brne .L162
 2005 0024 F801      		movw r30,r16
 2006 0026 8481      		ldd r24,Z+4
 2007 0028 9581      		ldd r25,Z+5
 2008 002a 892B      		or r24,r25
 2009 002c 01F4      		brne .L163
 2010 002e 80E0      		ldi r24,lo8(.LC2)
 2011 0030 90E0      		ldi r25,hi8(.LC2)
 2012 0032 9F93      		push r25
 2013 0034 8F93      		push r24
 2014 0036 FF92      		push r15
 2015 0038 EF92      		push r14
 2016 003a 0E94 0000 		call luaG_runerror
 2017 003e 0F90      		pop __tmp_reg__
 2018 0040 0F90      		pop __tmp_reg__
 2019 0042 0F90      		pop __tmp_reg__
 2020 0044 0F90      		pop __tmp_reg__
 2021               	.L163:
 2022 0046 A801      		movw r20,r16
 2023 0048 BE01      		movw r22,r28
 2024 004a C701      		movw r24,r14
 2025               	/* epilogue start */
 2026 004c DF91      		pop r29
 2027 004e CF91      		pop r28
 2028 0050 1F91      		pop r17
 2029 0052 0F91      		pop r16
 2030 0054 FF90      		pop r15
 2031 0056 EF90      		pop r14
 2032 0058 0C94 0000 		jmp newkey
 2033               	.L162:
 2034               	/* epilogue start */
 2035 005c DF91      		pop r29
 2036 005e CF91      		pop r28
 2037 0060 1F91      		pop r17
 2038 0062 0F91      		pop r16
 2039 0064 FF90      		pop r15
 2040 0066 EF90      		pop r14
 2041 0068 0895      		ret
GAS LISTING /tmp/ccyzAfev.s 			page 37


 2042               		.size	luaH_set, .-luaH_set
 2043               		.section	.text.luaH_setstr,"ax",@progbits
 2044               	.global	luaH_setstr
 2045               		.hidden	luaH_setstr
 2046               		.type	luaH_setstr, @function
 2047               	luaH_setstr:
 2048 0000 CF92      		push r12
 2049 0002 DF92      		push r13
 2050 0004 EF92      		push r14
 2051 0006 FF92      		push r15
 2052 0008 0F93      		push r16
 2053 000a 1F93      		push r17
 2054 000c CF93      		push r28
 2055 000e DF93      		push r29
 2056 0010 00D0      		rcall .
 2057 0012 00D0      		rcall .
 2058 0014 CDB7      		in r28,__SP_L__
 2059 0016 DEB7      		in r29,__SP_H__
 2060               	/* prologue: function */
 2061               	/* frame size = 6 */
 2062               	/* stack size = 14 */
 2063               	.L__stack_usage = 14
 2064 0018 6C01      		movw r12,r24
 2065 001a 8B01      		movw r16,r22
 2066 001c 7A01      		movw r14,r20
 2067 001e BA01      		movw r22,r20
 2068 0020 C801      		movw r24,r16
 2069 0022 0E94 0000 		call luaH_getstr
 2070 0026 9C01      		movw r18,r24
 2071 0028 80E0      		ldi r24,hi8(luaO_nilobject_)
 2072 002a 2030      		cpi r18,lo8(luaO_nilobject_)
 2073 002c 3807      		cpc r19,r24
 2074 002e 01F4      		brne .L166
 2075 0030 FA82      		std Y+2,r15
 2076 0032 E982      		std Y+1,r14
 2077 0034 86E0      		ldi r24,lo8(6)
 2078 0036 90E0      		ldi r25,0
 2079 0038 9E83      		std Y+6,r25
 2080 003a 8D83      		std Y+5,r24
 2081 003c AE01      		movw r20,r28
 2082 003e 4F5F      		subi r20,-1
 2083 0040 5F4F      		sbci r21,-1
 2084 0042 B801      		movw r22,r16
 2085 0044 C601      		movw r24,r12
 2086 0046 0E94 0000 		call newkey
 2087 004a 00C0      		rjmp .L165
 2088               	.L166:
 2089 004c C901      		movw r24,r18
 2090               	.L165:
 2091               	/* epilogue start */
 2092 004e 2696      		adiw r28,6
 2093 0050 0FB6      		in __tmp_reg__,__SREG__
 2094 0052 F894      		cli
 2095 0054 DEBF      		out __SP_H__,r29
 2096 0056 0FBE      		out __SREG__,__tmp_reg__
 2097 0058 CDBF      		out __SP_L__,r28
 2098 005a DF91      		pop r29
GAS LISTING /tmp/ccyzAfev.s 			page 38


 2099 005c CF91      		pop r28
 2100 005e 1F91      		pop r17
 2101 0060 0F91      		pop r16
 2102 0062 FF90      		pop r15
 2103 0064 EF90      		pop r14
 2104 0066 DF90      		pop r13
 2105 0068 CF90      		pop r12
 2106 006a 0895      		ret
 2107               		.size	luaH_setstr, .-luaH_setstr
 2108               		.section	.text.luaH_getn,"ax",@progbits
 2109               	.global	luaH_getn
 2110               		.hidden	luaH_getn
 2111               		.type	luaH_getn, @function
 2112               	luaH_getn:
 2113 0000 CF92      		push r12
 2114 0002 DF92      		push r13
 2115 0004 EF92      		push r14
 2116 0006 FF92      		push r15
 2117 0008 0F93      		push r16
 2118 000a 1F93      		push r17
 2119 000c CF93      		push r28
 2120 000e DF93      		push r29
 2121               	/* prologue: function */
 2122               	/* frame size = 0 */
 2123               	/* stack size = 8 */
 2124               	.L__stack_usage = 8
 2125 0010 7C01      		movw r14,r24
 2126 0012 FC01      		movw r30,r24
 2127 0014 C089      		ldd r28,Z+16
 2128 0016 D189      		ldd r29,Z+17
 2129 0018 CE01      		movw r24,r28
 2130 001a 2097      		sbiw r28,0
 2131 001c 01F0      		breq .L168
 2132 001e 4085      		ldd r20,Z+8
 2133 0020 5185      		ldd r21,Z+9
 2134 0022 26E0      		ldi r18,lo8(6)
 2135 0024 2C9F      		mul r18,r28
 2136 0026 F001      		movw r30,r0
 2137 0028 2D9F      		mul r18,r29
 2138 002a F00D      		add r31,r0
 2139 002c 1124      		clr __zero_reg__
 2140 002e E40F      		add r30,r20
 2141 0030 F51F      		adc r31,r21
 2142 0032 3697      		sbiw r30,6
 2143 0034 2481      		ldd r18,Z+4
 2144 0036 3581      		ldd r19,Z+5
 2145 0038 232B      		or r18,r19
 2146 003a 01F4      		brne .L168
 2147 003c 80E0      		ldi r24,0
 2148 003e 90E0      		ldi r25,0
 2149 0040 66E0      		ldi r22,lo8(6)
 2150               	.L170:
 2151 0042 9E01      		movw r18,r28
 2152 0044 281B      		sub r18,r24
 2153 0046 390B      		sbc r19,r25
 2154 0048 2230      		cpi r18,2
 2155 004a 3105      		cpc r19,__zero_reg__
GAS LISTING /tmp/ccyzAfev.s 			page 39


 2156 004c 00F4      		brsh .+2
 2157 004e 00C0      		rjmp .L173
 2158 0050 9E01      		movw r18,r28
 2159 0052 280F      		add r18,r24
 2160 0054 391F      		adc r19,r25
 2161 0056 3695      		lsr r19
 2162 0058 2795      		ror r18
 2163 005a 629F      		mul r22,r18
 2164 005c F001      		movw r30,r0
 2165 005e 639F      		mul r22,r19
 2166 0060 F00D      		add r31,r0
 2167 0062 1124      		clr __zero_reg__
 2168 0064 E40F      		add r30,r20
 2169 0066 F51F      		adc r31,r21
 2170 0068 3697      		sbiw r30,6
 2171 006a 0480      		ldd __tmp_reg__,Z+4
 2172 006c F581      		ldd r31,Z+5
 2173 006e E02D      		mov r30,__tmp_reg__
 2174 0070 EF2B      		or r30,r31
 2175 0072 01F0      		breq .L181
 2176 0074 C901      		movw r24,r18
 2177 0076 00C0      		rjmp .L170
 2178               	.L181:
 2179 0078 E901      		movw r28,r18
 2180 007a 00C0      		rjmp .L170
 2181               	.L168:
 2182 007c F701      		movw r30,r14
 2183 007e 2285      		ldd r18,Z+10
 2184 0080 3385      		ldd r19,Z+11
 2185 0082 2050      		subi r18,lo8(dummynode_)
 2186 0084 3040      		sbci r19,hi8(dummynode_)
 2187 0086 01F0      		breq .L173
 2188 0088 8E01      		movw r16,r28
 2189 008a 0F5F      		subi r16,-1
 2190 008c 1F4F      		sbci r17,-1
 2191               	.L174:
 2192 008e B801      		movw r22,r16
 2193 0090 C701      		movw r24,r14
 2194 0092 0E94 0000 		call luaH_getnum
 2195 0096 FC01      		movw r30,r24
 2196 0098 8481      		ldd r24,Z+4
 2197 009a 9581      		ldd r25,Z+5
 2198 009c 892B      		or r24,r25
 2199 009e 01F0      		breq .L178
 2200 00a0 C801      		movw r24,r16
 2201 00a2 880F      		lsl r24
 2202 00a4 991F      		rol r25
 2203 00a6 E801      		movw r28,r16
 2204 00a8 8E3F      		cpi r24,-2
 2205 00aa 2FE7      		ldi r18,127
 2206 00ac 9207      		cpc r25,r18
 2207 00ae 00F0      		brlo .L182
 2208 00b0 C1E0      		ldi r28,lo8(1)
 2209 00b2 D0E0      		ldi r29,0
 2210               	.L175:
 2211 00b4 BE01      		movw r22,r28
 2212 00b6 C701      		movw r24,r14
GAS LISTING /tmp/ccyzAfev.s 			page 40


 2213 00b8 0E94 0000 		call luaH_getnum
 2214 00bc FC01      		movw r30,r24
 2215 00be 8481      		ldd r24,Z+4
 2216 00c0 9581      		ldd r25,Z+5
 2217 00c2 892B      		or r24,r25
 2218 00c4 01F0      		breq .L192
 2219 00c6 2196      		adiw r28,1
 2220 00c8 00C0      		rjmp .L175
 2221               	.L192:
 2222 00ca CE01      		movw r24,r28
 2223 00cc 0197      		sbiw r24,1
 2224 00ce 00C0      		rjmp .L173
 2225               	.L182:
 2226 00d0 8C01      		movw r16,r24
 2227 00d2 00C0      		rjmp .L174
 2228               	.L180:
 2229 00d4 6801      		movw r12,r16
 2230 00d6 CC0E      		add r12,r28
 2231 00d8 DD1E      		adc r13,r29
 2232 00da D694      		lsr r13
 2233 00dc C794      		ror r12
 2234 00de B601      		movw r22,r12
 2235 00e0 C701      		movw r24,r14
 2236 00e2 0E94 0000 		call luaH_getnum
 2237 00e6 FC01      		movw r30,r24
 2238 00e8 8481      		ldd r24,Z+4
 2239 00ea 9581      		ldd r25,Z+5
 2240 00ec 892B      		or r24,r25
 2241 00ee 01F0      		breq .L179
 2242 00f0 E601      		movw r28,r12
 2243 00f2 6801      		movw r12,r16
 2244               	.L179:
 2245 00f4 8601      		movw r16,r12
 2246               	.L178:
 2247 00f6 C801      		movw r24,r16
 2248 00f8 8C1B      		sub r24,r28
 2249 00fa 9D0B      		sbc r25,r29
 2250 00fc 0297      		sbiw r24,2
 2251 00fe 00F4      		brsh .L180
 2252 0100 CE01      		movw r24,r28
 2253               	.L173:
 2254               	/* epilogue start */
 2255 0102 DF91      		pop r29
 2256 0104 CF91      		pop r28
 2257 0106 1F91      		pop r17
 2258 0108 0F91      		pop r16
 2259 010a FF90      		pop r15
 2260 010c EF90      		pop r14
 2261 010e DF90      		pop r13
 2262 0110 CF90      		pop r12
 2263 0112 0895      		ret
 2264               		.size	luaH_getn, .-luaH_getn
 2265               		.section	.rodata
 2266               		.type	dummynode_, @object
 2267               		.size	dummynode_, 14
 2268               	dummynode_:
 2269 0000 0000 0000 		.zero	14
GAS LISTING /tmp/ccyzAfev.s 			page 41


 2269      0000 0000 
 2269      0000 0000 
 2269      0000 
 2270               		.hidden	luaC_barrierback
 2271               		.hidden	luaO_nilobject_
 2272               		.hidden	luaC_link
 2273               		.hidden	luaO_rawequalObj
 2274               		.hidden	luaG_runerror
 2275               		.hidden	luaO_log2
 2276               		.hidden	luaM_toobig
 2277               		.hidden	luaM_realloc_
 2278               		.ident	"GCC: (GNU) 5.3.0"
 2279               	.global __do_copy_data
GAS LISTING /tmp/ccyzAfev.s 			page 42


DEFINED SYMBOLS
                            *ABS*:0000000000000000 ltable.c
     /tmp/ccyzAfev.s:2      *ABS*:000000000000003e __SP_H__
     /tmp/ccyzAfev.s:3      *ABS*:000000000000003d __SP_L__
     /tmp/ccyzAfev.s:4      *ABS*:000000000000003f __SREG__
     /tmp/ccyzAfev.s:5      *ABS*:000000000000003b __RAMPZ__
     /tmp/ccyzAfev.s:6      *ABS*:0000000000000000 __tmp_reg__
     /tmp/ccyzAfev.s:7      *ABS*:0000000000000001 __zero_reg__
     /tmp/ccyzAfev.s:10     .text.setarrayvector:0000000000000000 setarrayvector
     /tmp/ccyzAfev.s:92     .text.setnodevector:0000000000000000 setnodevector
     /tmp/ccyzAfev.s:2268   .rodata:0000000000000000 dummynode_
     /tmp/ccyzAfev.s:230    .text.hashnum.part.0:0000000000000000 hashnum.part.0
     /tmp/ccyzAfev.s:267    .text.mainposition:0000000000000000 mainposition
     /tmp/ccyzAfev.s:416    .text.countint:0000000000000000 countint
     /tmp/ccyzAfev.s:484    .text.luaH_next:0000000000000000 luaH_next
     /tmp/ccyzAfev.s:780    .text.luaH_new:0000000000000000 luaH_new
     /tmp/ccyzAfev.s:845    .text.luaH_free:0000000000000000 luaH_free
     /tmp/ccyzAfev.s:908    .text.luaH_getnum:0000000000000000 luaH_getnum
     /tmp/ccyzAfev.s:999    .text.luaH_getstr:0000000000000000 luaH_getstr
     /tmp/ccyzAfev.s:1062   .text.luaH_get:0000000000000000 luaH_get
     /tmp/ccyzAfev.s:1167   .text.luaH_setnum:0000000000000000 luaH_setnum
     /tmp/ccyzAfev.s:1543   .text.newkey:0000000000000000 newkey
     /tmp/ccyzAfev.s:1236   .text.resize:0000000000000000 resize
     /tmp/ccyzAfev.s:1983   .text.luaH_set:0000000000000000 luaH_set
     /tmp/ccyzAfev.s:1512   .text.luaH_resizearray:0000000000000000 luaH_resizearray
     /tmp/ccyzAfev.s:2047   .text.luaH_setstr:0000000000000000 luaH_setstr
     /tmp/ccyzAfev.s:2112   .text.luaH_getn:0000000000000000 luaH_getn

UNDEFINED SYMBOLS
luaM_realloc_
luaM_toobig
luaO_log2
luaG_runerror
__udivmodhi4
luaO_rawequalObj
luaC_link
luaO_nilobject_
luaC_barrierback
__do_copy_data
